Clock: clk
Sources: clk 
Generated: no
Virtual: yes
Propagated: no
Period: 10.000000

===========================================================================
report_clock_properties
============================================================================
Clock                   Period          Waveform
----------------------------------------------------
clk                  10.000000    0.000000  5.000000

===========================================================================
report_clock_latency
============================================================================
Clock clk
rise -> rise
    min     max
0.000000 0.000000 source latency
0.195175         network latency _612_/CLK
        0.206536 network latency _603_/CLK
---------------
0.195175 0.206536 latency
        0.011361 skew

fall -> fall
    min     max
0.000000 0.000000 source latency
0.208843         network latency _612_/CLK
        0.217674 network latency _603_/CLK
---------------
0.208843 0.217674 latency
        0.008831 skew



===========================================================================
report_clock_min_period
============================================================================
clk period_min = 2.64 fmax = 378.80
