Clock: wb_clk
Sources: wb_clk_i 
Generated: no
Virtual: yes
Propagated: no
Period: 10.000000

===========================================================================
report_clock_properties
============================================================================
Clock                   Period          Waveform
----------------------------------------------------
wb_clk               10.000000    0.000000  5.000000

===========================================================================
report_clock_latency
============================================================================
Clock wb_clk
rise -> rise
    min     max
0.000000 0.000000 source latency
0.398527         network latency _355_/CLK
        0.440339 network latency _323_/CLK
---------------
0.398527 0.440339 latency
        0.041812 skew

fall -> fall
    min     max
0.000000 0.000000 source latency
0.388167         network latency _355_/CLK
        0.419557 network latency _323_/CLK
---------------
0.388167 0.419557 latency
        0.031390 skew



===========================================================================
report_clock_min_period
============================================================================
wb_clk period_min = 3.22 fmax = 310.67
