Clock: wb_clk
Sources: wb_clk_i 
Generated: no
Virtual: yes
Propagated: no
Period: 10.000000

===========================================================================
report_clock_properties
============================================================================
Clock                   Period          Waveform
----------------------------------------------------
wb_clk               10.000000    0.000000  5.000000

===========================================================================
report_clock_latency
============================================================================
Clock wb_clk
rise -> rise
    min     max
0.000000 0.000000 source latency
0.679890         network latency _355_/CLK
        0.744653 network latency _323_/CLK
---------------
0.679890 0.744653 latency
        0.064762 skew

fall -> fall
    min     max
0.000000 0.000000 source latency
0.668038         network latency _355_/CLK
        0.718898 network latency _323_/CLK
---------------
0.668038 0.718898 latency
        0.050860 skew



===========================================================================
report_clock_min_period
============================================================================
wb_clk period_min = 6.50 fmax = 153.80
