Clock: wb_clk
Sources: wb_clk_i 
Generated: no
Virtual: yes
Propagated: no
Period: 10.000000

===========================================================================
report_clock_properties
============================================================================
Clock                   Period          Waveform
----------------------------------------------------
wb_clk               10.000000    0.000000  5.000000

===========================================================================
report_clock_latency
============================================================================
Clock wb_clk
rise -> rise
    min     max
0.000000 0.000000 source latency
0.475044         network latency _652_/CLK
        0.520688 network latency _665_/CLK
---------------
0.475044 0.520688 latency
        0.045645 skew

fall -> fall
    min     max
0.000000 0.000000 source latency
0.433773         network latency _652_/CLK
        0.467463 network latency _665_/CLK
---------------
0.433773 0.467463 latency
        0.033689 skew



===========================================================================
report_clock_min_period
============================================================================
wb_clk period_min = 3.37 fmax = 296.83
