Clock: clk
Sources: clk 
Generated: no
Virtual: yes
Propagated: no
Period: 10.000000

===========================================================================
report_clock_properties
============================================================================
Clock                   Period          Waveform
----------------------------------------------------
clk                  10.000000    0.000000  5.000000

===========================================================================
report_clock_latency
============================================================================
Clock clk
rise -> rise
    min     max
0.000000 0.000000 source latency
0.442320         network latency _3300_/CLK
        0.476249 network latency _3241_/CLK
---------------
0.442320 0.476249 latency
        0.033929 skew

fall -> fall
    min     max
0.000000 0.000000 source latency
0.422395         network latency _3300_/CLK
        0.451443 network latency _2985_/CLK
---------------
0.422395 0.451443 latency
        0.029049 skew



===========================================================================
report_clock_min_period
============================================================================
clk period_min = 3.42 fmax = 292.31
