Clock: clk
Sources: clk 
Generated: no
Virtual: yes
Propagated: no
Period: 10.000000

===========================================================================
report_clock_properties
============================================================================
Clock                   Period          Waveform
----------------------------------------------------
clk                  10.000000    0.000000  5.000000

===========================================================================
report_clock_latency
============================================================================
Clock clk
rise -> rise
    min     max
0.000000 0.000000 source latency
0.357538         network latency _1493_/CLK
        0.400126 network latency _1368_/CLK
---------------
0.357538 0.400126 latency
        0.042588 skew

fall -> fall
    min     max
0.000000 0.000000 source latency
0.359962         network latency _1493_/CLK
        0.391963 network latency _1332_/CLK
---------------
0.359962 0.391963 latency
        0.032001 skew



===========================================================================
report_clock_min_period
============================================================================
clk period_min = 3.05 fmax = 328.24
