Clock: clk
Sources: clk 
Generated: no
Virtual: yes
Propagated: no
Period: 10.000000

===========================================================================
report_clock_properties
============================================================================
Clock                   Period          Waveform
----------------------------------------------------
clk                  10.000000    0.000000  5.000000

===========================================================================
report_clock_latency
============================================================================
Clock clk
rise -> rise
    min     max
0.000000 0.000000 source latency
0.341770         network latency _1493_/CLK
        0.375799 network latency _1368_/CLK
---------------
0.341770 0.375799 latency
        0.034030 skew

fall -> fall
    min     max
0.000000 0.000000 source latency
0.346219         network latency _1493_/CLK
        0.370074 network latency _1368_/CLK
---------------
0.346219 0.370074 latency
        0.023855 skew



===========================================================================
report_clock_min_period
============================================================================
clk period_min = 2.99 fmax = 334.91
