
===========================================================================
report_checks -unconstrained
===========================================================================
======================= nom_ff_n40C_1v95 Corner ===================================

Startpoint: wb_cyc_i (input port clocked by wb_clk)
Endpoint: _597_ (rising edge-triggered flip-flop clocked by wb_clk)
Path Group: wb_clk
Path Type: max

Fanout         Cap        Slew       Delay        Time   Description
---------------------------------------------------------------------------------------------
                                  0.000000    0.000000   clock wb_clk (rise edge)
                                  0.000000    0.000000   clock network delay (propagated)
                                  2.000000    2.000000 ^ input external delay
     2    0.006192    0.200000    0.000000    2.000000 ^ wb_cyc_i (in)
                                                         wb_cyc_i (net)
                      0.200140    0.000070    2.000070 ^ hold175/A (sky130_fd_sc_hd__dlygate4sd3_1)
     1    0.004381    0.047975    0.401190    2.401260 ^ hold175/X (sky130_fd_sc_hd__dlygate4sd3_1)
                                                         net450 (net)
                      0.047975    0.000152    2.401412 ^ input68/A (sky130_fd_sc_hd__buf_1)
     4    0.020844    0.185190    0.160859    2.562271 ^ input68/X (sky130_fd_sc_hd__buf_1)
                                                         net68 (net)
                      0.185194    0.000742    2.563014 ^ _516_/B (sky130_fd_sc_hd__and4b_2)
     5    0.027599    0.120445    0.220694    2.783707 ^ _516_/X (sky130_fd_sc_hd__and4b_2)
                                                         _137_ (net)
                      0.120445    0.000341    2.784049 ^ hold282/A (sky130_fd_sc_hd__dlygate4sd3_1)
     1    0.008211    0.074090    0.416347    3.200395 ^ hold282/X (sky130_fd_sc_hd__dlygate4sd3_1)
                                                         net557 (net)
                      0.074090    0.000333    3.200728 ^ fanout261/A (sky130_fd_sc_hd__buf_6)
    27    0.131497    0.197032    0.186179    3.386908 ^ fanout261/X (sky130_fd_sc_hd__buf_6)
                                                         net261 (net)
                      0.198500    0.013731    3.400638 ^ _335_/B (sky130_fd_sc_hd__or2_1)
     1    0.003754    0.037348    0.082321    3.482959 ^ _335_/X (sky130_fd_sc_hd__or2_1)
                                                         _187_ (net)
                      0.037349    0.000130    3.483088 ^ hold133/A (sky130_fd_sc_hd__dlygate4sd3_1)
     1    0.003499    0.041871    0.376612    3.859701 ^ hold133/X (sky130_fd_sc_hd__dlygate4sd3_1)
                                                         net408 (net)
                      0.041871    0.000079    3.859779 ^ _336_/C1 (sky130_fd_sc_hd__o211a_1)
     1    0.004034    0.037259    0.070734    3.930513 ^ _336_/X (sky130_fd_sc_hd__o211a_1)
                                                         _045_ (net)
                      0.037259    0.000138    3.930651 ^ hold134/A (sky130_fd_sc_hd__dlygate4sd3_1)
     1    0.002349    0.034668    0.369231    4.299882 ^ hold134/X (sky130_fd_sc_hd__dlygate4sd3_1)
                                                         net409 (net)
                      0.034668    0.000069    4.299951 ^ _597_/D (sky130_fd_sc_hd__dfxtp_1)
                                              4.299951   data arrival time

                                 10.000000   10.000000   clock wb_clk (rise edge)
                                  0.000000   10.000000   clock source latency
     2    0.038691    0.000000    0.000000   10.000000 ^ wb_clk_i (in)
                                                         wb_clk_i (net)
                      0.009381    0.004690   10.004691 ^ clkbuf_0_wb_clk_i/A (sky130_fd_sc_hd__clkbuf_16)
    33    0.244134    0.197328    0.188531   10.193222 ^ clkbuf_0_wb_clk_i/X (sky130_fd_sc_hd__clkbuf_16)
                                                         clknet_0_wb_clk_i (net)
                      0.203372    0.027343   10.220565 ^ clkbuf_4_1_0_wb_clk_i/A (sky130_fd_sc_hd__clkbuf_8)
     8    0.035839    0.058919    0.138987   10.359551 ^ clkbuf_4_1_0_wb_clk_i/X (sky130_fd_sc_hd__clkbuf_8)
                                                         clknet_4_1_0_wb_clk_i (net)
                      0.059178    0.002704   10.362255 ^ _597_/CLK (sky130_fd_sc_hd__dfxtp_1)
                                 -0.250000   10.112255   clock uncertainty
                                  0.000000   10.112255   clock reconvergence pessimism
                                 -0.028426   10.083829   library setup time
                                             10.083829   data required time
---------------------------------------------------------------------------------------------
                                             10.083829   data required time
                                             -4.299951   data arrival time
---------------------------------------------------------------------------------------------
                                              5.783878   slack (MET)




===========================================================================
report_checks --slack_max -0.01
============================================================================
======================= nom_ff_n40C_1v95 Corner ===================================

No paths found.


===========================================================================
 report_check_types -max_slew -max_cap -max_fanout -violators
============================================================================
======================= nom_ff_n40C_1v95 Corner ===================================

max fanout

Pin                                   Limit Fanout  Slack
---------------------------------------------------------
clkbuf_0_wb_clk_i/X                      16     33    -17 (VIOLATED)
fanout243/X                              16     33    -17 (VIOLATED)
fanout244/X                              16     33    -17 (VIOLATED)
fanout245/X                              16     33    -17 (VIOLATED)
fanout246/X                              16     33    -17 (VIOLATED)
fanout247/X                              16     33    -17 (VIOLATED)
fanout250/X                              16     33    -17 (VIOLATED)
fanout253/X                              16     33    -17 (VIOLATED)
fanout256/X                              16     33    -17 (VIOLATED)
fanout259/X                              16     33    -17 (VIOLATED)
fanout262/X                              16     33    -17 (VIOLATED)
fanout265/X                              16     33    -17 (VIOLATED)
fanout266/X                              16     33    -17 (VIOLATED)
fanout267/X                              16     33    -17 (VIOLATED)
fanout268/X                              16     33    -17 (VIOLATED)
fanout270/X                              16     33    -17 (VIOLATED)
fanout271/X                              16     33    -17 (VIOLATED)
fanout272/X                              16     33    -17 (VIOLATED)
fanout273/X                              16     33    -17 (VIOLATED)
fanout274/X                              16     33    -17 (VIOLATED)
fanout275/X                              16     33    -17 (VIOLATED)
fanout261/X                              16     27    -11 (VIOLATED)
fanout252/X                              16     25     -9 (VIOLATED)
clkbuf_4_7_0_wb_clk_i/X                  16     23     -7 (VIOLATED)
clkbuf_4_8_0_wb_clk_i/X                  16     23     -7 (VIOLATED)
fanout260/X                              16     23     -7 (VIOLATED)
fanout269/X                              16     23     -7 (VIOLATED)
fanout249/X                              16     21     -5 (VIOLATED)
fanout255/X                              16     21     -5 (VIOLATED)
fanout257/X                              16     21     -5 (VIOLATED)
fanout263/X                              16     21     -5 (VIOLATED)
fanout258/X                              16     19     -3 (VIOLATED)
fanout264/X                              16     19     -3 (VIOLATED)
fanout251/X                              16     17        (VIOLATED)



===========================================================================
report_parasitic_annotation -report_unannotated
============================================================================
Found 15 unannotated drivers.
 clkload0/Y
 clkload1/Y
 clkload10/X
 clkload11/X
 clkload12/X
 clkload13/Y
 clkload14/Y
 clkload2/X
 clkload3/X
 clkload4/Y
 clkload5/X
 clkload6/X
 clkload7/X
 clkload8/X
 clkload9/Y
Found 0 partially unannotated drivers.

===========================================================================
max slew violation count 0
max fanout violation count 34
max cap violation count 0
============================================================================

===========================================================================
check_setup -verbose -unconstrained_endpoints -multiple_clock -no_clock -no_input_delay -loops -generated_clocks
===========================================================================
Warning: There are 36 input ports missing set_input_delay.
  mem_rdata[0]
  mem_rdata[10]
  mem_rdata[11]
  mem_rdata[12]
  mem_rdata[13]
  mem_rdata[14]
  mem_rdata[15]
  mem_rdata[16]
  mem_rdata[17]
  mem_rdata[18]
  mem_rdata[19]
  mem_rdata[1]
  mem_rdata[20]
  mem_rdata[21]
  mem_rdata[22]
  mem_rdata[23]
  mem_rdata[24]
  mem_rdata[25]
  mem_rdata[26]
  mem_rdata[27]
  mem_rdata[28]
  mem_rdata[29]
  mem_rdata[2]
  mem_rdata[30]
  mem_rdata[31]
  mem_rdata[3]
  mem_rdata[4]
  mem_rdata[5]
  mem_rdata[6]
  mem_rdata[7]
  mem_rdata[8]
  mem_rdata[9]
  mem_rdy
  mem_wr_data_ack
  up_soft_reset
  wb_rst_i
Warning: There are 102 unconstrained endpoints.
  mem_raddr[0]
  mem_raddr[10]
  mem_raddr[11]
  mem_raddr[12]
  mem_raddr[13]
  mem_raddr[14]
  mem_raddr[15]
  mem_raddr[16]
  mem_raddr[17]
  mem_raddr[18]
  mem_raddr[19]
  mem_raddr[1]
  mem_raddr[20]
  mem_raddr[21]
  mem_raddr[22]
  mem_raddr[23]
  mem_raddr[24]
  mem_raddr[25]
  mem_raddr[26]
  mem_raddr[27]
  mem_raddr[28]
  mem_raddr[29]
  mem_raddr[2]
  mem_raddr[30]
  mem_raddr[31]
  mem_raddr[3]
  mem_raddr[4]
  mem_raddr[5]
  mem_raddr[6]
  mem_raddr[7]
  mem_raddr[8]
  mem_raddr[9]
  mem_re
  mem_waddr[0]
  mem_waddr[10]
  mem_waddr[11]
  mem_waddr[12]
  mem_waddr[13]
  mem_waddr[14]
  mem_waddr[15]
  mem_waddr[16]
  mem_waddr[17]
  mem_waddr[18]
  mem_waddr[19]
  mem_waddr[1]
  mem_waddr[20]
  mem_waddr[21]
  mem_waddr[22]
  mem_waddr[23]
  mem_waddr[24]
  mem_waddr[25]
  mem_waddr[26]
  mem_waddr[27]
  mem_waddr[28]
  mem_waddr[29]
  mem_waddr[2]
  mem_waddr[30]
  mem_waddr[31]
  mem_waddr[3]
  mem_waddr[4]
  mem_waddr[5]
  mem_waddr[6]
  mem_waddr[7]
  mem_waddr[8]
  mem_waddr[9]
  mem_wdata[0]
  mem_wdata[10]
  mem_wdata[11]
  mem_wdata[12]
  mem_wdata[13]
  mem_wdata[14]
  mem_wdata[15]
  mem_wdata[16]
  mem_wdata[17]
  mem_wdata[18]
  mem_wdata[19]
  mem_wdata[1]
  mem_wdata[20]
  mem_wdata[21]
  mem_wdata[22]
  mem_wdata[23]
  mem_wdata[24]
  mem_wdata[25]
  mem_wdata[26]
  mem_wdata[27]
  mem_wdata[28]
  mem_wdata[29]
  mem_wdata[2]
  mem_wdata[30]
  mem_wdata[31]
  mem_wdata[3]
  mem_wdata[4]
  mem_wdata[5]
  mem_wdata[6]
  mem_wdata[7]
  mem_wdata[8]
  mem_wdata[9]
  mem_we
  mem_wmask[0]
  mem_wmask[1]
  mem_wmask[2]
  mem_wmask[3]
