Clock: wb_clk
Sources: wb_clk_i 
Generated: no
Virtual: yes
Propagated: no
Period: 10.000000

===========================================================================
report_clock_properties
============================================================================
Clock                   Period          Waveform
----------------------------------------------------
wb_clk               10.000000    0.000000  5.000000

===========================================================================
report_clock_latency
============================================================================
Clock wb_clk
rise -> rise
    min     max
0.000000 0.000000 source latency
0.341237         network latency _652_/CLK
        0.378947 network latency _665_/CLK
---------------
0.341237 0.378947 latency
        0.037711 skew

fall -> fall
    min     max
0.000000 0.000000 source latency
0.316367         network latency _652_/CLK
        0.343777 network latency _665_/CLK
---------------
0.316367 0.343777 latency
        0.027410 skew



===========================================================================
report_clock_min_period
============================================================================
wb_clk period_min = 2.30 fmax = 435.32
