Clock: wb_clk
Sources: wb_clk_i 
Generated: no
Virtual: yes
Propagated: no
Period: 10.000000

===========================================================================
report_clock_properties
============================================================================
Clock                   Period          Waveform
----------------------------------------------------
wb_clk               10.000000    0.000000  5.000000

===========================================================================
report_clock_latency
============================================================================
Clock wb_clk
rise -> rise
    min     max
0.000000 0.000000 source latency
0.288955         network latency _355_/CLK
        0.323440 network latency _323_/CLK
---------------
0.288955 0.323440 latency
        0.034485 skew

fall -> fall
    min     max
0.000000 0.000000 source latency
0.281387         network latency _355_/CLK
        0.306957 network latency _323_/CLK
---------------
0.281387 0.306957 latency
        0.025570 skew



===========================================================================
report_clock_min_period
============================================================================
wb_clk period_min = 2.16 fmax = 462.37
