Clock: clk
Sources: clk 
Generated: no
Virtual: yes
Propagated: no
Period: 10.000000

===========================================================================
report_clock_properties
============================================================================
Clock                   Period          Waveform
----------------------------------------------------
clk                  10.000000    0.000000  5.000000

===========================================================================
report_clock_latency
============================================================================
Clock clk
rise -> rise
    min     max
0.000000 0.000000 source latency
0.353859         network latency _0981_/CLK
        0.408818 network latency _0979_/CLK
---------------
0.353859 0.408818 latency
        0.054958 skew

fall -> fall
    min     max
0.000000 0.000000 source latency
0.324552         network latency _0981_/CLK
        0.364897 network latency _0979_/CLK
---------------
0.324552 0.364897 latency
        0.040345 skew



===========================================================================
report_clock_min_period
============================================================================
clk period_min = 1.00 fmax = 995.07
