Clock: clk
Sources: clk 
Generated: no
Virtual: yes
Propagated: no
Period: 10.000000

===========================================================================
report_clock_properties
============================================================================
Clock                   Period          Waveform
----------------------------------------------------
clk                  10.000000    0.000000  5.000000

===========================================================================
report_clock_latency
============================================================================
Clock clk
rise -> rise
    min     max
0.000000 0.000000 source latency
0.821275         network latency _0981_/CLK
        0.908018 network latency _0979_/CLK
---------------
0.821275 0.908018 latency
        0.086743 skew

fall -> fall
    min     max
0.000000 0.000000 source latency
0.757698         network latency _0981_/CLK
        0.820534 network latency _0979_/CLK
---------------
0.757698 0.820534 latency
        0.062836 skew



===========================================================================
report_clock_min_period
============================================================================
clk period_min = 3.59 fmax = 278.94
