
===========================================================================
report_checks -unconstrained
===========================================================================
======================= max_ss_100C_1v60 Corner ===================================

Startpoint: _1252_ (rising edge-triggered flip-flop clocked by clk)
Endpoint: _1261_ (rising edge-triggered flip-flop clocked by clk)
Path Group: clk
Path Type: max

Fanout         Cap        Slew       Delay        Time   Description
---------------------------------------------------------------------------------------------
                                  0.000000    0.000000   clock clk (rise edge)
                                  0.000000    0.000000   clock source latency
     2    0.036239    0.000000    0.000000    0.000000 ^ clk (in)
                                                         clk (net)
                      0.003868    0.001934    0.001934 ^ clkbuf_0_clk/A (sky130_fd_sc_hd__clkbuf_16)
     9    0.082419    0.151798    0.265188    0.267121 ^ clkbuf_0_clk/X (sky130_fd_sc_hd__clkbuf_16)
                                                         clknet_0_clk (net)
                      0.152241    0.005834    0.272955 ^ clkbuf_2_1__f_clk/A (sky130_fd_sc_hd__clkbuf_16)
    19    0.092941    0.166794    0.343245    0.616200 ^ clkbuf_2_1__f_clk/X (sky130_fd_sc_hd__clkbuf_16)
                                                         clknet_2_1__leaf_clk (net)
                      0.166864    0.003303    0.619503 ^ clkbuf_leaf_9_clk/A (sky130_fd_sc_hd__clkbuf_8)
     9    0.044615    0.140731    0.329752    0.949255 ^ clkbuf_leaf_9_clk/X (sky130_fd_sc_hd__clkbuf_8)
                                                         clknet_leaf_9_clk (net)
                      0.140767    0.002191    0.951446 ^ _1252_/CLK (sky130_fd_sc_hd__dfrtp_1)
     5    0.013682    0.165676    0.869039    1.820485 v _1252_/Q (sky130_fd_sc_hd__dfrtp_1)
                                                         uart_ip_memory_mapped_ctrl_fsm_i.inc_bytes_cnt[4] (net)
                      0.165677    0.000855    1.821340 v hold411/A (sky130_fd_sc_hd__dlygate4sd3_1)
     3    0.012252    0.196728    1.285491    3.106832 v hold411/X (sky130_fd_sc_hd__dlygate4sd3_1)
                                                         net536 (net)
                      0.196729    0.000803    3.107635 v _0637_/C (sky130_fd_sc_hd__or3_1)
     1    0.003365    0.141108    0.766600    3.874235 v _0637_/X (sky130_fd_sc_hd__or3_1)
                                                         _0414_ (net)
                      0.141108    0.000231    3.874466 v _0638_/C (sky130_fd_sc_hd__or3_2)
     4    0.018982    0.257586    1.157989    5.032455 v _0638_/X (sky130_fd_sc_hd__or3_2)
                                                         _0415_ (net)
                      0.257586    0.001701    5.034157 v _0639_/C (sky130_fd_sc_hd__or3_4)
     4    0.021768    0.168768    0.799847    5.834003 v _0639_/X (sky130_fd_sc_hd__or3_4)
                                                         _0416_ (net)
                      0.168776    0.001370    5.835374 v _0640_/B (sky130_fd_sc_hd__nor2_1)
     2    0.007527    0.258105    0.278450    6.113824 ^ _0640_/Y (sky130_fd_sc_hd__nor2_1)
                                                         _0417_ (net)
                      0.258106    0.000440    6.114264 ^ _0642_/B (sky130_fd_sc_hd__nand2_1)
     2    0.008928    0.168393    0.248722    6.362986 v _0642_/Y (sky130_fd_sc_hd__nand2_1)
                                                         _0419_ (net)
                      0.168393    0.000489    6.363475 v _0645_/B (sky130_fd_sc_hd__or3_1)
     1    0.010929    0.221118    0.945001    7.308475 v _0645_/X (sky130_fd_sc_hd__or3_1)
                                                         _0422_ (net)
                      0.221118    0.000755    7.309230 v fanout89/A (sky130_fd_sc_hd__buf_4)
    23    0.092122    0.213490    0.466394    7.775624 v fanout89/X (sky130_fd_sc_hd__buf_4)
                                                         net89 (net)
                      0.214534    0.012154    7.787778 v fanout87/A (sky130_fd_sc_hd__clkbuf_8)
    33    0.109146    0.215106    0.440104    8.227881 v fanout87/X (sky130_fd_sc_hd__clkbuf_8)
                                                         net87 (net)
                      0.217355    0.017930    8.245811 v _0877_/S (sky130_fd_sc_hd__mux2_1)
     1    0.004474    0.129582    0.775622    9.021434 v _0877_/X (sky130_fd_sc_hd__mux2_1)
                                                         _0080_ (net)
                      0.129582    0.000273    9.021707 v hold100/A (sky130_fd_sc_hd__dlygate4sd3_1)
     1    0.002864    0.106273    1.152880   10.174586 v hold100/X (sky130_fd_sc_hd__dlygate4sd3_1)
                                                         net225 (net)
                      0.106273    0.000212   10.174798 v _1261_/D (sky130_fd_sc_hd__dfrtp_1)
                                             10.174798   data arrival time

                                 10.000000   10.000000   clock clk (rise edge)
                                  0.000000   10.000000   clock source latency
     2    0.036239    0.000000    0.000000   10.000000 ^ clk (in)
                                                         clk (net)
                      0.003868    0.001934   10.001934 ^ clkbuf_0_clk/A (sky130_fd_sc_hd__clkbuf_16)
     9    0.082419    0.151798    0.265188   10.267121 ^ clkbuf_0_clk/X (sky130_fd_sc_hd__clkbuf_16)
                                                         clknet_0_clk (net)
                      0.152216    0.005634   10.272756 ^ clkbuf_2_0__f_clk/A (sky130_fd_sc_hd__clkbuf_16)
    19    0.093916    0.168400    0.342117   10.614872 ^ clkbuf_2_0__f_clk/X (sky130_fd_sc_hd__clkbuf_16)
                                                         clknet_2_0__leaf_clk (net)
                      0.168824    0.006819   10.621692 ^ clkbuf_leaf_0_clk/A (sky130_fd_sc_hd__clkbuf_8)
    15    0.047650    0.148087    0.336621   10.958313 ^ clkbuf_leaf_0_clk/X (sky130_fd_sc_hd__clkbuf_8)
                                                         clknet_leaf_0_clk (net)
                      0.148118    0.002099   10.960412 ^ _1261_/CLK (sky130_fd_sc_hd__dfrtp_1)
                                 -0.250000   10.710411   clock uncertainty
                                  0.000000   10.710411   clock reconvergence pessimism
                                 -0.270853   10.439559   library setup time
                                             10.439559   data required time
---------------------------------------------------------------------------------------------
                                             10.439559   data required time
                                            -10.174798   data arrival time
---------------------------------------------------------------------------------------------
                                              0.264761   slack (MET)




===========================================================================
report_checks --slack_max -0.01
============================================================================
======================= max_ss_100C_1v60 Corner ===================================

No paths found.


===========================================================================
 report_check_types -max_slew -max_cap -max_fanout -violators
============================================================================
======================= max_ss_100C_1v60 Corner ===================================

max fanout

Pin                                   Limit Fanout  Slack
---------------------------------------------------------
fanout100/X                              16     33    -17 (VIOLATED)
fanout101/X                              16     33    -17 (VIOLATED)
fanout102/X                              16     33    -17 (VIOLATED)
fanout103/X                              16     33    -17 (VIOLATED)
fanout118/X                              16     33    -17 (VIOLATED)
fanout119/X                              16     33    -17 (VIOLATED)
fanout121/X                              16     33    -17 (VIOLATED)
fanout122/X                              16     33    -17 (VIOLATED)
fanout123/X                              16     33    -17 (VIOLATED)
fanout87/X                               16     33    -17 (VIOLATED)
fanout90/X                               16     33    -17 (VIOLATED)
fanout91/X                               16     33    -17 (VIOLATED)
fanout92/X                               16     33    -17 (VIOLATED)
fanout94/X                               16     33    -17 (VIOLATED)
fanout95/X                               16     33    -17 (VIOLATED)
fanout96/X                               16     33    -17 (VIOLATED)
fanout97/X                               16     33    -17 (VIOLATED)
fanout98/X                               16     33    -17 (VIOLATED)
fanout99/X                               16     33    -17 (VIOLATED)
_1524_/Q                                 16     31    -15 (VIOLATED)
fanout120/X                              16     27    -11 (VIOLATED)
_1519_/Q                                 16     25     -9 (VIOLATED)
fanout117/X                              16     23     -7 (VIOLATED)
fanout125/X                              16     23     -7 (VIOLATED)
fanout89/X                               16     23     -7 (VIOLATED)
_1298_/Q                                 16     21     -5 (VIOLATED)
_1518_/Q                                 16     19     -3 (VIOLATED)
clkbuf_2_0__f_clk/X                      16     19     -3 (VIOLATED)
clkbuf_2_1__f_clk/X                      16     19     -3 (VIOLATED)
clkbuf_2_3__f_clk/X                      16     19     -3 (VIOLATED)
fanout114/X                              16     19     -3 (VIOLATED)
_1523_/Q                                 16     17        (VIOLATED)



===========================================================================
report_parasitic_annotation -report_unannotated
============================================================================
Found 30 unannotated drivers.
 clkload0/X
 clkload1/Y
 clkload10/Y
 clkload11/Y
 clkload12/Y
 clkload13/Y
 clkload14/Y
 clkload15/Y
 clkload16/Y
 clkload17/Y
 clkload18/Y
 clkload19/Y
 clkload2/X
 clkload20/Y
 clkload21/Y
 clkload22/Y
 clkload23/Y
 clkload24/Y
 clkload25/Y
 clkload26/Y
 clkload27/Y
 clkload28/Y
 clkload29/Y
 clkload3/X
 clkload4/Y
 clkload5/Y
 clkload6/Y
 clkload7/X
 clkload8/Y
 clkload9/Y
Found 0 partially unannotated drivers.

===========================================================================
max slew violation count 0
max fanout violation count 32
max cap violation count 0
============================================================================

===========================================================================
check_setup -verbose -unconstrained_endpoints -multiple_clock -no_clock -no_input_delay -loops -generated_clocks
===========================================================================
Warning: There are 35 input ports missing set_input_delay.
  arst_n
  mem_rdata[0]
  mem_rdata[10]
  mem_rdata[11]
  mem_rdata[12]
  mem_rdata[13]
  mem_rdata[14]
  mem_rdata[15]
  mem_rdata[16]
  mem_rdata[17]
  mem_rdata[18]
  mem_rdata[19]
  mem_rdata[1]
  mem_rdata[20]
  mem_rdata[21]
  mem_rdata[22]
  mem_rdata[23]
  mem_rdata[24]
  mem_rdata[25]
  mem_rdata[26]
  mem_rdata[27]
  mem_rdata[28]
  mem_rdata[29]
  mem_rdata[2]
  mem_rdata[30]
  mem_rdata[31]
  mem_rdata[3]
  mem_rdata[4]
  mem_rdata[5]
  mem_rdata[6]
  mem_rdata[7]
  mem_rdata[8]
  mem_rdata[9]
  mem_rdy
  rx
Warning: There are 52 unconstrained endpoints.
  mem_raddr[0]
  mem_raddr[1]
  mem_raddr[2]
  mem_raddr[3]
  mem_raddr[4]
  mem_raddr[5]
  mem_raddr[6]
  mem_raddr[7]
  mem_re
  mem_waddr[0]
  mem_waddr[1]
  mem_waddr[2]
  mem_waddr[3]
  mem_waddr[4]
  mem_waddr[5]
  mem_waddr[6]
  mem_waddr[7]
  mem_wdata[0]
  mem_wdata[10]
  mem_wdata[11]
  mem_wdata[12]
  mem_wdata[13]
  mem_wdata[14]
  mem_wdata[15]
  mem_wdata[16]
  mem_wdata[17]
  mem_wdata[18]
  mem_wdata[19]
  mem_wdata[1]
  mem_wdata[20]
  mem_wdata[21]
  mem_wdata[22]
  mem_wdata[23]
  mem_wdata[24]
  mem_wdata[25]
  mem_wdata[26]
  mem_wdata[27]
  mem_wdata[28]
  mem_wdata[29]
  mem_wdata[2]
  mem_wdata[30]
  mem_wdata[31]
  mem_wdata[3]
  mem_wdata[4]
  mem_wdata[5]
  mem_wdata[6]
  mem_wdata[7]
  mem_wdata[8]
  mem_wdata[9]
  mem_we
  tx
  _1509_/D
