Clock: clk
Sources: clk 
Generated: no
Virtual: yes
Propagated: no
Period: 10.000000

===========================================================================
report_clock_properties
============================================================================
Clock                   Period          Waveform
----------------------------------------------------
clk                  10.000000    0.000000  5.000000

===========================================================================
report_clock_latency
============================================================================
Clock clk
rise -> rise
    min     max
0.000000 0.000000 source latency
0.892935         network latency _1493_/CLK
        0.977220 network latency _1368_/CLK
---------------
0.892935 0.977220 latency
        0.084285 skew

fall -> fall
    min     max
0.000000 0.000000 source latency
0.903772         network latency _1493_/CLK
        0.967046 network latency _1368_/CLK
---------------
0.903772 0.967046 latency
        0.063274 skew



===========================================================================
report_clock_min_period
============================================================================
clk period_min = 9.74 fmax = 102.72
