Clock: clk
Sources: clk 
Generated: no
Virtual: yes
Propagated: no
Period: 10.000000

===========================================================================
report_clock_properties
============================================================================
Clock                   Period          Waveform
----------------------------------------------------
clk                  10.000000    0.000000  5.000000

===========================================================================
report_clock_latency
============================================================================
Clock clk
rise -> rise
    min     max
0.000000 0.000000 source latency
0.495806         network latency _1493_/CLK
        0.541016 network latency _1368_/CLK
---------------
0.495806 0.541016 latency
        0.045210 skew

fall -> fall
    min     max
0.000000 0.000000 source latency
0.503539         network latency _1493_/CLK
        0.535459 network latency _1368_/CLK
---------------
0.503539 0.535459 latency
        0.031920 skew



===========================================================================
report_clock_min_period
============================================================================
clk period_min = 4.62 fmax = 216.49
