
===========================================================================
report_checks -unconstrained
===========================================================================
======================= nom_tt_025C_1v80 Corner ===================================

Startpoint: obj_width[3] (input port clocked by clk)
Endpoint: _3026_ (rising edge-triggered flip-flop clocked by clk)
Path Group: clk
Path Type: max

Fanout         Cap        Slew       Delay        Time   Description
---------------------------------------------------------------------------------------------
                                  0.000000    0.000000   clock clk (rise edge)
                                  0.000000    0.000000   clock network delay (propagated)
                                  2.000000    2.000000 ^ input external delay
     2    0.005512    0.000000    0.000000    2.000000 ^ obj_width[3] (in)
                                                         obj_width[3] (net)
                      0.000097    0.000048    2.000048 ^ hold81/A (sky130_fd_sc_hd__dlygate4sd3_1)
     1    0.002514    0.050265    0.516855    2.516904 ^ hold81/X (sky130_fd_sc_hd__dlygate4sd3_1)
                                                         net238 (net)
                      0.050265    0.000049    2.516953 ^ input56/A (sky130_fd_sc_hd__clkbuf_4)
    21    0.081501    0.246710    0.276336    2.793289 ^ input56/X (sky130_fd_sc_hd__clkbuf_4)
                                                         net56 (net)
                      0.246879    0.005389    2.798678 ^ _1551_/A_N (sky130_fd_sc_hd__and2b_1)
     3    0.008530    0.058003    0.240754    3.039432 v _1551_/X (sky130_fd_sc_hd__and2b_1)
                                                         _0662_ (net)
                      0.058003    0.000184    3.039616 v _1556_/A (sky130_fd_sc_hd__or4bb_1)
     1    0.002880    0.079498    0.493757    3.533373 v _1556_/X (sky130_fd_sc_hd__or4bb_1)
                                                         _0667_ (net)
                      0.079498    0.000085    3.533458 v _1565_/B (sky130_fd_sc_hd__or4b_1)
     2    0.007355    0.111699    0.547485    4.080943 v _1565_/X (sky130_fd_sc_hd__or4b_1)
                                                         _0676_ (net)
                      0.111699    0.000222    4.081165 v _1566_/B (sky130_fd_sc_hd__nor2_1)
     3    0.009583    0.187445    0.190130    4.271296 ^ _1566_/Y (sky130_fd_sc_hd__nor2_1)
                                                         _0677_ (net)
                      0.187445    0.000195    4.271491 ^ _1588_/A (sky130_fd_sc_hd__nor2_1)
     3    0.010183    0.075913    0.109408    4.380898 v _1588_/Y (sky130_fd_sc_hd__nor2_1)
                                                         _0699_ (net)
                      0.075913    0.000195    4.381094 v _1589_/B (sky130_fd_sc_hd__nor2_1)
     5    0.024175    0.430620    0.354447    4.735541 ^ _1589_/Y (sky130_fd_sc_hd__nor2_1)
                                                         _0700_ (net)
                      0.430622    0.000895    4.736436 ^ _1793_/A (sky130_fd_sc_hd__and2_2)
     9    0.039201    0.206542    0.360292    5.096728 ^ _1793_/X (sky130_fd_sc_hd__and2_2)
                                                         _0850_ (net)
                      0.206544    0.001119    5.097847 ^ _1794_/B (sky130_fd_sc_hd__nor2_2)
    10    0.038819    0.161541    0.143250    5.241097 v _1794_/Y (sky130_fd_sc_hd__nor2_2)
                                                         _0851_ (net)
                      0.161610    0.001370    5.242467 v _1805_/A1 (sky130_fd_sc_hd__o21a_1)
     1    0.002138    0.031949    0.217345    5.459812 v _1805_/X (sky130_fd_sc_hd__o21a_1)
                                                         _0859_ (net)
                      0.031949    0.000061    5.459873 v hold1014/A (sky130_fd_sc_hd__dlygate4sd3_1)
     1    0.002497    0.051328    0.540338    6.000212 v hold1014/X (sky130_fd_sc_hd__dlygate4sd3_1)
                                                         net1171 (net)
                      0.051328    0.000072    6.000284 v _1806_/B1 (sky130_fd_sc_hd__a31o_1)
     1    0.003443    0.040045    0.184914    6.185198 v _1806_/X (sky130_fd_sc_hd__a31o_1)
                                                         _0059_ (net)
                      0.040045    0.000107    6.185305 v _3026_/D (sky130_fd_sc_hd__dfrtp_1)
                                              6.185305   data arrival time

                                 10.000000   10.000000   clock clk (rise edge)
                                  0.000000   10.000000   clock source latency
     2    0.048844    0.000000    0.000000   10.000000 ^ clk (in)
                                                         clk (net)
                      0.006744    0.003372   10.003372 ^ clkbuf_0_clk/A (sky130_fd_sc_hd__clkbuf_16)
    17    0.154112    0.166529    0.206422   10.209795 ^ clkbuf_0_clk/X (sky130_fd_sc_hd__clkbuf_16)
                                                         clknet_0_clk (net)
                      0.167026    0.007354   10.217149 ^ clkbuf_3_5__f_clk/A (sky130_fd_sc_hd__clkbuf_16)
    23    0.121739    0.135538    0.242075   10.459224 ^ clkbuf_3_5__f_clk/X (sky130_fd_sc_hd__clkbuf_16)
                                                         clknet_3_5__leaf_clk (net)
                      0.135769    0.003753   10.462976 ^ clkbuf_leaf_69_clk/A (sky130_fd_sc_hd__clkbuf_8)
     5    0.022753    0.055551    0.168463   10.631440 ^ clkbuf_leaf_69_clk/X (sky130_fd_sc_hd__clkbuf_8)
                                                         clknet_leaf_69_clk (net)
                      0.055553    0.000400   10.631840 ^ _3026_/CLK (sky130_fd_sc_hd__dfrtp_1)
                                 -0.200000   10.431840   clock uncertainty
                                  0.000000   10.431840   clock reconvergence pessimism
                                 -0.109698   10.322142   library setup time
                                             10.322142   data required time
---------------------------------------------------------------------------------------------
                                             10.322142   data required time
                                             -6.185305   data arrival time
---------------------------------------------------------------------------------------------
                                              4.136837   slack (MET)




===========================================================================
report_checks --slack_max -0.01
============================================================================
======================= nom_tt_025C_1v80 Corner ===================================

No paths found.


===========================================================================
 report_check_types -max_slew -max_cap -max_fanout -violators
============================================================================
======================= nom_tt_025C_1v80 Corner ===================================



===========================================================================
report_parasitic_annotation -report_unannotated
============================================================================
Found 107 unannotated drivers.
 obj_st_mask[10]
 obj_st_mask[11]
 obj_st_mask[12]
 obj_st_mask[13]
 obj_st_mask[14]
 obj_st_mask[15]
 obj_st_mask[16]
 obj_st_mask[17]
 obj_st_mask[18]
 obj_st_mask[19]
 obj_st_mask[20]
 obj_st_mask[21]
 obj_st_pix[10]
 obj_st_pix[11]
 obj_st_pix[12]
 obj_st_pix[13]
 obj_st_pix[14]
 obj_st_pix[15]
 obj_st_pix[16]
 obj_st_pix[17]
 obj_st_pix[18]
 obj_st_pix[19]
 obj_st_pix[20]
 obj_st_pix[21]
 clkload0/Y
 clkload1/Y
 clkload10/Y
 clkload11/Y
 clkload12/Y
 clkload13/Y
 clkload14/Y
 clkload15/Y
 clkload16/X
 clkload17/X
 clkload18/Y
 clkload19/Y
 clkload2/X
 clkload20/X
 clkload21/Y
 clkload22/X
 clkload23/Y
 clkload24/X
 clkload25/Y
 clkload26/Y
 clkload27/Y
 clkload28/X
 clkload29/Y
 clkload3/Y
 clkload30/Y
 clkload31/Y
 clkload32/Y
 clkload33/X
 clkload34/Y
 clkload35/X
 clkload36/Y
 clkload37/Y
 clkload38/Y
 clkload39/Y
 clkload4/Y
 clkload40/Y
 clkload41/Y
 clkload42/Y
 clkload43/Y
 clkload44/Y
 clkload45/Y
 clkload46/Y
 clkload47/Y
 clkload48/X
 clkload49/Y
 clkload5/Y
 clkload50/Y
 clkload51/Y
 clkload52/Y
 clkload53/X
 clkload54/Y
 clkload55/Y
 clkload56/X
 clkload57/Y
 clkload58/Y
 clkload59/Y
 clkload6/Y
 clkload60/Y
 clkload61/Y
 clkload62/Y
 clkload63/Y
 clkload64/Y
 clkload65/Y
 clkload66/Y
 clkload67/Y
 clkload68/Y
 clkload69/Y
 clkload7/Y
 clkload70/Y
 clkload71/Y
 clkload72/Y
 clkload73/Y
 clkload74/X
 clkload75/Y
 clkload76/X
 clkload77/X
 clkload78/Y
 clkload79/Y
 clkload8/Y
 clkload80/X
 clkload81/Y
 clkload82/Y
 clkload9/X
Found 0 partially unannotated drivers.

===========================================================================
max slew violation count 0
max fanout violation count 0
max cap violation count 0
============================================================================

===========================================================================
check_setup -verbose -unconstrained_endpoints -multiple_clock -no_clock -no_input_delay -loops -generated_clocks
===========================================================================
