Clock: clk
Sources: clk 
Generated: no
Virtual: yes
Propagated: no
Period: 10.000000

===========================================================================
report_clock_properties
============================================================================
Clock                   Period          Waveform
----------------------------------------------------
clk                  10.000000    0.000000  5.000000

===========================================================================
report_clock_latency
============================================================================
Clock clk
rise -> rise
    min     max
0.000000 0.000000 source latency
0.618362         network latency _3276_/CLK
        0.656212 network latency _3241_/CLK
---------------
0.618362 0.656212 latency
        0.037850 skew

fall -> fall
    min     max
0.000000 0.000000 source latency
0.590292         network latency _3276_/CLK
        0.618369 network latency _3241_/CLK
---------------
0.590292 0.618369 latency
        0.028077 skew



===========================================================================
report_clock_min_period
============================================================================
clk period_min = 5.21 fmax = 192.09
