
===========================================================================
report_checks -unconstrained
===========================================================================
======================= nom_tt_025C_1v80 Corner ===================================

Startpoint: _1252_ (rising edge-triggered flip-flop clocked by clk)
Endpoint: _1261_ (rising edge-triggered flip-flop clocked by clk)
Path Group: clk
Path Type: max

Fanout         Cap        Slew       Delay        Time   Description
---------------------------------------------------------------------------------------------
                                  0.000000    0.000000   clock clk (rise edge)
                                  0.000000    0.000000   clock source latency
     2    0.034064    0.000000    0.000000    0.000000 ^ clk (in)
                                                         clk (net)
                      0.002782    0.001391    0.001391 ^ clkbuf_0_clk/A (sky130_fd_sc_hd__clkbuf_16)
     9    0.077943    0.095199    0.153852    0.155243 ^ clkbuf_0_clk/X (sky130_fd_sc_hd__clkbuf_16)
                                                         clknet_0_clk (net)
                      0.095403    0.003530    0.158773 ^ clkbuf_2_1__f_clk/A (sky130_fd_sc_hd__clkbuf_16)
    19    0.088001    0.104279    0.194937    0.353710 ^ clkbuf_2_1__f_clk/X (sky130_fd_sc_hd__clkbuf_16)
                                                         clknet_2_1__leaf_clk (net)
                      0.104304    0.001623    0.355333 ^ clkbuf_leaf_9_clk/A (sky130_fd_sc_hd__clkbuf_8)
     9    0.044210    0.088498    0.183469    0.538802 ^ clkbuf_leaf_9_clk/X (sky130_fd_sc_hd__clkbuf_8)
                                                         clknet_leaf_9_clk (net)
                      0.088504    0.000852    0.539655 ^ _1252_/CLK (sky130_fd_sc_hd__dfrtp_1)
     5    0.013384    0.085217    0.421356    0.961011 v _1252_/Q (sky130_fd_sc_hd__dfrtp_1)
                                                         uart_ip_memory_mapped_ctrl_fsm_i.inc_bytes_cnt[4] (net)
                      0.085217    0.000363    0.961374 v hold411/A (sky130_fd_sc_hd__dlygate4sd3_1)
     3    0.011704    0.094269    0.619862    1.581236 v hold411/X (sky130_fd_sc_hd__dlygate4sd3_1)
                                                         net536 (net)
                      0.094269    0.000345    1.581581 v _0637_/C (sky130_fd_sc_hd__or3_1)
     1    0.003178    0.067349    0.320433    1.902015 v _0637_/X (sky130_fd_sc_hd__or3_1)
                                                         _0414_ (net)
                      0.067349    0.000103    1.902117 v _0638_/C (sky130_fd_sc_hd__or3_2)
     4    0.018392    0.122831    0.485880    2.387997 v _0638_/X (sky130_fd_sc_hd__or3_2)
                                                         _0415_ (net)
                      0.122834    0.000781    2.388778 v _0639_/C (sky130_fd_sc_hd__or3_4)
     4    0.020890    0.092334    0.392514    2.781292 v _0639_/X (sky130_fd_sc_hd__or3_4)
                                                         _0416_ (net)
                      0.092334    0.000608    2.781900 v _0640_/B (sky130_fd_sc_hd__nor2_1)
     2    0.007268    0.148842    0.154250    2.936149 ^ _0640_/Y (sky130_fd_sc_hd__nor2_1)
                                                         _0417_ (net)
                      0.148843    0.000192    2.936341 ^ _0642_/B (sky130_fd_sc_hd__nand2_1)
     2    0.008602    0.075934    0.107866    3.044207 v _0642_/Y (sky130_fd_sc_hd__nand2_1)
                                                         _0419_ (net)
                      0.075934    0.000211    3.044419 v _0645_/B (sky130_fd_sc_hd__or3_1)
     1    0.010517    0.105925    0.405619    3.450037 v _0645_/X (sky130_fd_sc_hd__or3_1)
                                                         _0422_ (net)
                      0.105925    0.000423    3.450461 v fanout89/A (sky130_fd_sc_hd__buf_4)
    23    0.087966    0.115832    0.241787    3.692248 v fanout89/X (sky130_fd_sc_hd__buf_4)
                                                         net89 (net)
                      0.116418    0.006739    3.698987 v fanout87/A (sky130_fd_sc_hd__clkbuf_8)
    33    0.106002    0.118402    0.243953    3.942940 v fanout87/X (sky130_fd_sc_hd__clkbuf_8)
                                                         net87 (net)
                      0.119361    0.008606    3.951545 v _0877_/S (sky130_fd_sc_hd__mux2_1)
     1    0.004370    0.063145    0.342724    4.294270 v _0877_/X (sky130_fd_sc_hd__mux2_1)
                                                         _0080_ (net)
                      0.063145    0.000145    4.294415 v hold100/A (sky130_fd_sc_hd__dlygate4sd3_1)
     1    0.002912    0.053651    0.556899    4.851314 v hold100/X (sky130_fd_sc_hd__dlygate4sd3_1)
                                                         net225 (net)
                      0.053651    0.000087    4.851401 v _1261_/D (sky130_fd_sc_hd__dfrtp_1)
                                              4.851401   data arrival time

                                 10.000000   10.000000   clock clk (rise edge)
                                  0.000000   10.000000   clock source latency
     2    0.034064    0.000000    0.000000   10.000000 ^ clk (in)
                                                         clk (net)
                      0.002782    0.001391   10.001391 ^ clkbuf_0_clk/A (sky130_fd_sc_hd__clkbuf_16)
     9    0.077943    0.095199    0.153852   10.155243 ^ clkbuf_0_clk/X (sky130_fd_sc_hd__clkbuf_16)
                                                         clknet_0_clk (net)
                      0.095387    0.003399   10.158642 ^ clkbuf_2_0__f_clk/A (sky130_fd_sc_hd__clkbuf_16)
    19    0.089755    0.106546    0.195255   10.353898 ^ clkbuf_2_0__f_clk/X (sky130_fd_sc_hd__clkbuf_16)
                                                         clknet_2_0__leaf_clk (net)
                      0.106689    0.003197   10.357095 ^ clkbuf_leaf_0_clk/A (sky130_fd_sc_hd__clkbuf_8)
    15    0.047515    0.093896    0.188448   10.545544 ^ clkbuf_leaf_0_clk/X (sky130_fd_sc_hd__clkbuf_8)
                                                         clknet_leaf_0_clk (net)
                      0.093906    0.000992   10.546535 ^ _1261_/CLK (sky130_fd_sc_hd__dfrtp_1)
                                 -0.250000   10.296535   clock uncertainty
                                  0.000000   10.296535   clock reconvergence pessimism
                                 -0.106847   10.189689   library setup time
                                             10.189689   data required time
---------------------------------------------------------------------------------------------
                                             10.189689   data required time
                                             -4.851401   data arrival time
---------------------------------------------------------------------------------------------
                                              5.338287   slack (MET)




===========================================================================
report_checks --slack_max -0.01
============================================================================
======================= nom_tt_025C_1v80 Corner ===================================

No paths found.


===========================================================================
 report_check_types -max_slew -max_cap -max_fanout -violators
============================================================================
======================= nom_tt_025C_1v80 Corner ===================================

max fanout

Pin                                   Limit Fanout  Slack
---------------------------------------------------------
fanout100/X                              16     33    -17 (VIOLATED)
fanout101/X                              16     33    -17 (VIOLATED)
fanout102/X                              16     33    -17 (VIOLATED)
fanout103/X                              16     33    -17 (VIOLATED)
fanout118/X                              16     33    -17 (VIOLATED)
fanout119/X                              16     33    -17 (VIOLATED)
fanout121/X                              16     33    -17 (VIOLATED)
fanout122/X                              16     33    -17 (VIOLATED)
fanout123/X                              16     33    -17 (VIOLATED)
fanout87/X                               16     33    -17 (VIOLATED)
fanout90/X                               16     33    -17 (VIOLATED)
fanout91/X                               16     33    -17 (VIOLATED)
fanout92/X                               16     33    -17 (VIOLATED)
fanout94/X                               16     33    -17 (VIOLATED)
fanout95/X                               16     33    -17 (VIOLATED)
fanout96/X                               16     33    -17 (VIOLATED)
fanout97/X                               16     33    -17 (VIOLATED)
fanout98/X                               16     33    -17 (VIOLATED)
fanout99/X                               16     33    -17 (VIOLATED)
_1524_/Q                                 16     31    -15 (VIOLATED)
fanout120/X                              16     27    -11 (VIOLATED)
_1519_/Q                                 16     25     -9 (VIOLATED)
fanout117/X                              16     23     -7 (VIOLATED)
fanout125/X                              16     23     -7 (VIOLATED)
fanout89/X                               16     23     -7 (VIOLATED)
_1298_/Q                                 16     21     -5 (VIOLATED)
_1518_/Q                                 16     19     -3 (VIOLATED)
clkbuf_2_0__f_clk/X                      16     19     -3 (VIOLATED)
clkbuf_2_1__f_clk/X                      16     19     -3 (VIOLATED)
clkbuf_2_3__f_clk/X                      16     19     -3 (VIOLATED)
fanout114/X                              16     19     -3 (VIOLATED)
_1523_/Q                                 16     17        (VIOLATED)



===========================================================================
report_parasitic_annotation -report_unannotated
============================================================================
Found 30 unannotated drivers.
 clkload0/X
 clkload1/Y
 clkload10/Y
 clkload11/Y
 clkload12/Y
 clkload13/Y
 clkload14/Y
 clkload15/Y
 clkload16/Y
 clkload17/Y
 clkload18/Y
 clkload19/Y
 clkload2/X
 clkload20/Y
 clkload21/Y
 clkload22/Y
 clkload23/Y
 clkload24/Y
 clkload25/Y
 clkload26/Y
 clkload27/Y
 clkload28/Y
 clkload29/Y
 clkload3/X
 clkload4/Y
 clkload5/Y
 clkload6/Y
 clkload7/X
 clkload8/Y
 clkload9/Y
Found 0 partially unannotated drivers.

===========================================================================
max slew violation count 0
max fanout violation count 32
max cap violation count 0
============================================================================

===========================================================================
check_setup -verbose -unconstrained_endpoints -multiple_clock -no_clock -no_input_delay -loops -generated_clocks
===========================================================================
Warning: There are 35 input ports missing set_input_delay.
  arst_n
  mem_rdata[0]
  mem_rdata[10]
  mem_rdata[11]
  mem_rdata[12]
  mem_rdata[13]
  mem_rdata[14]
  mem_rdata[15]
  mem_rdata[16]
  mem_rdata[17]
  mem_rdata[18]
  mem_rdata[19]
  mem_rdata[1]
  mem_rdata[20]
  mem_rdata[21]
  mem_rdata[22]
  mem_rdata[23]
  mem_rdata[24]
  mem_rdata[25]
  mem_rdata[26]
  mem_rdata[27]
  mem_rdata[28]
  mem_rdata[29]
  mem_rdata[2]
  mem_rdata[30]
  mem_rdata[31]
  mem_rdata[3]
  mem_rdata[4]
  mem_rdata[5]
  mem_rdata[6]
  mem_rdata[7]
  mem_rdata[8]
  mem_rdata[9]
  mem_rdy
  rx
Warning: There are 52 unconstrained endpoints.
  mem_raddr[0]
  mem_raddr[1]
  mem_raddr[2]
  mem_raddr[3]
  mem_raddr[4]
  mem_raddr[5]
  mem_raddr[6]
  mem_raddr[7]
  mem_re
  mem_waddr[0]
  mem_waddr[1]
  mem_waddr[2]
  mem_waddr[3]
  mem_waddr[4]
  mem_waddr[5]
  mem_waddr[6]
  mem_waddr[7]
  mem_wdata[0]
  mem_wdata[10]
  mem_wdata[11]
  mem_wdata[12]
  mem_wdata[13]
  mem_wdata[14]
  mem_wdata[15]
  mem_wdata[16]
  mem_wdata[17]
  mem_wdata[18]
  mem_wdata[19]
  mem_wdata[1]
  mem_wdata[20]
  mem_wdata[21]
  mem_wdata[22]
  mem_wdata[23]
  mem_wdata[24]
  mem_wdata[25]
  mem_wdata[26]
  mem_wdata[27]
  mem_wdata[28]
  mem_wdata[29]
  mem_wdata[2]
  mem_wdata[30]
  mem_wdata[31]
  mem_wdata[3]
  mem_wdata[4]
  mem_wdata[5]
  mem_wdata[6]
  mem_wdata[7]
  mem_wdata[8]
  mem_wdata[9]
  mem_we
  tx
  _1509_/D
