Clock: clk
Sources: clk 
Generated: no
Virtual: yes
Propagated: no
Period: 10.000000

===========================================================================
report_clock_properties
============================================================================
Clock                   Period          Waveform
----------------------------------------------------
clk                  10.000000    0.000000  5.000000

===========================================================================
report_clock_latency
============================================================================
Clock clk
rise -> rise
    min     max
0.000000 0.000000 source latency
0.506277         network latency _1493_/CLK
        0.555973 network latency _1368_/CLK
---------------
0.506277 0.555973 latency
        0.049697 skew

fall -> fall
    min     max
0.000000 0.000000 source latency
0.511980         network latency _1493_/CLK
        0.547527 network latency _1368_/CLK
---------------
0.511980 0.547527 latency
        0.035547 skew



===========================================================================
report_clock_min_period
============================================================================
clk period_min = 4.66 fmax = 214.51
