Clock: clk
Sources: clk 
Generated: no
Virtual: yes
Propagated: no
Period: 10.000000

===========================================================================
report_clock_properties
============================================================================
Clock                   Period          Waveform
----------------------------------------------------
clk                  10.000000    0.000000  5.000000

===========================================================================
report_clock_latency
============================================================================
Clock clk
rise -> rise
    min     max
0.000000 0.000000 source latency
1.087903         network latency _3276_/CLK
        1.156411 network latency _3241_/CLK
---------------
1.087903 1.156411 latency
        0.068508 skew

fall -> fall
    min     max
0.000000 0.000000 source latency
1.041232         network latency _3276_/CLK
        1.094616 network latency _2985_/CLK
---------------
1.041232 1.094616 latency
        0.053384 skew



===========================================================================
report_clock_min_period
============================================================================
clk period_min = 10.36 fmax = 96.53
