
===========================================================================
Violator List
============================================================================
[setup reg-reg] _3015_/Q -> _3486_/D : -0.359816
[setup reg-reg] _3015_/Q -> _3481_/D : -0.355330
[setup reg-reg] _3015_/Q -> _3483_/D : -0.349061
[setup reg-reg] _3015_/Q -> _3478_/D : -0.347034
[setup reg-reg] _3015_/Q -> _3480_/D : -0.342901
[setup reg-reg] _3015_/Q -> _3489_/D : -0.340465
[setup reg-reg] _3015_/Q -> _3491_/D : -0.339771
[setup reg-reg] _3015_/Q -> _3477_/D : -0.329002
[setup reg-reg] _3015_/Q -> _3501_/D : -0.328487
[setup reg-reg] _3015_/Q -> _3492_/D : -0.326111
[setup reg-reg] _3015_/Q -> _3488_/D : -0.325742
[setup reg-reg] _3015_/Q -> _3475_/D : -0.319253
[setup reg-reg] _3015_/Q -> _3485_/D : -0.317163
[setup reg-reg] _3015_/Q -> _3494_/D : -0.317049
[setup reg-reg] _3015_/Q -> _3172_/D : -0.314659
[setup reg-reg] _3015_/Q -> _3497_/D : -0.305222
[setup reg-reg] _3015_/Q -> _3173_/D : -0.304781
[setup reg-reg] _3015_/Q -> _3500_/D : -0.287656
[setup reg-reg] _3015_/Q -> _3166_/D : -0.286962
[setup reg-reg] _3015_/Q -> _3495_/D : -0.286819
[setup reg-reg] _3015_/Q -> _3499_/D : -0.283942
[setup reg-reg] _3015_/Q -> _3170_/D : -0.276660
[setup reg-reg] _3015_/Q -> _3168_/D : -0.275071
[setup reg-reg] _3015_/Q -> _3503_/D : -0.270300
[setup reg-reg] _3015_/Q -> _3161_/D : -0.268575
[setup reg-reg] _3015_/Q -> _3167_/D : -0.265274
[setup reg-reg] _3015_/Q -> _3164_/D : -0.258642
[setup reg-reg] _3015_/Q -> _3162_/D : -0.246784
[setup reg-reg] _3015_/Q -> _3504_/D : -0.236150
[setup reg-reg] _3015_/Q -> _3163_/D : -0.229893
[setup in-reg] obj_width[3] -> _3009_/D : -0.105623
[setup in-reg] obj_width[3] -> _3026_/D : -0.002890
