Clock: clk
Sources: clk 
Generated: no
Virtual: yes
Propagated: no
Period: 10.000000

===========================================================================
report_clock_properties
============================================================================
Clock                   Period          Waveform
----------------------------------------------------
clk                  10.000000    0.000000  5.000000

===========================================================================
report_clock_latency
============================================================================
Clock clk
rise -> rise
    min     max
0.000000 0.000000 source latency
0.469863         network latency _612_/CLK
        0.484927 network latency _603_/CLK
---------------
0.469863 0.484927 latency
        0.015064 skew

fall -> fall
    min     max
0.000000 0.000000 source latency
0.518058         network latency _612_/CLK
        0.529144 network latency _603_/CLK
---------------
0.518058 0.529144 latency
        0.011086 skew



===========================================================================
report_clock_min_period
============================================================================
clk period_min = 8.17 fmax = 122.33
