
===========================================================================
report_checks -unconstrained
===========================================================================
======================= nom_ss_100C_1v60 Corner ===================================

Startpoint: _3015_ (rising edge-triggered flip-flop clocked by clk)
Endpoint: _3486_ (rising edge-triggered flip-flop clocked by clk)
Path Group: clk
Path Type: max

Fanout         Cap        Slew       Delay        Time   Description
---------------------------------------------------------------------------------------------
                                  0.000000    0.000000   clock clk (rise edge)
                                  0.000000    0.000000   clock source latency
     2    0.048951    0.000000    0.000000    0.000000 ^ clk (in)
                                                         clk (net)
                      0.006774    0.003387    0.003387 ^ clkbuf_0_clk/A (sky130_fd_sc_hd__clkbuf_16)
    17    0.155075    0.253808    0.343819    0.347206 ^ clkbuf_0_clk/X (sky130_fd_sc_hd__clkbuf_16)
                                                         clknet_0_clk (net)
                      0.254127    0.007411    0.354617 ^ clkbuf_3_5__f_clk/A (sky130_fd_sc_hd__clkbuf_16)
    23    0.122824    0.208309    0.421782    0.776398 ^ clkbuf_3_5__f_clk/X (sky130_fd_sc_hd__clkbuf_16)
                                                         clknet_3_5__leaf_clk (net)
                      0.208347    0.002867    0.779265 ^ clkbuf_leaf_62_clk/A (sky130_fd_sc_hd__clkbuf_8)
     7    0.025866    0.097617    0.312635    1.091900 ^ clkbuf_leaf_62_clk/X (sky130_fd_sc_hd__clkbuf_8)
                                                         clknet_leaf_62_clk (net)
                      0.097617    0.000452    1.092352 ^ _3015_/CLK (sky130_fd_sc_hd__dfrtp_4)
    11    0.047104    0.212745    1.138171    2.230523 v _3015_/Q (sky130_fd_sc_hd__dfrtp_4)
                                                         net81 (net)
                      0.212745    0.000851    2.231374 v _1542_/A_N (sky130_fd_sc_hd__nand2b_2)
     5    0.023237    0.215184    0.547425    2.778800 v _1542_/Y (sky130_fd_sc_hd__nand2b_2)
                                                         _0653_ (net)
                      0.215184    0.000385    2.779185 v _1543_/B (sky130_fd_sc_hd__or2_2)
     3    0.021302    0.199226    0.812325    3.591510 v _1543_/X (sky130_fd_sc_hd__or2_2)
                                                         _0654_ (net)
                      0.199226    0.000366    3.591877 v _1598_/B (sky130_fd_sc_hd__or2_2)
     5    0.023400    0.207027    0.815217    4.407094 v _1598_/X (sky130_fd_sc_hd__or2_2)
                                                         _0709_ (net)
                      0.207030    0.001113    4.408206 v _1854_/A (sky130_fd_sc_hd__nand2_1)
     5    0.027173    0.407664    0.396381    4.804587 ^ _1854_/Y (sky130_fd_sc_hd__nand2_1)
                                                         _0893_ (net)
                      0.407666    0.000748    4.805336 ^ _1855_/B (sky130_fd_sc_hd__and2_4)
    29    0.171344    0.771125    0.930926    5.736261 ^ _1855_/X (sky130_fd_sc_hd__and2_4)
                                                         _0894_ (net)
                      0.771154    0.004000    5.740262 ^ max_cap142/A (sky130_fd_sc_hd__buf_12)
   109    0.354973    0.619491    0.789854    6.530115 ^ max_cap142/X (sky130_fd_sc_hd__buf_12)
                                                         net142 (net)
                      0.620091    0.016378    6.546494 ^ max_cap137/A (sky130_fd_sc_hd__buf_12)
   121    0.395175    0.687462    0.798873    7.345366 ^ max_cap137/X (sky130_fd_sc_hd__buf_12)
                                                         net137 (net)
                      0.690827    0.039784    7.385150 ^ max_cap136/A (sky130_fd_sc_hd__buf_12)
   109    0.354018    0.619926    0.759213    8.144363 ^ max_cap136/X (sky130_fd_sc_hd__buf_12)
                                                         net136 (net)
                      0.620916    0.021209    8.165572 ^ max_cap134/A (sky130_fd_sc_hd__buf_12)
    89    0.279265    0.494457    0.658177    8.823750 ^ max_cap134/X (sky130_fd_sc_hd__buf_12)
                                                         net134 (net)
                      0.508419    0.065928    8.889677 ^ _2748_/S (sky130_fd_sc_hd__mux2_1)
     1    0.003252    0.114571    0.839129    9.728806 v _2748_/X (sky130_fd_sc_hd__mux2_1)
                                                         _0519_ (net)
                      0.114571    0.000100    9.728906 v hold635/A (sky130_fd_sc_hd__dlygate4sd3_1)
     1    0.002573    0.103862    1.140689   10.869596 v hold635/X (sky130_fd_sc_hd__dlygate4sd3_1)
                                                         net792 (net)
                      0.103862    0.000073   10.869668 v _3486_/D (sky130_fd_sc_hd__dfrtp_1)
                                             10.869668   data arrival time

                                 10.000000   10.000000   clock clk (rise edge)
                                  0.000000   10.000000   clock source latency
     2    0.048951    0.000000    0.000000   10.000000 ^ clk (in)
                                                         clk (net)
                      0.006774    0.003388   10.003387 ^ clkbuf_0_clk/A (sky130_fd_sc_hd__clkbuf_16)
    17    0.155075    0.253808    0.343818   10.347206 ^ clkbuf_0_clk/X (sky130_fd_sc_hd__clkbuf_16)
                                                         clknet_0_clk (net)
                      0.254167    0.007845   10.355051 ^ clkbuf_3_3__f_clk/A (sky130_fd_sc_hd__clkbuf_16)
    27    0.123689    0.209562    0.422061   10.777112 ^ clkbuf_3_3__f_clk/X (sky130_fd_sc_hd__clkbuf_16)
                                                         clknet_3_3__leaf_clk (net)
                      0.209643    0.003948   10.781060 ^ clkbuf_leaf_29_clk/A (sky130_fd_sc_hd__clkbuf_8)
     8    0.031052    0.109200    0.325010   11.106071 ^ clkbuf_leaf_29_clk/X (sky130_fd_sc_hd__clkbuf_8)
                                                         clknet_leaf_29_clk (net)
                      0.109200    0.000531   11.106602 ^ _3486_/CLK (sky130_fd_sc_hd__dfrtp_1)
                                 -0.200000   10.906601   clock uncertainty
                                  0.000000   10.906601   clock reconvergence pessimism
                                 -0.280230   10.626371   library setup time
                                             10.626371   data required time
---------------------------------------------------------------------------------------------
                                             10.626371   data required time
                                            -10.869668   data arrival time
---------------------------------------------------------------------------------------------
                                             -0.243297   slack (VIOLATED)




===========================================================================
report_checks --slack_max -0.01
============================================================================
======================= nom_ss_100C_1v60 Corner ===================================

Startpoint: _3015_ (rising edge-triggered flip-flop clocked by clk)
Endpoint: _3486_ (rising edge-triggered flip-flop clocked by clk)
Path Group: clk
Path Type: max

Fanout         Cap        Slew       Delay        Time   Description
---------------------------------------------------------------------------------------------
                                  0.000000    0.000000   clock clk (rise edge)
                                  0.000000    0.000000   clock source latency
     2    0.048951    0.000000    0.000000    0.000000 ^ clk (in)
                                                         clk (net)
                      0.006774    0.003387    0.003387 ^ clkbuf_0_clk/A (sky130_fd_sc_hd__clkbuf_16)
    17    0.155075    0.253808    0.343819    0.347206 ^ clkbuf_0_clk/X (sky130_fd_sc_hd__clkbuf_16)
                                                         clknet_0_clk (net)
                      0.254127    0.007411    0.354617 ^ clkbuf_3_5__f_clk/A (sky130_fd_sc_hd__clkbuf_16)
    23    0.122824    0.208309    0.421782    0.776398 ^ clkbuf_3_5__f_clk/X (sky130_fd_sc_hd__clkbuf_16)
                                                         clknet_3_5__leaf_clk (net)
                      0.208347    0.002867    0.779265 ^ clkbuf_leaf_62_clk/A (sky130_fd_sc_hd__clkbuf_8)
     7    0.025866    0.097617    0.312635    1.091900 ^ clkbuf_leaf_62_clk/X (sky130_fd_sc_hd__clkbuf_8)
                                                         clknet_leaf_62_clk (net)
                      0.097617    0.000452    1.092352 ^ _3015_/CLK (sky130_fd_sc_hd__dfrtp_4)
    11    0.047104    0.212745    1.138171    2.230523 v _3015_/Q (sky130_fd_sc_hd__dfrtp_4)
                                                         net81 (net)
                      0.212745    0.000851    2.231374 v _1542_/A_N (sky130_fd_sc_hd__nand2b_2)
     5    0.023237    0.215184    0.547425    2.778800 v _1542_/Y (sky130_fd_sc_hd__nand2b_2)
                                                         _0653_ (net)
                      0.215184    0.000385    2.779185 v _1543_/B (sky130_fd_sc_hd__or2_2)
     3    0.021302    0.199226    0.812325    3.591510 v _1543_/X (sky130_fd_sc_hd__or2_2)
                                                         _0654_ (net)
                      0.199226    0.000366    3.591877 v _1598_/B (sky130_fd_sc_hd__or2_2)
     5    0.023400    0.207027    0.815217    4.407094 v _1598_/X (sky130_fd_sc_hd__or2_2)
                                                         _0709_ (net)
                      0.207030    0.001113    4.408206 v _1854_/A (sky130_fd_sc_hd__nand2_1)
     5    0.027173    0.407664    0.396381    4.804587 ^ _1854_/Y (sky130_fd_sc_hd__nand2_1)
                                                         _0893_ (net)
                      0.407666    0.000748    4.805336 ^ _1855_/B (sky130_fd_sc_hd__and2_4)
    29    0.171344    0.771125    0.930926    5.736261 ^ _1855_/X (sky130_fd_sc_hd__and2_4)
                                                         _0894_ (net)
                      0.771154    0.004000    5.740262 ^ max_cap142/A (sky130_fd_sc_hd__buf_12)
   109    0.354973    0.619491    0.789854    6.530115 ^ max_cap142/X (sky130_fd_sc_hd__buf_12)
                                                         net142 (net)
                      0.620091    0.016378    6.546494 ^ max_cap137/A (sky130_fd_sc_hd__buf_12)
   121    0.395175    0.687462    0.798873    7.345366 ^ max_cap137/X (sky130_fd_sc_hd__buf_12)
                                                         net137 (net)
                      0.690827    0.039784    7.385150 ^ max_cap136/A (sky130_fd_sc_hd__buf_12)
   109    0.354018    0.619926    0.759213    8.144363 ^ max_cap136/X (sky130_fd_sc_hd__buf_12)
                                                         net136 (net)
                      0.620916    0.021209    8.165572 ^ max_cap134/A (sky130_fd_sc_hd__buf_12)
    89    0.279265    0.494457    0.658177    8.823750 ^ max_cap134/X (sky130_fd_sc_hd__buf_12)
                                                         net134 (net)
                      0.508419    0.065928    8.889677 ^ _2748_/S (sky130_fd_sc_hd__mux2_1)
     1    0.003252    0.114571    0.839129    9.728806 v _2748_/X (sky130_fd_sc_hd__mux2_1)
                                                         _0519_ (net)
                      0.114571    0.000100    9.728906 v hold635/A (sky130_fd_sc_hd__dlygate4sd3_1)
     1    0.002573    0.103862    1.140689   10.869596 v hold635/X (sky130_fd_sc_hd__dlygate4sd3_1)
                                                         net792 (net)
                      0.103862    0.000073   10.869668 v _3486_/D (sky130_fd_sc_hd__dfrtp_1)
                                             10.869668   data arrival time

                                 10.000000   10.000000   clock clk (rise edge)
                                  0.000000   10.000000   clock source latency
     2    0.048951    0.000000    0.000000   10.000000 ^ clk (in)
                                                         clk (net)
                      0.006774    0.003388   10.003387 ^ clkbuf_0_clk/A (sky130_fd_sc_hd__clkbuf_16)
    17    0.155075    0.253808    0.343818   10.347206 ^ clkbuf_0_clk/X (sky130_fd_sc_hd__clkbuf_16)
                                                         clknet_0_clk (net)
                      0.254167    0.007845   10.355051 ^ clkbuf_3_3__f_clk/A (sky130_fd_sc_hd__clkbuf_16)
    27    0.123689    0.209562    0.422061   10.777112 ^ clkbuf_3_3__f_clk/X (sky130_fd_sc_hd__clkbuf_16)
                                                         clknet_3_3__leaf_clk (net)
                      0.209643    0.003948   10.781060 ^ clkbuf_leaf_29_clk/A (sky130_fd_sc_hd__clkbuf_8)
     8    0.031052    0.109200    0.325010   11.106071 ^ clkbuf_leaf_29_clk/X (sky130_fd_sc_hd__clkbuf_8)
                                                         clknet_leaf_29_clk (net)
                      0.109200    0.000531   11.106602 ^ _3486_/CLK (sky130_fd_sc_hd__dfrtp_1)
                                 -0.200000   10.906601   clock uncertainty
                                  0.000000   10.906601   clock reconvergence pessimism
                                 -0.280230   10.626371   library setup time
                                             10.626371   data required time
---------------------------------------------------------------------------------------------
                                             10.626371   data required time
                                            -10.869668   data arrival time
---------------------------------------------------------------------------------------------
                                             -0.243297   slack (VIOLATED)




===========================================================================
 report_check_types -max_slew -max_cap -max_fanout -violators
============================================================================
======================= nom_ss_100C_1v60 Corner ===================================



===========================================================================
report_parasitic_annotation -report_unannotated
============================================================================
Found 107 unannotated drivers.
 obj_st_mask[10]
 obj_st_mask[11]
 obj_st_mask[12]
 obj_st_mask[13]
 obj_st_mask[14]
 obj_st_mask[15]
 obj_st_mask[16]
 obj_st_mask[17]
 obj_st_mask[18]
 obj_st_mask[19]
 obj_st_mask[20]
 obj_st_mask[21]
 obj_st_pix[10]
 obj_st_pix[11]
 obj_st_pix[12]
 obj_st_pix[13]
 obj_st_pix[14]
 obj_st_pix[15]
 obj_st_pix[16]
 obj_st_pix[17]
 obj_st_pix[18]
 obj_st_pix[19]
 obj_st_pix[20]
 obj_st_pix[21]
 clkload0/Y
 clkload1/Y
 clkload10/Y
 clkload11/Y
 clkload12/Y
 clkload13/Y
 clkload14/Y
 clkload15/Y
 clkload16/X
 clkload17/X
 clkload18/Y
 clkload19/Y
 clkload2/X
 clkload20/X
 clkload21/Y
 clkload22/X
 clkload23/Y
 clkload24/X
 clkload25/Y
 clkload26/Y
 clkload27/Y
 clkload28/X
 clkload29/Y
 clkload3/Y
 clkload30/Y
 clkload31/Y
 clkload32/Y
 clkload33/X
 clkload34/Y
 clkload35/X
 clkload36/Y
 clkload37/Y
 clkload38/Y
 clkload39/Y
 clkload4/Y
 clkload40/Y
 clkload41/Y
 clkload42/Y
 clkload43/Y
 clkload44/Y
 clkload45/Y
 clkload46/Y
 clkload47/Y
 clkload48/X
 clkload49/Y
 clkload5/Y
 clkload50/Y
 clkload51/Y
 clkload52/Y
 clkload53/X
 clkload54/Y
 clkload55/Y
 clkload56/X
 clkload57/Y
 clkload58/Y
 clkload59/Y
 clkload6/Y
 clkload60/Y
 clkload61/Y
 clkload62/Y
 clkload63/Y
 clkload64/Y
 clkload65/Y
 clkload66/Y
 clkload67/Y
 clkload68/Y
 clkload69/Y
 clkload7/Y
 clkload70/Y
 clkload71/Y
 clkload72/Y
 clkload73/Y
 clkload74/X
 clkload75/Y
 clkload76/X
 clkload77/X
 clkload78/Y
 clkload79/Y
 clkload8/Y
 clkload80/X
 clkload81/Y
 clkload82/Y
 clkload9/X
Found 0 partially unannotated drivers.

===========================================================================
max slew violation count 0
max fanout violation count 0
max cap violation count 0
============================================================================

===========================================================================
check_setup -verbose -unconstrained_endpoints -multiple_clock -no_clock -no_input_delay -loops -generated_clocks
===========================================================================
