Clock: clk
Sources: clk 
Generated: no
Virtual: yes
Propagated: no
Period: 10.000000

===========================================================================
report_clock_properties
============================================================================
Clock                   Period          Waveform
----------------------------------------------------
clk                  10.000000    0.000000  5.000000

===========================================================================
report_clock_latency
============================================================================
Clock clk
rise -> rise
    min     max
0.000000 0.000000 source latency
1.061488         network latency _3276_/CLK
        1.123945 network latency _3241_/CLK
---------------
1.061488 1.123945 latency
        0.062458 skew

fall -> fall
    min     max
0.000000 0.000000 source latency
1.019943         network latency _3276_/CLK
        1.068189 network latency _3241_/CLK
---------------
1.019943 1.068189 latency
        0.048246 skew



===========================================================================
report_clock_min_period
============================================================================
clk period_min = 10.24 fmax = 97.62
