
===========================================================================
Violator List
============================================================================
[setup reg-reg] _3015_/Q -> _3486_/D : -0.243297
[setup reg-reg] _3015_/Q -> _3481_/D : -0.240539
[setup reg-reg] _3015_/Q -> _3501_/D : -0.238107
[setup reg-reg] _3015_/Q -> _3483_/D : -0.235197
[setup reg-reg] _3015_/Q -> _3478_/D : -0.232019
[setup reg-reg] _3015_/Q -> _3489_/D : -0.231388
[setup reg-reg] _3015_/Q -> _3491_/D : -0.230195
[setup reg-reg] _3015_/Q -> _3480_/D : -0.230184
[setup reg-reg] _3015_/Q -> _3492_/D : -0.222110
[setup reg-reg] _3015_/Q -> _3172_/D : -0.220765
[setup reg-reg] _3015_/Q -> _3477_/D : -0.216944
[setup reg-reg] _3015_/Q -> _3494_/D : -0.216000
[setup reg-reg] _3015_/Q -> _3161_/D : -0.214099
[setup reg-reg] _3015_/Q -> _3488_/D : -0.213584
[setup reg-reg] _3015_/Q -> _3173_/D : -0.212837
[setup reg-reg] _3015_/Q -> _3485_/D : -0.210024
[setup reg-reg] _3015_/Q -> _3166_/D : -0.209754
[setup reg-reg] _3015_/Q -> _3497_/D : -0.209118
[setup reg-reg] _3015_/Q -> _3475_/D : -0.208598
[setup reg-reg] _3015_/Q -> _3162_/D : -0.198816
[setup reg-reg] _3015_/Q -> _3500_/D : -0.198705
[setup reg-reg] _3015_/Q -> _3164_/D : -0.195860
[setup reg-reg] _3015_/Q -> _3499_/D : -0.194002
[setup reg-reg] _3015_/Q -> _3495_/D : -0.190536
[setup reg-reg] _3015_/Q -> _3168_/D : -0.187755
[setup reg-reg] _3015_/Q -> _3170_/D : -0.186885
[setup reg-reg] _3015_/Q -> _3167_/D : -0.184414
[setup reg-reg] _3015_/Q -> _3503_/D : -0.181440
[setup reg-reg] _3015_/Q -> _3163_/D : -0.174118
[setup reg-reg] _3015_/Q -> _3504_/D : -0.171534
[setup in-reg] obj_width[3] -> _3009_/D : -0.015899
