
===========================================================================
report_checks -unconstrained
===========================================================================
======================= min_tt_025C_1v80 Corner ===================================

Startpoint: wb_we_i (input port clocked by wb_clk)
Endpoint: _368_ (rising edge-triggered flip-flop clocked by wb_clk)
Path Group: wb_clk
Path Type: max

Fanout         Cap        Slew       Delay        Time   Description
---------------------------------------------------------------------------------------------
                                  0.000000    0.000000   clock wb_clk (rise edge)
                                  0.000000    0.000000   clock network delay (propagated)
                                  2.000000    2.000000 ^ input external delay
     2    0.006080    0.200000    0.000000    2.000000 ^ wb_we_i (in)
                                                         wb_we_i (net)
                      0.200088    0.000044    2.000044 ^ hold178/A (sky130_fd_sc_hd__dlygate4sd3_1)
     1    0.003898    0.062021    0.583342    2.583386 ^ hold178/X (sky130_fd_sc_hd__dlygate4sd3_1)
                                                         net318 (net)
                      0.062021    0.000035    2.583421 ^ input34/A (sky130_fd_sc_hd__clkbuf_4)
     7    0.056437    0.174172    0.234109    2.817530 ^ input34/X (sky130_fd_sc_hd__clkbuf_4)
                                                         net34 (net)
                      0.174246    0.002974    2.820504 ^ fanout119/A (sky130_fd_sc_hd__clkbuf_8)
    33    0.114810    0.202147    0.285131    3.105636 ^ fanout119/X (sky130_fd_sc_hd__clkbuf_8)
                                                         net119 (net)
                      0.203555    0.013578    3.119213 ^ _151_/A (sky130_fd_sc_hd__inv_2)
     5    0.054945    0.138556    0.168192    3.287405 v _151_/Y (sky130_fd_sc_hd__inv_2)
                                                         _071_ (net)
                      0.138912    0.005714    3.293119 v fanout118/A (sky130_fd_sc_hd__clkbuf_4)
    17    0.067048    0.136400    0.269444    3.562563 v fanout118/X (sky130_fd_sc_hd__clkbuf_4)
                                                         net118 (net)
                      0.136460    0.002410    3.564973 v _294_/B (sky130_fd_sc_hd__or3_1)
     1    0.003114    0.067197    0.372307    3.937280 v _294_/X (sky130_fd_sc_hd__or3_1)
                                                         _148_ (net)
                      0.067197    0.000040    3.937320 v hold27/A (sky130_fd_sc_hd__dlygate4sd3_1)
     1    0.003433    0.057031    0.563368    4.500688 v hold27/X (sky130_fd_sc_hd__dlygate4sd3_1)
                                                         net167 (net)
                      0.057031    0.000047    4.500734 v _295_/B1 (sky130_fd_sc_hd__o211a_1)
     1    0.003537    0.042584    0.129026    4.629760 v _295_/X (sky130_fd_sc_hd__o211a_1)
                                                         _066_ (net)
                      0.042584    0.000056    4.629817 v hold28/A (sky130_fd_sc_hd__dlygate4sd3_1)
     1    0.002639    0.052068    0.545778    5.175594 v hold28/X (sky130_fd_sc_hd__dlygate4sd3_1)
                                                         net168 (net)
                      0.052068    0.000031    5.175625 v _368_/D (sky130_fd_sc_hd__dfxtp_1)
                                              5.175625   data arrival time

                                 10.000000   10.000000   clock wb_clk (rise edge)
                                  0.000000   10.000000   clock source latency
     2    0.031836    0.000000    0.000000   10.000000 ^ wb_clk_i (in)
                                                         wb_clk_i (net)
                      0.005609    0.002804   10.002804 ^ clkbuf_0_wb_clk_i/A (sky130_fd_sc_hd__clkbuf_16)
    17    0.150012    0.162243    0.205631   10.208435 ^ clkbuf_0_wb_clk_i/X (sky130_fd_sc_hd__clkbuf_16)
                                                         clknet_0_wb_clk_i (net)
                      0.162344    0.003288   10.211723 ^ clkbuf_3_5__f_wb_clk_i/A (sky130_fd_sc_hd__clkbuf_16)
    12    0.040119    0.060725    0.182330   10.394053 ^ clkbuf_3_5__f_wb_clk_i/X (sky130_fd_sc_hd__clkbuf_16)
                                                         clknet_3_5__leaf_wb_clk_i (net)
                      0.060748    0.001024   10.395077 ^ _368_/CLK (sky130_fd_sc_hd__dfxtp_1)
                                 -0.250000   10.145077   clock uncertainty
                                  0.000000   10.145077   clock reconvergence pessimism
                                 -0.109952   10.035125   library setup time
                                             10.035125   data required time
---------------------------------------------------------------------------------------------
                                             10.035125   data required time
                                             -5.175625   data arrival time
---------------------------------------------------------------------------------------------
                                              4.859500   slack (MET)




===========================================================================
report_checks --slack_max -0.01
============================================================================
======================= min_tt_025C_1v80 Corner ===================================

No paths found.


===========================================================================
 report_check_types -max_slew -max_cap -max_fanout -violators
============================================================================
======================= min_tt_025C_1v80 Corner ===================================

max fanout

Pin                                   Limit Fanout  Slack
---------------------------------------------------------
fanout103/X                              16     33    -17 (VIOLATED)
fanout104/X                              16     33    -17 (VIOLATED)
fanout105/X                              16     33    -17 (VIOLATED)
fanout106/X                              16     33    -17 (VIOLATED)
fanout107/X                              16     33    -17 (VIOLATED)
fanout108/X                              16     33    -17 (VIOLATED)
fanout110/X                              16     33    -17 (VIOLATED)
fanout111/X                              16     33    -17 (VIOLATED)
fanout112/X                              16     33    -17 (VIOLATED)
fanout114/X                              16     33    -17 (VIOLATED)
fanout115/X                              16     33    -17 (VIOLATED)
fanout117/X                              16     33    -17 (VIOLATED)
fanout119/X                              16     33    -17 (VIOLATED)
fanout121/X                              16     33    -17 (VIOLATED)
fanout109/X                              16     31    -15 (VIOLATED)
fanout113/X                              16     27    -11 (VIOLATED)
_161_/Y                                  16     25     -9 (VIOLATED)
clkbuf_3_2__f_wb_clk_i/X                 16     25     -9 (VIOLATED)
clkbuf_3_1__f_wb_clk_i/X                 16     23     -7 (VIOLATED)
clkbuf_3_0__f_wb_clk_i/X                 16     19     -3 (VIOLATED)
clkbuf_3_4__f_wb_clk_i/X                 16     19     -3 (VIOLATED)
fanout122/X                              16     18     -2 (VIOLATED)
clkbuf_0_wb_clk_i/X                      16     17        (VIOLATED)
fanout116/X                              16     17        (VIOLATED)
fanout118/X                              16     17        (VIOLATED)
fanout120/X                              16     17        (VIOLATED)



===========================================================================
report_parasitic_annotation -report_unannotated
============================================================================
Found 76 unannotated drivers.
 wb_adr_i[10]
 wb_adr_i[11]
 wb_adr_i[12]
 wb_adr_i[13]
 wb_adr_i[14]
 wb_adr_i[15]
 wb_adr_i[16]
 wb_adr_i[17]
 wb_adr_i[18]
 wb_adr_i[19]
 wb_adr_i[20]
 wb_adr_i[21]
 wb_adr_i[22]
 wb_adr_i[23]
 wb_adr_i[24]
 wb_adr_i[25]
 wb_adr_i[26]
 wb_adr_i[27]
 wb_adr_i[28]
 wb_adr_i[29]
 wb_adr_i[30]
 wb_adr_i[31]
 wb_dat_i[10]
 wb_dat_i[11]
 wb_dat_i[12]
 wb_dat_i[13]
 wb_dat_i[14]
 wb_dat_i[15]
 wb_dat_i[16]
 wb_dat_i[17]
 wb_dat_i[18]
 wb_dat_i[19]
 wb_dat_i[20]
 wb_dat_i[21]
 wb_dat_i[22]
 wb_dat_i[23]
 wb_dat_i[24]
 wb_dat_i[25]
 wb_dat_i[26]
 wb_dat_i[27]
 wb_dat_i[28]
 wb_dat_i[29]
 wb_dat_i[30]
 wb_dat_i[31]
 wb_dat_i[8]
 wb_dat_i[9]
 wb_sel_i[0]
 wb_sel_i[1]
 wb_sel_i[2]
 wb_sel_i[3]
 wr_buff_full
 clkload0/Y
 clkload1/X
 clkload2/X
 clkload3/Y
 clkload4/Y
 clkload5/Y
 clkload6/Y
 wb_slave_to_mem_sys_ports_123/HI
 wb_slave_to_mem_sys_ports_124/HI
 wb_slave_to_mem_sys_ports_125/HI
 wb_slave_to_mem_sys_ports_126/HI
 wb_slave_to_mem_sys_ports_127/HI
 wb_slave_to_mem_sys_ports_128/HI
 wb_slave_to_mem_sys_ports_129/HI
 wb_slave_to_mem_sys_ports_130/HI
 wb_slave_to_mem_sys_ports_131/HI
 wb_slave_to_mem_sys_ports_132/HI
 wb_slave_to_mem_sys_ports_133/HI
 wb_slave_to_mem_sys_ports_134/HI
 wb_slave_to_mem_sys_ports_135/HI
 wb_slave_to_mem_sys_ports_136/HI
 wb_slave_to_mem_sys_ports_137/HI
 wb_slave_to_mem_sys_ports_138/HI
 wb_slave_to_mem_sys_ports_139/HI
 wb_slave_to_mem_sys_ports_140/HI
Found 0 partially unannotated drivers.

===========================================================================
max slew violation count 0
max fanout violation count 26
max cap violation count 0
============================================================================

===========================================================================
check_setup -verbose -unconstrained_endpoints -multiple_clock -no_clock -no_input_delay -loops -generated_clocks
===========================================================================
Warning: There are 14 input ports missing set_input_delay.
  rd_buff_empty
  rd_buff_rdata[0]
  rd_buff_rdata[1]
  rd_buff_rdata[2]
  rd_buff_rdata[3]
  rd_buff_rdata[4]
  rd_buff_rdata[5]
  rd_buff_rdata[6]
  rd_buff_rdata[7]
  rpg_ack
  up_soft_reset
  wb_rst_i
  wpg_ack
  wr_buff_full
Warning: There are 48 unconstrained endpoints.
  rpg_burst_length[0]
  rpg_burst_length[1]
  rpg_burst_length[2]
  rpg_burst_length[3]
  rpg_burst_length[4]
  rpg_burst_length[5]
  rpg_burst_length[6]
  rpg_burst_length[7]
  rpg_burst_length[8]
  rpg_burst_length[9]
  rpg_st_addr[0]
  rpg_st_addr[1]
  rpg_st_addr[2]
  rpg_st_addr[3]
  rpg_st_addr[4]
  rpg_st_addr[5]
  rpg_st_addr[6]
  rpg_st_addr[7]
  rpg_st_addr[8]
  rpg_st_addr[9]
  wpg_burst_length[0]
  wpg_burst_length[1]
  wpg_burst_length[2]
  wpg_burst_length[3]
  wpg_burst_length[4]
  wpg_burst_length[5]
  wpg_burst_length[6]
  wpg_burst_length[7]
  wpg_burst_length[8]
  wpg_burst_length[9]
  wpg_st_addr[0]
  wpg_st_addr[1]
  wpg_st_addr[2]
  wpg_st_addr[3]
  wpg_st_addr[4]
  wpg_st_addr[5]
  wpg_st_addr[6]
  wpg_st_addr[7]
  wpg_st_addr[8]
  wpg_st_addr[9]
  wr_buff_wdata[0]
  wr_buff_wdata[1]
  wr_buff_wdata[2]
  wr_buff_wdata[3]
  wr_buff_wdata[4]
  wr_buff_wdata[5]
  wr_buff_wdata[6]
  wr_buff_wdata[7]
