Clock: wb_clk
Sources: wb_clk_i 
Generated: no
Virtual: yes
Propagated: no
Period: 10.000000

===========================================================================
report_clock_properties
============================================================================
Clock                   Period          Waveform
----------------------------------------------------
wb_clk               10.000000    0.000000  5.000000

===========================================================================
report_clock_latency
============================================================================
Clock wb_clk
rise -> rise
    min     max
0.000000 0.000000 source latency
0.388561         network latency _355_/CLK
        0.426571 network latency _323_/CLK
---------------
0.388561 0.426571 latency
        0.038009 skew

fall -> fall
    min     max
0.000000 0.000000 source latency
0.380115         network latency _355_/CLK
        0.408615 network latency _323_/CLK
---------------
0.380115 0.408615 latency
        0.028500 skew



===========================================================================
report_clock_min_period
============================================================================
wb_clk period_min = 3.18 fmax = 314.62
