Clock: clk
Sources: clk 
Generated: no
Virtual: yes
Propagated: no
Period: 10.000000

===========================================================================
report_clock_properties
============================================================================
Clock                   Period          Waveform
----------------------------------------------------
clk                  10.000000    0.000000  5.000000

===========================================================================
report_clock_latency
============================================================================
Clock clk
rise -> rise
    min     max
0.000000 0.000000 source latency
0.869961         network latency _0981_/CLK
        0.974313 network latency _0979_/CLK
---------------
0.869961 0.974313 latency
        0.104352 skew

fall -> fall
    min     max
0.000000 0.000000 source latency
0.794307         network latency _0981_/CLK
        0.871515 network latency _0979_/CLK
---------------
0.794307 0.871515 latency
        0.077208 skew



===========================================================================
report_clock_min_period
============================================================================
clk period_min = 3.61 fmax = 276.65
