Clock: wb_clk
Sources: wb_clk_i 
Generated: no
Virtual: yes
Propagated: no
Period: 10.000000

===========================================================================
report_clock_properties
============================================================================
Clock                   Period          Waveform
----------------------------------------------------
wb_clk               10.000000    0.000000  5.000000

===========================================================================
report_clock_latency
============================================================================
Clock wb_clk
rise -> rise
    min     max
0.000000 0.000000 source latency
0.494742         network latency _652_/CLK
        0.545080 network latency _665_/CLK
---------------
0.494742 0.545080 latency
        0.050338 skew

fall -> fall
    min     max
0.000000 0.000000 source latency
0.449167         network latency _652_/CLK
        0.486526 network latency _665_/CLK
---------------
0.449167 0.486526 latency
        0.037359 skew



===========================================================================
report_clock_min_period
============================================================================
wb_clk period_min = 3.40 fmax = 293.77
