Clock: clk
Sources: clk 
Generated: no
Virtual: yes
Propagated: no
Period: 10.000000

===========================================================================
report_clock_properties
============================================================================
Clock                   Period          Waveform
----------------------------------------------------
clk                  10.000000    0.000000  5.000000

===========================================================================
report_clock_latency
============================================================================
Clock clk
rise -> rise
    min     max
0.000000 0.000000 source latency
0.634932         network latency _3276_/CLK
        0.677520 network latency _3241_/CLK
---------------
0.634932 0.677520 latency
        0.042588 skew

fall -> fall
    min     max
0.000000 0.000000 source latency
0.604694         network latency _3300_/CLK
        0.638211 network latency _2985_/CLK
---------------
0.604694 0.638211 latency
        0.033517 skew



===========================================================================
report_clock_min_period
============================================================================
clk period_min = 5.26 fmax = 190.13
