Clock: wb_clk
Sources: wb_clk_i 
Generated: no
Virtual: yes
Propagated: no
Period: 10.000000

===========================================================================
report_clock_properties
============================================================================
Clock                   Period          Waveform
----------------------------------------------------
wb_clk               10.000000    0.000000  5.000000

===========================================================================
report_clock_latency
============================================================================
Clock wb_clk
rise -> rise
    min     max
0.000000 0.000000 source latency
0.273024         network latency _355_/CLK
        0.301014 network latency _323_/CLK
---------------
0.273024 0.301014 latency
        0.027990 skew

fall -> fall
    min     max
0.000000 0.000000 source latency
0.265897         network latency _355_/CLK
        0.286694 network latency _323_/CLK
---------------
0.265897 0.286694 latency
        0.020797 skew



===========================================================================
report_clock_min_period
============================================================================
wb_clk period_min = 2.11 fmax = 472.96
