Clock: clk
Sources: clk 
Generated: no
Virtual: yes
Propagated: no
Period: 10.000000

===========================================================================
report_clock_properties
============================================================================
Clock                   Period          Waveform
----------------------------------------------------
clk                  10.000000    0.000000  5.000000

===========================================================================
report_clock_latency
============================================================================
Clock clk
rise -> rise
    min     max
0.000000 0.000000 source latency
0.516884         network latency _1493_/CLK
        0.572495 network latency _1368_/CLK
---------------
0.516884 0.572495 latency
        0.055611 skew

fall -> fall
    min     max
0.000000 0.000000 source latency
0.520925         network latency _1493_/CLK
        0.561668 network latency _1368_/CLK
---------------
0.520925 0.561668 latency
        0.040743 skew



===========================================================================
report_clock_min_period
============================================================================
clk period_min = 4.70 fmax = 212.60
