Clock: clk
Sources: clk 
Generated: no
Virtual: yes
Propagated: no
Period: 10.000000

===========================================================================
report_clock_properties
============================================================================
Clock                   Period          Waveform
----------------------------------------------------
clk                  10.000000    0.000000  5.000000

===========================================================================
report_clock_latency
============================================================================
Clock clk
rise -> rise
    min     max
0.000000 0.000000 source latency
0.419052         network latency _3276_/CLK
        0.445586 network latency _3241_/CLK
---------------
0.419052 0.445586 latency
        0.026534 skew

fall -> fall
    min     max
0.000000 0.000000 source latency
0.401742         network latency _3048_/CLK
        0.422008 network latency _3241_/CLK
---------------
0.401742 0.422008 latency
        0.020266 skew



===========================================================================
report_clock_min_period
============================================================================
clk period_min = 3.35 fmax = 298.26
