Clock: clk
Sources: clk 
Generated: no
Virtual: yes
Propagated: no
Period: 10.000000

===========================================================================
report_clock_properties
============================================================================
Clock                   Period          Waveform
----------------------------------------------------
clk                  10.000000    0.000000  5.000000

===========================================================================
report_clock_latency
============================================================================
Clock clk
rise -> rise
    min     max
0.000000 0.000000 source latency
0.848539         network latency _0981_/CLK
        0.943719 network latency _0979_/CLK
---------------
0.848539 0.943719 latency
        0.095180 skew

fall -> fall
    min     max
0.000000 0.000000 source latency
0.777474         network latency _0981_/CLK
        0.846820 network latency _0979_/CLK
---------------
0.777474 0.846820 latency
        0.069346 skew



===========================================================================
report_clock_min_period
============================================================================
clk period_min = 3.60 fmax = 277.79
