
===========================================================================
report_checks -unconstrained
===========================================================================
======================= nom_ss_100C_1v60 Corner ===================================

Startpoint: wb_we_i (input port clocked by wb_clk)
Endpoint: _597_ (rising edge-triggered flip-flop clocked by wb_clk)
Path Group: wb_clk
Path Type: max

Fanout         Cap        Slew       Delay        Time   Description
---------------------------------------------------------------------------------------------
                                  0.000000    0.000000   clock wb_clk (rise edge)
                                  0.000000    0.000000   clock network delay (propagated)
                                  2.000000    2.000000 v input external delay
     2    0.005578    0.200000    0.000000    2.000000 v wb_we_i (in)
                                                         wb_we_i (net)
                      0.200227    0.000114    2.000114 v hold283/A (sky130_fd_sc_hd__dlygate4sd3_1)
     1    0.002180    0.100842    1.175736    3.175850 v hold283/X (sky130_fd_sc_hd__dlygate4sd3_1)
                                                         net558 (net)
                      0.100842    0.000062    3.175912 v input107/A (sky130_fd_sc_hd__dlymetal6s2s_1)
     4    0.017847    0.192194    0.402031    3.577943 v input107/X (sky130_fd_sc_hd__dlymetal6s2s_1)
                                                         net107 (net)
                      0.192194    0.000499    3.578442 v _516_/D (sky130_fd_sc_hd__and4b_2)
     5    0.027475    0.180852    0.681950    4.260392 v _516_/X (sky130_fd_sc_hd__and4b_2)
                                                         _137_ (net)
                      0.180852    0.000334    4.260725 v hold282/A (sky130_fd_sc_hd__dlygate4sd3_1)
     1    0.007741    0.153830    1.241850    5.502575 v hold282/X (sky130_fd_sc_hd__dlygate4sd3_1)
                                                         net557 (net)
                      0.153830    0.000312    5.502887 v fanout261/A (sky130_fd_sc_hd__buf_6)
    27    0.129956    0.201931    0.390717    5.893604 v fanout261/X (sky130_fd_sc_hd__buf_6)
                                                         net261 (net)
                      0.203315    0.013462    5.907066 v _335_/B (sky130_fd_sc_hd__or2_1)
     1    0.003424    0.102374    0.518160    6.425226 v _335_/X (sky130_fd_sc_hd__or2_1)
                                                         _187_ (net)
                      0.102374    0.000117    6.425343 v hold133/A (sky130_fd_sc_hd__dlygate4sd3_1)
     1    0.003336    0.110478    1.147678    7.573021 v hold133/X (sky130_fd_sc_hd__dlygate4sd3_1)
                                                         net408 (net)
                      0.110478    0.000075    7.573096 v _336_/C1 (sky130_fd_sc_hd__o211a_1)
     1    0.003704    0.079712    0.224947    7.798043 v _336_/X (sky130_fd_sc_hd__o211a_1)
                                                         _045_ (net)
                      0.079712    0.000124    7.798168 v hold134/A (sky130_fd_sc_hd__dlygate4sd3_1)
     1    0.002221    0.100941    1.117771    8.915938 v hold134/X (sky130_fd_sc_hd__dlygate4sd3_1)
                                                         net409 (net)
                      0.100941    0.000065    8.916003 v _597_/D (sky130_fd_sc_hd__dfxtp_1)
                                              8.916003   data arrival time

                                 10.000000   10.000000   clock wb_clk (rise edge)
                                  0.000000   10.000000   clock source latency
     2    0.038824    0.000000    0.000000   10.000000 ^ wb_clk_i (in)
                                                         wb_clk_i (net)
                      0.009431    0.004715   10.004716 ^ clkbuf_0_wb_clk_i/A (sky130_fd_sc_hd__clkbuf_16)
    33    0.246944    0.384649    0.433589   10.438305 ^ clkbuf_0_wb_clk_i/X (sky130_fd_sc_hd__clkbuf_16)
                                                         clknet_0_wb_clk_i (net)
                      0.387807    0.028040   10.466345 ^ clkbuf_4_1_0_wb_clk_i/A (sky130_fd_sc_hd__clkbuf_8)
     8    0.034172    0.118315    0.405915   10.872260 ^ clkbuf_4_1_0_wb_clk_i/X (sky130_fd_sc_hd__clkbuf_8)
                                                         clknet_4_1_0_wb_clk_i (net)
                      0.118382    0.002553   10.874812 ^ _597_/CLK (sky130_fd_sc_hd__dfxtp_1)
                                 -0.250000   10.624812   clock uncertainty
                                  0.000000   10.624812   clock reconvergence pessimism
                                 -0.268798   10.356014   library setup time
                                             10.356014   data required time
---------------------------------------------------------------------------------------------
                                             10.356014   data required time
                                             -8.916003   data arrival time
---------------------------------------------------------------------------------------------
                                              1.440011   slack (MET)




===========================================================================
report_checks --slack_max -0.01
============================================================================
======================= nom_ss_100C_1v60 Corner ===================================

No paths found.


===========================================================================
 report_check_types -max_slew -max_cap -max_fanout -violators
============================================================================
======================= nom_ss_100C_1v60 Corner ===================================

max fanout

Pin                                   Limit Fanout  Slack
---------------------------------------------------------
clkbuf_0_wb_clk_i/X                      16     33    -17 (VIOLATED)
fanout243/X                              16     33    -17 (VIOLATED)
fanout244/X                              16     33    -17 (VIOLATED)
fanout245/X                              16     33    -17 (VIOLATED)
fanout246/X                              16     33    -17 (VIOLATED)
fanout247/X                              16     33    -17 (VIOLATED)
fanout250/X                              16     33    -17 (VIOLATED)
fanout253/X                              16     33    -17 (VIOLATED)
fanout256/X                              16     33    -17 (VIOLATED)
fanout259/X                              16     33    -17 (VIOLATED)
fanout262/X                              16     33    -17 (VIOLATED)
fanout265/X                              16     33    -17 (VIOLATED)
fanout266/X                              16     33    -17 (VIOLATED)
fanout267/X                              16     33    -17 (VIOLATED)
fanout268/X                              16     33    -17 (VIOLATED)
fanout270/X                              16     33    -17 (VIOLATED)
fanout271/X                              16     33    -17 (VIOLATED)
fanout272/X                              16     33    -17 (VIOLATED)
fanout273/X                              16     33    -17 (VIOLATED)
fanout274/X                              16     33    -17 (VIOLATED)
fanout275/X                              16     33    -17 (VIOLATED)
fanout261/X                              16     27    -11 (VIOLATED)
fanout252/X                              16     25     -9 (VIOLATED)
clkbuf_4_7_0_wb_clk_i/X                  16     23     -7 (VIOLATED)
clkbuf_4_8_0_wb_clk_i/X                  16     23     -7 (VIOLATED)
fanout260/X                              16     23     -7 (VIOLATED)
fanout269/X                              16     23     -7 (VIOLATED)
fanout249/X                              16     21     -5 (VIOLATED)
fanout255/X                              16     21     -5 (VIOLATED)
fanout257/X                              16     21     -5 (VIOLATED)
fanout263/X                              16     21     -5 (VIOLATED)
fanout258/X                              16     19     -3 (VIOLATED)
fanout264/X                              16     19     -3 (VIOLATED)
fanout251/X                              16     17        (VIOLATED)



===========================================================================
report_parasitic_annotation -report_unannotated
============================================================================
Found 15 unannotated drivers.
 clkload0/Y
 clkload1/Y
 clkload10/X
 clkload11/X
 clkload12/X
 clkload13/Y
 clkload14/Y
 clkload2/X
 clkload3/X
 clkload4/Y
 clkload5/X
 clkload6/X
 clkload7/X
 clkload8/X
 clkload9/Y
Found 0 partially unannotated drivers.

===========================================================================
max slew violation count 0
max fanout violation count 34
max cap violation count 0
============================================================================

===========================================================================
check_setup -verbose -unconstrained_endpoints -multiple_clock -no_clock -no_input_delay -loops -generated_clocks
===========================================================================
Warning: There are 36 input ports missing set_input_delay.
  mem_rdata[0]
  mem_rdata[10]
  mem_rdata[11]
  mem_rdata[12]
  mem_rdata[13]
  mem_rdata[14]
  mem_rdata[15]
  mem_rdata[16]
  mem_rdata[17]
  mem_rdata[18]
  mem_rdata[19]
  mem_rdata[1]
  mem_rdata[20]
  mem_rdata[21]
  mem_rdata[22]
  mem_rdata[23]
  mem_rdata[24]
  mem_rdata[25]
  mem_rdata[26]
  mem_rdata[27]
  mem_rdata[28]
  mem_rdata[29]
  mem_rdata[2]
  mem_rdata[30]
  mem_rdata[31]
  mem_rdata[3]
  mem_rdata[4]
  mem_rdata[5]
  mem_rdata[6]
  mem_rdata[7]
  mem_rdata[8]
  mem_rdata[9]
  mem_rdy
  mem_wr_data_ack
  up_soft_reset
  wb_rst_i
Warning: There are 102 unconstrained endpoints.
  mem_raddr[0]
  mem_raddr[10]
  mem_raddr[11]
  mem_raddr[12]
  mem_raddr[13]
  mem_raddr[14]
  mem_raddr[15]
  mem_raddr[16]
  mem_raddr[17]
  mem_raddr[18]
  mem_raddr[19]
  mem_raddr[1]
  mem_raddr[20]
  mem_raddr[21]
  mem_raddr[22]
  mem_raddr[23]
  mem_raddr[24]
  mem_raddr[25]
  mem_raddr[26]
  mem_raddr[27]
  mem_raddr[28]
  mem_raddr[29]
  mem_raddr[2]
  mem_raddr[30]
  mem_raddr[31]
  mem_raddr[3]
  mem_raddr[4]
  mem_raddr[5]
  mem_raddr[6]
  mem_raddr[7]
  mem_raddr[8]
  mem_raddr[9]
  mem_re
  mem_waddr[0]
  mem_waddr[10]
  mem_waddr[11]
  mem_waddr[12]
  mem_waddr[13]
  mem_waddr[14]
  mem_waddr[15]
  mem_waddr[16]
  mem_waddr[17]
  mem_waddr[18]
  mem_waddr[19]
  mem_waddr[1]
  mem_waddr[20]
  mem_waddr[21]
  mem_waddr[22]
  mem_waddr[23]
  mem_waddr[24]
  mem_waddr[25]
  mem_waddr[26]
  mem_waddr[27]
  mem_waddr[28]
  mem_waddr[29]
  mem_waddr[2]
  mem_waddr[30]
  mem_waddr[31]
  mem_waddr[3]
  mem_waddr[4]
  mem_waddr[5]
  mem_waddr[6]
  mem_waddr[7]
  mem_waddr[8]
  mem_waddr[9]
  mem_wdata[0]
  mem_wdata[10]
  mem_wdata[11]
  mem_wdata[12]
  mem_wdata[13]
  mem_wdata[14]
  mem_wdata[15]
  mem_wdata[16]
  mem_wdata[17]
  mem_wdata[18]
  mem_wdata[19]
  mem_wdata[1]
  mem_wdata[20]
  mem_wdata[21]
  mem_wdata[22]
  mem_wdata[23]
  mem_wdata[24]
  mem_wdata[25]
  mem_wdata[26]
  mem_wdata[27]
  mem_wdata[28]
  mem_wdata[29]
  mem_wdata[2]
  mem_wdata[30]
  mem_wdata[31]
  mem_wdata[3]
  mem_wdata[4]
  mem_wdata[5]
  mem_wdata[6]
  mem_wdata[7]
  mem_wdata[8]
  mem_wdata[9]
  mem_we
  mem_wmask[0]
  mem_wmask[1]
  mem_wmask[2]
  mem_wmask[3]
