Clock: wb_clk
Sources: wb_clk_i 
Generated: no
Virtual: yes
Propagated: no
Period: 10.000000

===========================================================================
report_clock_properties
============================================================================
Clock                   Period          Waveform
----------------------------------------------------
wb_clk               10.000000    0.000000  5.000000

===========================================================================
report_clock_latency
============================================================================
Clock wb_clk
rise -> rise
    min     max
0.000000 0.000000 source latency
0.843565         network latency _652_/CLK
        0.920663 network latency _665_/CLK
---------------
0.843565 0.920663 latency
        0.077098 skew

fall -> fall
    min     max
0.000000 0.000000 source latency
0.772136         network latency _652_/CLK
        0.831820 network latency _665_/CLK
---------------
0.772136 0.831820 latency
        0.059684 skew



===========================================================================
report_clock_min_period
============================================================================
wb_clk period_min = 6.74 fmax = 148.36
