
===========================================================================
report_checks -unconstrained
===========================================================================
======================= max_tt_025C_1v80 Corner ===================================

Startpoint: wb_we_i (input port clocked by wb_clk)
Endpoint: _597_ (rising edge-triggered flip-flop clocked by wb_clk)
Path Group: wb_clk
Path Type: max

Fanout         Cap        Slew       Delay        Time   Description
---------------------------------------------------------------------------------------------
                                  0.000000    0.000000   clock wb_clk (rise edge)
                                  0.000000    0.000000   clock network delay (propagated)
                                  2.000000    2.000000 v input external delay
     2    0.005807    0.200000    0.000000    2.000000 v wb_we_i (in)
                                                         wb_we_i (net)
                      0.200494    0.000247    2.000247 v hold283/A (sky130_fd_sc_hd__dlygate4sd3_1)
     1    0.002310    0.050453    0.613442    2.613690 v hold283/X (sky130_fd_sc_hd__dlygate4sd3_1)
                                                         net558 (net)
                      0.050453    0.000153    2.613842 v input107/A (sky130_fd_sc_hd__dlymetal6s2s_1)
     4    0.018323    0.102601    0.195214    2.809057 v input107/X (sky130_fd_sc_hd__dlymetal6s2s_1)
                                                         net107 (net)
                      0.102615    0.001245    2.810302 v _516_/D (sky130_fd_sc_hd__and4b_2)
     5    0.028163    0.100044    0.328783    3.139085 v _516_/X (sky130_fd_sc_hd__and4b_2)
                                                         _137_ (net)
                      0.100047    0.000772    3.139858 v hold282/A (sky130_fd_sc_hd__dlygate4sd3_1)
     1    0.007951    0.079131    0.607223    3.747081 v hold282/X (sky130_fd_sc_hd__dlygate4sd3_1)
                                                         net557 (net)
                      0.079131    0.000636    3.747717 v fanout261/A (sky130_fd_sc_hd__buf_6)
    27    0.136682    0.122420    0.207868    3.955585 v fanout261/X (sky130_fd_sc_hd__buf_6)
                                                         net261 (net)
                      0.128059    0.020606    3.976191 v _335_/B (sky130_fd_sc_hd__or2_1)
     1    0.003569    0.052195    0.239374    4.215565 v _335_/X (sky130_fd_sc_hd__or2_1)
                                                         _187_ (net)
                      0.052195    0.000284    4.215849 v hold133/A (sky130_fd_sc_hd__dlygate4sd3_1)
     1    0.003337    0.056502    0.555834    4.771683 v hold133/X (sky130_fd_sc_hd__dlygate4sd3_1)
                                                         net408 (net)
                      0.056502    0.000143    4.771827 v _336_/C1 (sky130_fd_sc_hd__o211a_1)
     1    0.003999    0.044484    0.115105    4.886932 v _336_/X (sky130_fd_sc_hd__o211a_1)
                                                         _045_ (net)
                      0.044484    0.000284    4.887216 v hold134/A (sky130_fd_sc_hd__dlygate4sd3_1)
     1    0.002346    0.050407    0.543813    5.431029 v hold134/X (sky130_fd_sc_hd__dlygate4sd3_1)
                                                         net409 (net)
                      0.050407    0.000170    5.431199 v _597_/D (sky130_fd_sc_hd__dfxtp_1)
                                              5.431199   data arrival time

                                 10.000000   10.000000   clock wb_clk (rise edge)
                                  0.000000   10.000000   clock source latency
     2    0.041331    0.000000    0.000000   10.000000 ^ wb_clk_i (in)
                                                         wb_clk_i (net)
                      0.012781    0.006390   10.006391 ^ clkbuf_0_wb_clk_i/A (sky130_fd_sc_hd__clkbuf_16)
    33    0.252304    0.262548    0.259392   10.265783 ^ clkbuf_0_wb_clk_i/X (sky130_fd_sc_hd__clkbuf_16)
                                                         clknet_0_wb_clk_i (net)
                      0.274101    0.043367   10.309151 ^ clkbuf_4_1_0_wb_clk_i/A (sky130_fd_sc_hd__clkbuf_8)
     8    0.036879    0.079537    0.227489   10.536639 ^ clkbuf_4_1_0_wb_clk_i/X (sky130_fd_sc_hd__clkbuf_8)
                                                         clknet_4_1_0_wb_clk_i (net)
                      0.080172    0.005198   10.541837 ^ _597_/CLK (sky130_fd_sc_hd__dfxtp_1)
                                 -0.250000   10.291837   clock uncertainty
                                  0.000000   10.291837   clock reconvergence pessimism
                                 -0.104683   10.187154   library setup time
                                             10.187154   data required time
---------------------------------------------------------------------------------------------
                                             10.187154   data required time
                                             -5.431199   data arrival time
---------------------------------------------------------------------------------------------
                                              4.755955   slack (MET)




===========================================================================
report_checks --slack_max -0.01
============================================================================
======================= max_tt_025C_1v80 Corner ===================================

No paths found.


===========================================================================
 report_check_types -max_slew -max_cap -max_fanout -violators
============================================================================
======================= max_tt_025C_1v80 Corner ===================================

max fanout

Pin                                   Limit Fanout  Slack
---------------------------------------------------------
clkbuf_0_wb_clk_i/X                      16     33    -17 (VIOLATED)
fanout243/X                              16     33    -17 (VIOLATED)
fanout244/X                              16     33    -17 (VIOLATED)
fanout245/X                              16     33    -17 (VIOLATED)
fanout246/X                              16     33    -17 (VIOLATED)
fanout247/X                              16     33    -17 (VIOLATED)
fanout250/X                              16     33    -17 (VIOLATED)
fanout253/X                              16     33    -17 (VIOLATED)
fanout256/X                              16     33    -17 (VIOLATED)
fanout259/X                              16     33    -17 (VIOLATED)
fanout262/X                              16     33    -17 (VIOLATED)
fanout265/X                              16     33    -17 (VIOLATED)
fanout266/X                              16     33    -17 (VIOLATED)
fanout267/X                              16     33    -17 (VIOLATED)
fanout268/X                              16     33    -17 (VIOLATED)
fanout270/X                              16     33    -17 (VIOLATED)
fanout271/X                              16     33    -17 (VIOLATED)
fanout272/X                              16     33    -17 (VIOLATED)
fanout273/X                              16     33    -17 (VIOLATED)
fanout274/X                              16     33    -17 (VIOLATED)
fanout275/X                              16     33    -17 (VIOLATED)
fanout261/X                              16     27    -11 (VIOLATED)
fanout252/X                              16     25     -9 (VIOLATED)
clkbuf_4_7_0_wb_clk_i/X                  16     23     -7 (VIOLATED)
clkbuf_4_8_0_wb_clk_i/X                  16     23     -7 (VIOLATED)
fanout260/X                              16     23     -7 (VIOLATED)
fanout269/X                              16     23     -7 (VIOLATED)
fanout249/X                              16     21     -5 (VIOLATED)
fanout255/X                              16     21     -5 (VIOLATED)
fanout257/X                              16     21     -5 (VIOLATED)
fanout263/X                              16     21     -5 (VIOLATED)
fanout258/X                              16     19     -3 (VIOLATED)
fanout264/X                              16     19     -3 (VIOLATED)
fanout251/X                              16     17        (VIOLATED)



===========================================================================
report_parasitic_annotation -report_unannotated
============================================================================
Found 15 unannotated drivers.
 clkload0/Y
 clkload1/Y
 clkload10/X
 clkload11/X
 clkload12/X
 clkload13/Y
 clkload14/Y
 clkload2/X
 clkload3/X
 clkload4/Y
 clkload5/X
 clkload6/X
 clkload7/X
 clkload8/X
 clkload9/Y
Found 0 partially unannotated drivers.

===========================================================================
max slew violation count 0
max fanout violation count 34
max cap violation count 0
============================================================================

===========================================================================
check_setup -verbose -unconstrained_endpoints -multiple_clock -no_clock -no_input_delay -loops -generated_clocks
===========================================================================
Warning: There are 36 input ports missing set_input_delay.
  mem_rdata[0]
  mem_rdata[10]
  mem_rdata[11]
  mem_rdata[12]
  mem_rdata[13]
  mem_rdata[14]
  mem_rdata[15]
  mem_rdata[16]
  mem_rdata[17]
  mem_rdata[18]
  mem_rdata[19]
  mem_rdata[1]
  mem_rdata[20]
  mem_rdata[21]
  mem_rdata[22]
  mem_rdata[23]
  mem_rdata[24]
  mem_rdata[25]
  mem_rdata[26]
  mem_rdata[27]
  mem_rdata[28]
  mem_rdata[29]
  mem_rdata[2]
  mem_rdata[30]
  mem_rdata[31]
  mem_rdata[3]
  mem_rdata[4]
  mem_rdata[5]
  mem_rdata[6]
  mem_rdata[7]
  mem_rdata[8]
  mem_rdata[9]
  mem_rdy
  mem_wr_data_ack
  up_soft_reset
  wb_rst_i
Warning: There are 102 unconstrained endpoints.
  mem_raddr[0]
  mem_raddr[10]
  mem_raddr[11]
  mem_raddr[12]
  mem_raddr[13]
  mem_raddr[14]
  mem_raddr[15]
  mem_raddr[16]
  mem_raddr[17]
  mem_raddr[18]
  mem_raddr[19]
  mem_raddr[1]
  mem_raddr[20]
  mem_raddr[21]
  mem_raddr[22]
  mem_raddr[23]
  mem_raddr[24]
  mem_raddr[25]
  mem_raddr[26]
  mem_raddr[27]
  mem_raddr[28]
  mem_raddr[29]
  mem_raddr[2]
  mem_raddr[30]
  mem_raddr[31]
  mem_raddr[3]
  mem_raddr[4]
  mem_raddr[5]
  mem_raddr[6]
  mem_raddr[7]
  mem_raddr[8]
  mem_raddr[9]
  mem_re
  mem_waddr[0]
  mem_waddr[10]
  mem_waddr[11]
  mem_waddr[12]
  mem_waddr[13]
  mem_waddr[14]
  mem_waddr[15]
  mem_waddr[16]
  mem_waddr[17]
  mem_waddr[18]
  mem_waddr[19]
  mem_waddr[1]
  mem_waddr[20]
  mem_waddr[21]
  mem_waddr[22]
  mem_waddr[23]
  mem_waddr[24]
  mem_waddr[25]
  mem_waddr[26]
  mem_waddr[27]
  mem_waddr[28]
  mem_waddr[29]
  mem_waddr[2]
  mem_waddr[30]
  mem_waddr[31]
  mem_waddr[3]
  mem_waddr[4]
  mem_waddr[5]
  mem_waddr[6]
  mem_waddr[7]
  mem_waddr[8]
  mem_waddr[9]
  mem_wdata[0]
  mem_wdata[10]
  mem_wdata[11]
  mem_wdata[12]
  mem_wdata[13]
  mem_wdata[14]
  mem_wdata[15]
  mem_wdata[16]
  mem_wdata[17]
  mem_wdata[18]
  mem_wdata[19]
  mem_wdata[1]
  mem_wdata[20]
  mem_wdata[21]
  mem_wdata[22]
  mem_wdata[23]
  mem_wdata[24]
  mem_wdata[25]
  mem_wdata[26]
  mem_wdata[27]
  mem_wdata[28]
  mem_wdata[29]
  mem_wdata[2]
  mem_wdata[30]
  mem_wdata[31]
  mem_wdata[3]
  mem_wdata[4]
  mem_wdata[5]
  mem_wdata[6]
  mem_wdata[7]
  mem_wdata[8]
  mem_wdata[9]
  mem_we
  mem_wmask[0]
  mem_wmask[1]
  mem_wmask[2]
  mem_wmask[3]
