
===========================================================================
report_checks -unconstrained
===========================================================================
======================= max_tt_025C_1v80 Corner ===================================

Startpoint: _0986_ (rising edge-triggered flip-flop clocked by clk)
Endpoint: _0986_ (rising edge-triggered flip-flop clocked by clk)
Path Group: clk
Path Type: max

Fanout         Cap        Slew       Delay        Time   Description
---------------------------------------------------------------------------------------------
                                  0.000000    0.000000   clock clk (rise edge)
                                  0.000000    0.000000   clock source latency
     2    0.056690    0.000000    0.000000    0.000000 ^ clk (in)
                                                         clk (net)
                      0.007951    0.003976    0.003976 ^ clkbuf_0_clk/A (sky130_fd_sc_hd__clkbuf_16)
    33    0.235552    0.246029    0.251700    0.255675 ^ clkbuf_0_clk/X (sky130_fd_sc_hd__clkbuf_16)
                                                         clknet_0_clk (net)
                      0.251751    0.029820    0.285495 ^ clkbuf_4_0_0_clk/A (sky130_fd_sc_hd__clkbuf_8)
    16    0.058286    0.112934    0.243527    0.529022 ^ clkbuf_4_0_0_clk/X (sky130_fd_sc_hd__clkbuf_8)
                                                         clknet_4_0_0_clk (net)
                      0.114344    0.010066    0.539088 ^ _0986_/CLK (sky130_fd_sc_hd__dfrtp_1)
     2    0.012378    0.081056    0.426683    0.965772 v _0986_/Q (sky130_fd_sc_hd__dfrtp_1)
                                                         net273 (net)
                      0.081056    0.000344    0.966116 v hold153/A (sky130_fd_sc_hd__dlygate4sd3_1)
     1    0.002694    0.052304    0.563021    1.529137 v hold153/X (sky130_fd_sc_hd__dlygate4sd3_1)
                                                         net528 (net)
                      0.052304    0.000198    1.529335 v _0732_/A1 (sky130_fd_sc_hd__mux2_1)
     1    0.002578    0.058195    0.287249    1.816584 v _0732_/X (sky130_fd_sc_hd__mux2_1)
                                                         _0384_ (net)
                      0.058195    0.000173    1.816758 v _0733_/A1 (sky130_fd_sc_hd__mux2_1)
     1    0.002315    0.052265    0.286823    2.103581 v _0733_/X (sky130_fd_sc_hd__mux2_1)
                                                         _0106_ (net)
                      0.052291    0.000169    2.103750 v _0986_/D (sky130_fd_sc_hd__dfrtp_1)
                                              2.103750   data arrival time

                                 10.000000   10.000000   clock clk (rise edge)
                                  0.000000   10.000000   clock source latency
     2    0.056690    0.000000    0.000000   10.000000 ^ clk (in)
                                                         clk (net)
                      0.007951    0.003975   10.003976 ^ clkbuf_0_clk/A (sky130_fd_sc_hd__clkbuf_16)
    33    0.235552    0.246029    0.251699   10.255674 ^ clkbuf_0_clk/X (sky130_fd_sc_hd__clkbuf_16)
                                                         clknet_0_clk (net)
                      0.251751    0.029821   10.285496 ^ clkbuf_4_0_0_clk/A (sky130_fd_sc_hd__clkbuf_8)
    16    0.058286    0.112934    0.243527   10.529022 ^ clkbuf_4_0_0_clk/X (sky130_fd_sc_hd__clkbuf_8)
                                                         clknet_4_0_0_clk (net)
                      0.114344    0.010066   10.539088 ^ _0986_/CLK (sky130_fd_sc_hd__dfrtp_1)
                                  0.000000   10.539088   clock reconvergence pessimism
                                 -0.101574   10.437513   library setup time
                                             10.437513   data required time
---------------------------------------------------------------------------------------------
                                             10.437513   data required time
                                             -2.103750   data arrival time
---------------------------------------------------------------------------------------------
                                              8.333763   slack (MET)




===========================================================================
report_checks --slack_max -0.01
============================================================================
======================= max_tt_025C_1v80 Corner ===================================

No paths found.


===========================================================================
 report_check_types -max_slew -max_cap -max_fanout -violators
============================================================================
======================= max_tt_025C_1v80 Corner ===================================

max slew

Pin                                        Limit        Slew       Slack
------------------------------------------------------------------------
ANTENNA__0920__RESET_B/DIODE            1.500000    1.526448   -0.026448 (VIOLATED)
_0920_/RESET_B                          1.500000    1.526387   -0.026387 (VIOLATED)
ANTENNA__0983__RESET_B/DIODE            1.500000    1.526347   -0.026347 (VIOLATED)
_0983_/RESET_B                          1.500000    1.526313   -0.026314 (VIOLATED)
ANTENNA__0931__RESET_B/DIODE            1.500000    1.526155   -0.026155 (VIOLATED)
ANTENNA__0961__RESET_B/DIODE            1.500000    1.526109   -0.026109 (VIOLATED)
_0931_/RESET_B                          1.500000    1.525666   -0.025666 (VIOLATED)
ANTENNA__0863__RESET_B/DIODE            1.500000    1.525661   -0.025661 (VIOLATED)
_0863_/RESET_B                          1.500000    1.525602   -0.025602 (VIOLATED)
_0952_/RESET_B                          1.500000    1.525531   -0.025531 (VIOLATED)
ANTENNA__0952__RESET_B/DIODE            1.500000    1.525166   -0.025166 (VIOLATED)
_0961_/RESET_B                          1.500000    1.524103   -0.024103 (VIOLATED)
ANTENNA__0862__RESET_B/DIODE            1.500000    1.522888   -0.022888 (VIOLATED)
ANTENNA__0841__RESET_B/DIODE            1.500000    1.522829   -0.022829 (VIOLATED)
_0862_/RESET_B                          1.500000    1.522820   -0.022820 (VIOLATED)
ANTENNA__0928__RESET_B/DIODE            1.500000    1.522032   -0.022032 (VIOLATED)
_0928_/RESET_B                          1.500000    1.521957   -0.021957 (VIOLATED)
_0841_/RESET_B                          1.500000    1.521872   -0.021872 (VIOLATED)
_0986_/RESET_B                          1.500000    1.521853   -0.021853 (VIOLATED)
ANTENNA__0986__RESET_B/DIODE            1.500000    1.521549   -0.021549 (VIOLATED)
ANTENNA__0951__RESET_B/DIODE            1.500000    1.520639   -0.020639 (VIOLATED)
_0951_/RESET_B                          1.500000    1.518939   -0.018939 (VIOLATED)
_0973_/RESET_B                          1.500000    1.516216   -0.016216 (VIOLATED)
ANTENNA__0973__RESET_B/DIODE            1.500000    1.516002   -0.016002 (VIOLATED)
ANTENNA__0975__RESET_B/DIODE            1.500000    1.513253   -0.013254 (VIOLATED)
_0953_/RESET_B                          1.500000    1.509461   -0.009461 (VIOLATED)
_0975_/RESET_B                          1.500000    1.509242   -0.009242 (VIOLATED)
ANTENNA__0953__RESET_B/DIODE            1.500000    1.504020   -0.004020 (VIOLATED)
_0917_/RESET_B                          1.500000    1.501783   -0.001783 (VIOLATED)
ANTENNA__0917__RESET_B/DIODE            1.500000    1.501745   -0.001745 (VIOLATED)
ANTENNA__0853__RESET_B/DIODE            1.500000    1.501695   -0.001695 (VIOLATED)
_0853_/RESET_B                          1.500000    1.501634   -0.001634 (VIOLATED)



===========================================================================
report_parasitic_annotation -report_unannotated
============================================================================
Found 112 unannotated drivers.
 host_rd_buff_empty
 uart_mem_raddr[0]
 uart_mem_raddr[1]
 uart_mem_raddr[2]
 uart_mem_raddr[3]
 uart_mem_raddr[4]
 uart_mem_raddr[5]
 uart_mem_raddr[6]
 uart_mem_raddr[7]
 uart_mem_wdata[22]
 uart_mem_wdata[23]
 uart_mem_wdata[24]
 uart_mem_wdata[25]
 uart_mem_wdata[26]
 uart_mem_wdata[27]
 uart_mem_wdata[28]
 uart_mem_wdata[29]
 uart_mem_wdata[30]
 uart_mem_wdata[31]
 wb_slave_mem_raddr[28]
 wb_slave_mem_raddr[29]
 wb_slave_mem_raddr[30]
 wb_slave_mem_raddr[31]
 wb_slave_mem_waddr[28]
 wb_slave_mem_waddr[29]
 wb_slave_mem_waddr[30]
 wb_slave_mem_waddr[31]
 wb_slave_mem_wdata[22]
 wb_slave_mem_wdata[23]
 wb_slave_mem_wdata[24]
 wb_slave_mem_wdata[25]
 wb_slave_mem_wdata[26]
 wb_slave_mem_wdata[27]
 wb_slave_mem_wdata[28]
 wb_slave_mem_wdata[29]
 wb_slave_mem_wdata[30]
 wb_slave_mem_wdata[31]
 wb_slave_mem_wmask[0]
 wb_slave_mem_wmask[1]
 wb_slave_mem_wmask[2]
 wb_slave_mem_wmask[3]
 clkload0/X
 clkload1/Y
 clkload10/Y
 clkload11/Y
 clkload12/Y
 clkload13/X
 clkload14/Y
 clkload2/Y
 clkload3/Y
 clkload4/Y
 clkload5/X
 clkload6/Y
 clkload7/Y
 clkload8/Y
 clkload9/X
 command_arbiter_decoder_320/HI
 command_arbiter_decoder_321/HI
 command_arbiter_decoder_322/HI
 command_arbiter_decoder_323/HI
 command_arbiter_decoder_324/HI
 command_arbiter_decoder_325/HI
 command_arbiter_decoder_326/HI
 command_arbiter_decoder_327/HI
 command_arbiter_decoder_328/HI
 command_arbiter_decoder_329/HI
 command_arbiter_decoder_330/HI
 command_arbiter_decoder_331/HI
 command_arbiter_decoder_332/HI
 command_arbiter_decoder_333/HI
 command_arbiter_decoder_334/HI
 command_arbiter_decoder_335/HI
 command_arbiter_decoder_336/HI
 command_arbiter_decoder_337/HI
 command_arbiter_decoder_338/HI
 command_arbiter_decoder_339/HI
 command_arbiter_decoder_340/HI
 command_arbiter_decoder_341/HI
 command_arbiter_decoder_342/HI
 command_arbiter_decoder_343/HI
 command_arbiter_decoder_344/HI
 command_arbiter_decoder_345/HI
 command_arbiter_decoder_346/HI
 command_arbiter_decoder_347/HI
 command_arbiter_decoder_348/HI
 command_arbiter_decoder_349/HI
 command_arbiter_decoder_350/HI
 command_arbiter_decoder_351/HI
 command_arbiter_decoder_352/HI
 command_arbiter_decoder_353/HI
 command_arbiter_decoder_354/HI
 command_arbiter_decoder_355/HI
 command_arbiter_decoder_356/HI
 command_arbiter_decoder_357/HI
 command_arbiter_decoder_358/HI
 command_arbiter_decoder_359/HI
 command_arbiter_decoder_360/HI
 command_arbiter_decoder_361/HI
 command_arbiter_decoder_362/HI
 command_arbiter_decoder_363/HI
 command_arbiter_decoder_364/HI
 command_arbiter_decoder_365/HI
 command_arbiter_decoder_366/HI
 command_arbiter_decoder_367/HI
 command_arbiter_decoder_368/HI
 command_arbiter_decoder_369/HI
 command_arbiter_decoder_370/HI
 command_arbiter_decoder_371/HI
 command_arbiter_decoder_372/HI
 command_arbiter_decoder_373/HI
 command_arbiter_decoder_374/HI
 command_arbiter_decoder_375/LO
Found 0 partially unannotated drivers.

===========================================================================
max slew violation count 32
max fanout violation count 0
max cap violation count 0
============================================================================

===========================================================================
check_setup -verbose -unconstrained_endpoints -multiple_clock -no_clock -no_input_delay -loops -generated_clocks
===========================================================================
Warning: There are 167 input ports missing set_input_delay.
  arst_n
  drw_inc_busy
  host_rd_buff_empty
  host_rd_buff_rdata[0]
  host_rd_buff_rdata[1]
  host_rd_buff_rdata[2]
  host_rd_buff_rdata[3]
  host_rd_buff_rdata[4]
  host_rd_buff_rdata[5]
  host_rd_buff_rdata[6]
  host_rd_buff_rdata[7]
  host_rpg_ack
  host_wpg_ack
  host_wr_buff_full
  uart_mem_raddr[0]
  uart_mem_raddr[1]
  uart_mem_raddr[2]
  uart_mem_raddr[3]
  uart_mem_raddr[4]
  uart_mem_raddr[5]
  uart_mem_raddr[6]
  uart_mem_raddr[7]
  uart_mem_re
  uart_mem_waddr[0]
  uart_mem_waddr[1]
  uart_mem_waddr[2]
  uart_mem_waddr[3]
  uart_mem_waddr[4]
  uart_mem_waddr[5]
  uart_mem_waddr[6]
  uart_mem_waddr[7]
  uart_mem_wdata[0]
  uart_mem_wdata[10]
  uart_mem_wdata[11]
  uart_mem_wdata[12]
  uart_mem_wdata[13]
  uart_mem_wdata[14]
  uart_mem_wdata[15]
  uart_mem_wdata[16]
  uart_mem_wdata[17]
  uart_mem_wdata[18]
  uart_mem_wdata[19]
  uart_mem_wdata[1]
  uart_mem_wdata[20]
  uart_mem_wdata[21]
  uart_mem_wdata[22]
  uart_mem_wdata[23]
  uart_mem_wdata[24]
  uart_mem_wdata[25]
  uart_mem_wdata[26]
  uart_mem_wdata[27]
  uart_mem_wdata[28]
  uart_mem_wdata[29]
  uart_mem_wdata[2]
  uart_mem_wdata[30]
  uart_mem_wdata[31]
  uart_mem_wdata[3]
  uart_mem_wdata[4]
  uart_mem_wdata[5]
  uart_mem_wdata[6]
  uart_mem_wdata[7]
  uart_mem_wdata[8]
  uart_mem_wdata[9]
  uart_mem_we
  wb_mem_sys_wb_ack_o
  wb_slave_mem_raddr[0]
  wb_slave_mem_raddr[10]
  wb_slave_mem_raddr[11]
  wb_slave_mem_raddr[12]
  wb_slave_mem_raddr[13]
  wb_slave_mem_raddr[14]
  wb_slave_mem_raddr[15]
  wb_slave_mem_raddr[16]
  wb_slave_mem_raddr[17]
  wb_slave_mem_raddr[18]
  wb_slave_mem_raddr[19]
  wb_slave_mem_raddr[1]
  wb_slave_mem_raddr[20]
  wb_slave_mem_raddr[21]
  wb_slave_mem_raddr[22]
  wb_slave_mem_raddr[23]
  wb_slave_mem_raddr[24]
  wb_slave_mem_raddr[25]
  wb_slave_mem_raddr[26]
  wb_slave_mem_raddr[27]
  wb_slave_mem_raddr[28]
  wb_slave_mem_raddr[29]
  wb_slave_mem_raddr[2]
  wb_slave_mem_raddr[30]
  wb_slave_mem_raddr[31]
  wb_slave_mem_raddr[3]
  wb_slave_mem_raddr[4]
  wb_slave_mem_raddr[5]
  wb_slave_mem_raddr[6]
  wb_slave_mem_raddr[7]
  wb_slave_mem_raddr[8]
  wb_slave_mem_raddr[9]
  wb_slave_mem_re
  wb_slave_mem_waddr[0]
  wb_slave_mem_waddr[10]
  wb_slave_mem_waddr[11]
  wb_slave_mem_waddr[12]
  wb_slave_mem_waddr[13]
  wb_slave_mem_waddr[14]
  wb_slave_mem_waddr[15]
  wb_slave_mem_waddr[16]
  wb_slave_mem_waddr[17]
  wb_slave_mem_waddr[18]
  wb_slave_mem_waddr[19]
  wb_slave_mem_waddr[1]
  wb_slave_mem_waddr[20]
  wb_slave_mem_waddr[21]
  wb_slave_mem_waddr[22]
  wb_slave_mem_waddr[23]
  wb_slave_mem_waddr[24]
  wb_slave_mem_waddr[25]
  wb_slave_mem_waddr[26]
  wb_slave_mem_waddr[27]
  wb_slave_mem_waddr[28]
  wb_slave_mem_waddr[29]
  wb_slave_mem_waddr[2]
  wb_slave_mem_waddr[30]
  wb_slave_mem_waddr[31]
  wb_slave_mem_waddr[3]
  wb_slave_mem_waddr[4]
  wb_slave_mem_waddr[5]
  wb_slave_mem_waddr[6]
  wb_slave_mem_waddr[7]
  wb_slave_mem_waddr[8]
  wb_slave_mem_waddr[9]
  wb_slave_mem_wdata[0]
  wb_slave_mem_wdata[10]
  wb_slave_mem_wdata[11]
  wb_slave_mem_wdata[12]
  wb_slave_mem_wdata[13]
  wb_slave_mem_wdata[14]
  wb_slave_mem_wdata[15]
  wb_slave_mem_wdata[16]
  wb_slave_mem_wdata[17]
  wb_slave_mem_wdata[18]
  wb_slave_mem_wdata[19]
  wb_slave_mem_wdata[1]
  wb_slave_mem_wdata[20]
  wb_slave_mem_wdata[21]
  wb_slave_mem_wdata[22]
  wb_slave_mem_wdata[23]
  wb_slave_mem_wdata[24]
  wb_slave_mem_wdata[25]
  wb_slave_mem_wdata[26]
  wb_slave_mem_wdata[27]
  wb_slave_mem_wdata[28]
  wb_slave_mem_wdata[29]
  wb_slave_mem_wdata[2]
  wb_slave_mem_wdata[30]
  wb_slave_mem_wdata[31]
  wb_slave_mem_wdata[3]
  wb_slave_mem_wdata[4]
  wb_slave_mem_wdata[5]
  wb_slave_mem_wdata[6]
  wb_slave_mem_wdata[7]
  wb_slave_mem_wdata[8]
  wb_slave_mem_wdata[9]
  wb_slave_mem_we
  wb_slave_mem_wmask[0]
  wb_slave_mem_wmask[1]
  wb_slave_mem_wmask[2]
  wb_slave_mem_wmask[3]
Warning: There are 253 unconstrained endpoints.
  conf_logics_0[0]
  conf_logics_0[10]
  conf_logics_0[11]
  conf_logics_0[12]
  conf_logics_0[13]
  conf_logics_0[14]
  conf_logics_0[15]
  conf_logics_0[16]
  conf_logics_0[17]
  conf_logics_0[18]
  conf_logics_0[19]
  conf_logics_0[1]
  conf_logics_0[20]
  conf_logics_0[2]
  conf_logics_0[3]
  conf_logics_0[4]
  conf_logics_0[5]
  conf_logics_0[6]
  conf_logics_0[7]
  conf_logics_0[8]
  conf_logics_0[9]
  conf_logics_1[0]
  conf_logics_1[10]
  conf_logics_1[11]
  conf_logics_1[12]
  conf_logics_1[13]
  conf_logics_1[14]
  conf_logics_1[15]
  conf_logics_1[16]
  conf_logics_1[17]
  conf_logics_1[18]
  conf_logics_1[19]
  conf_logics_1[1]
  conf_logics_1[20]
  conf_logics_1[2]
  conf_logics_1[3]
  conf_logics_1[4]
  conf_logics_1[5]
  conf_logics_1[6]
  conf_logics_1[7]
  conf_logics_1[8]
  conf_logics_1[9]
  drw_inc_start
  host_rd_buff_rden
  host_rpg_burst_length[0]
  host_rpg_burst_length[1]
  host_rpg_burst_length[2]
  host_rpg_burst_length[3]
  host_rpg_burst_length[4]
  host_rpg_burst_length[5]
  host_rpg_burst_length[6]
  host_rpg_burst_length[7]
  host_rpg_burst_length[8]
  host_rpg_burst_length[9]
  host_rpg_busy
  host_rpg_st_addr[0]
  host_rpg_st_addr[1]
  host_rpg_st_addr[2]
  host_rpg_st_addr[3]
  host_rpg_st_addr[4]
  host_rpg_st_addr[5]
  host_rpg_st_addr[6]
  host_rpg_st_addr[7]
  host_rpg_st_addr[8]
  host_rpg_st_addr[9]
  host_wpg_burst_length[0]
  host_wpg_burst_length[1]
  host_wpg_burst_length[2]
  host_wpg_burst_length[3]
  host_wpg_burst_length[4]
  host_wpg_burst_length[5]
  host_wpg_burst_length[6]
  host_wpg_burst_length[7]
  host_wpg_burst_length[8]
  host_wpg_burst_length[9]
  host_wpg_busy
  host_wpg_st_addr[0]
  host_wpg_st_addr[1]
  host_wpg_st_addr[2]
  host_wpg_st_addr[3]
  host_wpg_st_addr[4]
  host_wpg_st_addr[5]
  host_wpg_st_addr[6]
  host_wpg_st_addr[7]
  host_wpg_st_addr[8]
  host_wpg_st_addr[9]
  host_wr_buff_wdata[0]
  host_wr_buff_wdata[1]
  host_wr_buff_wdata[2]
  host_wr_buff_wdata[3]
  host_wr_buff_wdata[4]
  host_wr_buff_wdata[5]
  host_wr_buff_wdata[6]
  host_wr_buff_wdata[7]
  host_wr_buff_wren
  obj_height[0]
  obj_height[10]
  obj_height[1]
  obj_height[2]
  obj_height[3]
  obj_height[4]
  obj_height[5]
  obj_height[6]
  obj_height[7]
  obj_height[8]
  obj_height[9]
  obj_st_mask[0]
  obj_st_mask[10]
  obj_st_mask[11]
  obj_st_mask[12]
  obj_st_mask[13]
  obj_st_mask[14]
  obj_st_mask[15]
  obj_st_mask[16]
  obj_st_mask[17]
  obj_st_mask[18]
  obj_st_mask[19]
  obj_st_mask[1]
  obj_st_mask[20]
  obj_st_mask[21]
  obj_st_mask[2]
  obj_st_mask[3]
  obj_st_mask[4]
  obj_st_mask[5]
  obj_st_mask[6]
  obj_st_mask[7]
  obj_st_mask[8]
  obj_st_mask[9]
  obj_st_pix[0]
  obj_st_pix[10]
  obj_st_pix[11]
  obj_st_pix[12]
  obj_st_pix[13]
  obj_st_pix[14]
  obj_st_pix[15]
  obj_st_pix[16]
  obj_st_pix[17]
  obj_st_pix[18]
  obj_st_pix[19]
  obj_st_pix[1]
  obj_st_pix[20]
  obj_st_pix[21]
  obj_st_pix[2]
  obj_st_pix[3]
  obj_st_pix[4]
  obj_st_pix[5]
  obj_st_pix[6]
  obj_st_pix[7]
  obj_st_pix[8]
  obj_st_pix[9]
  obj_type[0]
  obj_type[1]
  obj_type[2]
  obj_type[3]
  obj_value[0]
  obj_value[10]
  obj_value[11]
  obj_value[12]
  obj_value[13]
  obj_value[14]
  obj_value[1]
  obj_value[2]
  obj_value[3]
  obj_value[4]
  obj_value[5]
  obj_value[6]
  obj_value[7]
  obj_value[8]
  obj_value[9]
  obj_width[0]
  obj_width[10]
  obj_width[1]
  obj_width[2]
  obj_width[3]
  obj_width[4]
  obj_width[5]
  obj_width[6]
  obj_width[7]
  obj_width[8]
  obj_width[9]
  uart_mem_rdata[0]
  uart_mem_rdata[10]
  uart_mem_rdata[11]
  uart_mem_rdata[12]
  uart_mem_rdata[13]
  uart_mem_rdata[14]
  uart_mem_rdata[15]
  uart_mem_rdata[16]
  uart_mem_rdata[17]
  uart_mem_rdata[18]
  uart_mem_rdata[19]
  uart_mem_rdata[1]
  uart_mem_rdata[20]
  uart_mem_rdata[21]
  uart_mem_rdata[22]
  uart_mem_rdata[23]
  uart_mem_rdata[24]
  uart_mem_rdata[25]
  uart_mem_rdata[26]
  uart_mem_rdata[27]
  uart_mem_rdata[28]
  uart_mem_rdata[29]
  uart_mem_rdata[2]
  uart_mem_rdata[30]
  uart_mem_rdata[31]
  uart_mem_rdata[3]
  uart_mem_rdata[4]
  uart_mem_rdata[5]
  uart_mem_rdata[6]
  uart_mem_rdata[7]
  uart_mem_rdata[8]
  uart_mem_rdata[9]
  uart_mem_rdy
  up_soft_reset
  up_soft_reset_req
  wb_slave_mem_rdata[0]
  wb_slave_mem_rdata[10]
  wb_slave_mem_rdata[11]
  wb_slave_mem_rdata[12]
  wb_slave_mem_rdata[13]
  wb_slave_mem_rdata[14]
  wb_slave_mem_rdata[15]
  wb_slave_mem_rdata[16]
  wb_slave_mem_rdata[17]
  wb_slave_mem_rdata[18]
  wb_slave_mem_rdata[19]
  wb_slave_mem_rdata[1]
  wb_slave_mem_rdata[20]
  wb_slave_mem_rdata[21]
  wb_slave_mem_rdata[22]
  wb_slave_mem_rdata[23]
  wb_slave_mem_rdata[24]
  wb_slave_mem_rdata[25]
  wb_slave_mem_rdata[26]
  wb_slave_mem_rdata[27]
  wb_slave_mem_rdata[28]
  wb_slave_mem_rdata[29]
  wb_slave_mem_rdata[2]
  wb_slave_mem_rdata[30]
  wb_slave_mem_rdata[31]
  wb_slave_mem_rdata[3]
  wb_slave_mem_rdata[4]
  wb_slave_mem_rdata[5]
  wb_slave_mem_rdata[6]
  wb_slave_mem_rdata[7]
  wb_slave_mem_rdata[8]
  wb_slave_mem_rdata[9]
  wb_slave_mem_rdy
  wb_slave_mem_wr_data_ack
  wb_slave_up_en
  _0991_/D
  _1004_/D
  _1006_/D
