Clock: wb_clk
Sources: wb_clk_i 
Generated: no
Virtual: yes
Propagated: no
Period: 10.000000

===========================================================================
report_clock_properties
============================================================================
Clock                   Period          Waveform
----------------------------------------------------
wb_clk               10.000000    0.000000  5.000000

===========================================================================
report_clock_latency
============================================================================
Clock wb_clk
rise -> rise
    min     max
0.000000 0.000000 source latency
0.409816         network latency _355_/CLK
        0.455573 network latency _323_/CLK
---------------
0.409816 0.455573 latency
        0.045757 skew

fall -> fall
    min     max
0.000000 0.000000 source latency
0.398087         network latency _355_/CLK
        0.432593 network latency _323_/CLK
---------------
0.398087 0.432593 latency
        0.034506 skew



===========================================================================
report_clock_min_period
============================================================================
wb_clk period_min = 3.25 fmax = 307.30
