
===========================================================================
report_checks -unconstrained
===========================================================================
======================= min_ff_n40C_1v95 Corner ===================================

Startpoint: vsync_deact[1] (input port clocked by clk)
Endpoint: blank (output port clocked by clk)
Path Group: clk
Path Type: max

Fanout         Cap        Slew       Delay        Time   Description
---------------------------------------------------------------------------------------------
                                  0.000000    0.000000   clock clk (rise edge)
                                  0.000000    0.000000   clock network delay (propagated)
                                  2.000000    2.000000 v input external delay
     2    0.008465    0.200000    0.000000    2.000000 v vsync_deact[1] (in)
                                                         vsync_deact[1] (net)
                      0.200063    0.000032    2.000032 v input62/A (sky130_fd_sc_hd__buf_8)
     5    0.027125    0.029740    0.153072    2.153104 v input62/X (sky130_fd_sc_hd__buf_8)
                                                         net62 (net)
                      0.029740    0.000318    2.153421 v _424_/A (sky130_fd_sc_hd__nor2_4)
     1    0.010414    0.067871    0.081460    2.234882 ^ _424_/Y (sky130_fd_sc_hd__nor2_4)
                                                         _159_ (net)
                      0.067874    0.000125    2.235007 ^ _427_/A1 (sky130_fd_sc_hd__o21ai_4)
     3    0.018135    0.042220    0.051506    2.286513 v _427_/Y (sky130_fd_sc_hd__o21ai_4)
                                                         _162_ (net)
                      0.042258    0.000852    2.287365 v _429_/B2 (sky130_fd_sc_hd__a221o_1)
     3    0.009331    0.055637    0.182349    2.469714 v _429_/X (sky130_fd_sc_hd__a221o_1)
                                                         _164_ (net)
                      0.055637    0.000216    2.469929 v _434_/A1 (sky130_fd_sc_hd__a31o_1)
     2    0.006643    0.038992    0.129595    2.599524 v _434_/X (sky130_fd_sc_hd__a31o_1)
                                                         _169_ (net)
                      0.038992    0.000110    2.599634 v _436_/A3 (sky130_fd_sc_hd__a32o_2)
     2    0.007904    0.033328    0.143497    2.743131 v _436_/X (sky130_fd_sc_hd__a32o_2)
                                                         _171_ (net)
                      0.033328    0.000045    2.743176 v _439_/A1 (sky130_fd_sc_hd__a21o_1)
     2    0.008577    0.041068    0.113818    2.856994 v _439_/X (sky130_fd_sc_hd__a21o_1)
                                                         _174_ (net)
                      0.041068    0.000087    2.857081 v _442_/A1 (sky130_fd_sc_hd__a21bo_1)
     2    0.010733    0.048015    0.131359    2.988440 v _442_/X (sky130_fd_sc_hd__a21bo_1)
                                                         _177_ (net)
                      0.048015    0.000089    2.988529 v _443_/B (sky130_fd_sc_hd__xor2_2)
     2    0.006735    0.040693    0.099089    3.087617 v _443_/X (sky130_fd_sc_hd__xor2_2)
                                                         _178_ (net)
                      0.040693    0.000096    3.087714 v _445_/B (sky130_fd_sc_hd__and2_4)
     3    0.007589    0.025643    0.105700    3.193414 v _445_/X (sky130_fd_sc_hd__and2_4)
                                                         _180_ (net)
                      0.025643    0.000064    3.193477 v _476_/A (sky130_fd_sc_hd__or4b_4)
     1    0.003079    0.055887    0.310377    3.503855 v _476_/X (sky130_fd_sc_hd__or4b_4)
                                                         _211_ (net)
                      0.055887    0.000032    3.503887 v _481_/A (sky130_fd_sc_hd__or3b_4)
     2    0.009373    0.052883    0.253608    3.757495 v _481_/X (sky130_fd_sc_hd__or3b_4)
                                                         _216_ (net)
                      0.052883    0.000097    3.757592 v _502_/C_N (sky130_fd_sc_hd__nor3b_4)
     7    0.027961    0.047450    0.128070    3.885662 v _502_/Y (sky130_fd_sc_hd__nor3b_4)
                                                         net100 (net)
                      0.047503    0.002283    3.887945 v rebuffer6/A (sky130_fd_sc_hd__clkbuf_2)
     2    0.006882    0.025975    0.080767    3.968712 v rebuffer6/X (sky130_fd_sc_hd__clkbuf_2)
                                                         net112 (net)
                      0.025975    0.000086    3.968798 v _503_/B (sky130_fd_sc_hd__and2_4)
     1    0.013101    0.030321    0.106306    4.075104 v _503_/X (sky130_fd_sc_hd__and2_4)
                                                         net71 (net)
                      0.030328    0.000430    4.075534 v output71/A (sky130_fd_sc_hd__buf_12)
     1    0.102147    0.047228    0.108527    4.184061 v output71/X (sky130_fd_sc_hd__buf_12)
                                                         blank (net)
                      0.047289    0.001499    4.185560 v blank (out)
                                              4.185560   data arrival time

                                 10.000000   10.000000   clock clk (rise edge)
                                  0.000000   10.000000   clock network delay (propagated)
                                 -0.250000    9.750000   clock uncertainty
                                  0.000000    9.750000   clock reconvergence pessimism
                                 -2.000000    7.750000   output external delay
                                              7.750000   data required time
---------------------------------------------------------------------------------------------
                                              7.750000   data required time
                                             -4.185560   data arrival time
---------------------------------------------------------------------------------------------
                                              3.564440   slack (MET)




===========================================================================
report_checks --slack_max -0.01
============================================================================
======================= min_ff_n40C_1v95 Corner ===================================

No paths found.


===========================================================================
 report_check_types -max_slew -max_cap -max_fanout -violators
============================================================================
======================= min_ff_n40C_1v95 Corner ===================================

max fanout

Pin                                   Limit Fanout  Slack
---------------------------------------------------------
fanout101/X                              16     33    -17 (VIOLATED)
fanout104/X                              16     33    -17 (VIOLATED)
fanout103/X                              16     31    -15 (VIOLATED)
clkbuf_1_0__f_clk/X                      16     29    -13 (VIOLATED)
_532_/X                                  16     25     -9 (VIOLATED)
_533_/X                                  16     25     -9 (VIOLATED)
_534_/X                                  16     25     -9 (VIOLATED)
clkbuf_1_1__f_clk/X                      16     23     -7 (VIOLATED)
fanout105/X                              16     17        (VIOLATED)



===========================================================================
report_parasitic_annotation -report_unannotated
============================================================================
Found 2 unannotated drivers.
 clkload0/Y
 vga_controller_106/HI
Found 0 partially unannotated drivers.

===========================================================================
max slew violation count 0
max fanout violation count 9
max cap violation count 0
============================================================================

===========================================================================
check_setup -verbose -unconstrained_endpoints -multiple_clock -no_clock -no_input_delay -loops -generated_clocks
===========================================================================
Warning: There is 1 input port missing set_input_delay.
  arst_n
Warning: There is 1 unconstrained endpoint.
  sync
