Clock: clk
Sources: clk 
Generated: no
Virtual: yes
Propagated: no
Period: 10.000000

===========================================================================
report_clock_properties
============================================================================
Clock                   Period          Waveform
----------------------------------------------------
clk                  10.000000    0.000000  5.000000

===========================================================================
report_clock_latency
============================================================================
Clock clk
rise -> rise
    min     max
0.000000 0.000000 source latency
0.188623         network latency _612_/CLK
        0.196668 network latency _603_/CLK
---------------
0.188623 0.196668 latency
        0.008045 skew

fall -> fall
    min     max
0.000000 0.000000 source latency
0.203008         network latency _612_/CLK
        0.209011 network latency _603_/CLK
---------------
0.203008 0.209011 latency
        0.006003 skew



===========================================================================
report_clock_min_period
============================================================================
clk period_min = 2.60 fmax = 385.15
