Clock: wb_clk
Sources: wb_clk_i 
Generated: no
Virtual: yes
Propagated: no
Period: 10.000000

===========================================================================
report_clock_properties
============================================================================
Clock                   Period          Waveform
----------------------------------------------------
wb_clk               10.000000    0.000000  5.000000

===========================================================================
report_clock_latency
============================================================================
Clock wb_clk
rise -> rise
    min     max
0.000000 0.000000 source latency
0.864416         network latency _652_/CLK
        0.949181 network latency _665_/CLK
---------------
0.864416 0.949181 latency
        0.084765 skew

fall -> fall
    min     max
0.000000 0.000000 source latency
0.790131         network latency _652_/CLK
        0.856196 network latency _665_/CLK
---------------
0.790131 0.856196 latency
        0.066065 skew



===========================================================================
report_clock_min_period
============================================================================
wb_clk period_min = 6.79 fmax = 147.33
