
===========================================================================
report_checks -unconstrained
===========================================================================
======================= nom_tt_025C_1v80 Corner ===================================

Startpoint: vsync_deact[1] (input port clocked by clk)
Endpoint: blank (output port clocked by clk)
Path Group: clk
Path Type: max

Fanout         Cap        Slew       Delay        Time   Description
---------------------------------------------------------------------------------------------
                                  0.000000    0.000000   clock clk (rise edge)
                                  0.000000    0.000000   clock network delay (propagated)
                                  2.000000    2.000000 v input external delay
     2    0.008610    0.200000    0.000000    2.000000 v vsync_deact[1] (in)
                                                         vsync_deact[1] (net)
                      0.200198    0.000099    2.000099 v input62/A (sky130_fd_sc_hd__buf_8)
     5    0.027766    0.036469    0.199884    2.199983 v input62/X (sky130_fd_sc_hd__buf_8)
                                                         net62 (net)
                      0.036508    0.000731    2.200715 v _424_/A (sky130_fd_sc_hd__nor2_4)
     1    0.010478    0.093921    0.116068    2.316783 ^ _424_/Y (sky130_fd_sc_hd__nor2_4)
                                                         _159_ (net)
                      0.093922    0.000343    2.317126 ^ _427_/A1 (sky130_fd_sc_hd__o21ai_4)
     3    0.019028    0.062668    0.087561    2.404687 v _427_/Y (sky130_fd_sc_hd__o21ai_4)
                                                         _162_ (net)
                      0.062712    0.001253    2.405940 v _429_/B2 (sky130_fd_sc_hd__a221o_1)
     3    0.009508    0.084999    0.362575    2.768515 v _429_/X (sky130_fd_sc_hd__a221o_1)
                                                         _164_ (net)
                      0.085000    0.000423    2.768938 v _434_/A1 (sky130_fd_sc_hd__a31o_1)
     2    0.006880    0.055235    0.205849    2.974787 v _434_/X (sky130_fd_sc_hd__a31o_1)
                                                         _169_ (net)
                      0.055235    0.000226    2.975013 v _436_/A3 (sky130_fd_sc_hd__a32o_2)
     2    0.008007    0.051714    0.278558    3.253571 v _436_/X (sky130_fd_sc_hd__a32o_2)
                                                         _171_ (net)
                      0.051714    0.000131    3.253702 v _439_/A1 (sky130_fd_sc_hd__a21o_1)
     2    0.008784    0.058476    0.180524    3.434227 v _439_/X (sky130_fd_sc_hd__a21o_1)
                                                         _174_ (net)
                      0.058476    0.000185    3.434412 v _442_/A1 (sky130_fd_sc_hd__a21bo_1)
     2    0.010910    0.067902    0.204081    3.638493 v _442_/X (sky130_fd_sc_hd__a21bo_1)
                                                         _177_ (net)
                      0.067902    0.000221    3.638714 v _443_/B (sky130_fd_sc_hd__xor2_2)
     2    0.006924    0.057355    0.155689    3.794404 v _443_/X (sky130_fd_sc_hd__xor2_2)
                                                         _178_ (net)
                      0.057355    0.000198    3.794602 v _445_/B (sky130_fd_sc_hd__and2_4)
     3    0.007701    0.033849    0.163551    3.958152 v _445_/X (sky130_fd_sc_hd__and2_4)
                                                         _180_ (net)
                      0.033849    0.000166    3.958318 v _476_/A (sky130_fd_sc_hd__or4b_4)
     1    0.003167    0.080085    0.516410    4.474728 v _476_/X (sky130_fd_sc_hd__or4b_4)
                                                         _211_ (net)
                      0.080085    0.000093    4.474821 v _481_/A (sky130_fd_sc_hd__or3b_4)
     2    0.009594    0.075788    0.416140    4.890962 v _481_/X (sky130_fd_sc_hd__or3b_4)
                                                         _216_ (net)
                      0.075788    0.000242    4.891203 v _502_/C_N (sky130_fd_sc_hd__nor3b_4)
     7    0.029784    0.063017    0.194161    5.085364 v _502_/Y (sky130_fd_sc_hd__nor3b_4)
                                                         net100 (net)
                      0.063254    0.003176    5.088540 v rebuffer6/A (sky130_fd_sc_hd__clkbuf_2)
     2    0.007079    0.037638    0.119673    5.208213 v rebuffer6/X (sky130_fd_sc_hd__clkbuf_2)
                                                         net112 (net)
                      0.037638    0.000201    5.208414 v _503_/B (sky130_fd_sc_hd__and2_4)
     1    0.013458    0.040735    0.164510    5.372923 v _503_/X (sky130_fd_sc_hd__and2_4)
                                                         net71 (net)
                      0.040748    0.000704    5.373628 v output71/A (sky130_fd_sc_hd__buf_12)
     1    0.102293    0.063745    0.158969    5.532597 v output71/X (sky130_fd_sc_hd__buf_12)
                                                         blank (net)
                      0.064010    0.003032    5.535628 v blank (out)
                                              5.535628   data arrival time

                                 10.000000   10.000000   clock clk (rise edge)
                                  0.000000   10.000000   clock network delay (propagated)
                                 -0.250000    9.750000   clock uncertainty
                                  0.000000    9.750000   clock reconvergence pessimism
                                 -2.000000    7.750000   output external delay
                                              7.750000   data required time
---------------------------------------------------------------------------------------------
                                              7.750000   data required time
                                             -5.535628   data arrival time
---------------------------------------------------------------------------------------------
                                              2.214371   slack (MET)




===========================================================================
report_checks --slack_max -0.01
============================================================================
======================= nom_tt_025C_1v80 Corner ===================================

No paths found.


===========================================================================
 report_check_types -max_slew -max_cap -max_fanout -violators
============================================================================
======================= nom_tt_025C_1v80 Corner ===================================

max fanout

Pin                                   Limit Fanout  Slack
---------------------------------------------------------
fanout101/X                              16     33    -17 (VIOLATED)
fanout104/X                              16     33    -17 (VIOLATED)
fanout103/X                              16     31    -15 (VIOLATED)
clkbuf_1_0__f_clk/X                      16     29    -13 (VIOLATED)
_532_/X                                  16     25     -9 (VIOLATED)
_533_/X                                  16     25     -9 (VIOLATED)
_534_/X                                  16     25     -9 (VIOLATED)
clkbuf_1_1__f_clk/X                      16     23     -7 (VIOLATED)
fanout105/X                              16     17        (VIOLATED)



===========================================================================
report_parasitic_annotation -report_unannotated
============================================================================
Found 2 unannotated drivers.
 clkload0/Y
 vga_controller_106/HI
Found 0 partially unannotated drivers.

===========================================================================
max slew violation count 0
max fanout violation count 9
max cap violation count 0
============================================================================

===========================================================================
check_setup -verbose -unconstrained_endpoints -multiple_clock -no_clock -no_input_delay -loops -generated_clocks
===========================================================================
Warning: There is 1 input port missing set_input_delay.
  arst_n
Warning: There is 1 unconstrained endpoint.
  sync
