Clock: clk
Sources: clk 
Generated: no
Virtual: yes
Propagated: no
Period: 10.000000

===========================================================================
report_clock_properties
============================================================================
Clock                   Period          Waveform
----------------------------------------------------
clk                  10.000000    0.000000  5.000000

===========================================================================
report_clock_latency
============================================================================
Clock clk
rise -> rise
    min     max
0.000000 0.000000 source latency
0.274439         network latency _612_/CLK
        0.286383 network latency _603_/CLK
---------------
0.274439 0.286383 latency
        0.011944 skew

fall -> fall
    min     max
0.000000 0.000000 source latency
0.298438         network latency _612_/CLK
        0.307609 network latency _603_/CLK
---------------
0.298438 0.307609 latency
        0.009171 skew



===========================================================================
report_clock_min_period
============================================================================
clk period_min = 4.34 fmax = 230.38
