Clock: clk
Sources: clk 
Generated: no
Virtual: yes
Propagated: no
Period: 10.000000

===========================================================================
report_clock_properties
============================================================================
Clock                   Period          Waveform
----------------------------------------------------
clk                  10.000000    0.000000  5.000000

===========================================================================
report_clock_latency
============================================================================
Clock clk
rise -> rise
    min     max
0.000000 0.000000 source latency
0.861972         network latency _1493_/CLK
        0.932484 network latency _1368_/CLK
---------------
0.861972 0.932484 latency
        0.070511 skew

fall -> fall
    min     max
0.000000 0.000000 source latency
0.879473         network latency _1493_/CLK
        0.931792 network latency _1368_/CLK
---------------
0.879473 0.931792 latency
        0.052319 skew



===========================================================================
report_clock_min_period
============================================================================
clk period_min = 9.57 fmax = 104.46
