Clock: clk
Sources: clk 
Generated: no
Virtual: yes
Propagated: no
Period: 10.000000

===========================================================================
report_clock_properties
============================================================================
Clock                   Period          Waveform
----------------------------------------------------
clk                  10.000000    0.000000  5.000000

===========================================================================
report_clock_latency
============================================================================
Clock clk
rise -> rise
    min     max
0.000000 0.000000 source latency
0.278716         network latency _612_/CLK
        0.292945 network latency _603_/CLK
---------------
0.278716 0.292945 latency
        0.014229 skew

fall -> fall
    min     max
0.000000 0.000000 source latency
0.302143         network latency _612_/CLK
        0.313279 network latency _603_/CLK
---------------
0.302143 0.313279 latency
        0.011136 skew



===========================================================================
report_clock_min_period
============================================================================
clk period_min = 4.38 fmax = 228.28
