Clock: wb_clk
Sources: wb_clk_i 
Generated: no
Virtual: yes
Propagated: no
Period: 10.000000

===========================================================================
report_clock_properties
============================================================================
Clock                   Period          Waveform
----------------------------------------------------
wb_clk               10.000000    0.000000  5.000000

===========================================================================
report_clock_latency
============================================================================
Clock wb_clk
rise -> rise
    min     max
0.000000 0.000000 source latency
0.664797         network latency _355_/CLK
        0.724581 network latency _323_/CLK
---------------
0.664797 0.724581 latency
        0.059784 skew

fall -> fall
    min     max
0.000000 0.000000 source latency
0.655871         network latency _355_/CLK
        0.702997 network latency _323_/CLK
---------------
0.655871 0.702997 latency
        0.047126 skew



===========================================================================
report_clock_min_period
============================================================================
wb_clk period_min = 6.43 fmax = 155.63
