
===========================================================================
report_checks -unconstrained
===========================================================================
======================= max_ss_100C_1v60 Corner ===================================

Startpoint: vsync_deact[1] (input port clocked by clk)
Endpoint: blank (output port clocked by clk)
Path Group: clk
Path Type: max

Fanout         Cap        Slew       Delay        Time   Description
---------------------------------------------------------------------------------------------
                                  0.000000    0.000000   clock clk (rise edge)
                                  0.000000    0.000000   clock network delay (propagated)
                                  2.000000    2.000000 v input external delay
     2    0.008667    0.200000    0.000000    2.000000 v vsync_deact[1] (in)
                                                         vsync_deact[1] (net)
                      0.200479    0.000239    2.000239 v input62/A (sky130_fd_sc_hd__buf_8)
     5    0.028602    0.061011    0.293992    2.294232 v input62/X (sky130_fd_sc_hd__buf_8)
                                                         net62 (net)
                      0.061107    0.001697    2.295929 v _424_/A (sky130_fd_sc_hd__nor2_4)
     1    0.010492    0.153312    0.197911    2.493840 ^ _424_/Y (sky130_fd_sc_hd__nor2_4)
                                                         _159_ (net)
                      0.153315    0.000823    2.494663 ^ _427_/A1 (sky130_fd_sc_hd__o21ai_4)
     3    0.019969    0.122794    0.188548    2.683210 v _427_/Y (sky130_fd_sc_hd__o21ai_4)
                                                         _162_ (net)
                      0.122909    0.002132    2.685342 v _429_/B2 (sky130_fd_sc_hd__a221o_1)
     3    0.009832    0.159890    0.689337    3.374679 v _429_/X (sky130_fd_sc_hd__a221o_1)
                                                         _164_ (net)
                      0.159894    0.001036    3.375715 v _434_/A1 (sky130_fd_sc_hd__a31o_1)
     2    0.007080    0.101188    0.395808    3.771523 v _434_/X (sky130_fd_sc_hd__a31o_1)
                                                         _169_ (net)
                      0.101189    0.000466    3.771990 v _436_/A3 (sky130_fd_sc_hd__a32o_2)
     2    0.008098    0.090379    0.509480    4.281469 v _436_/X (sky130_fd_sc_hd__a32o_2)
                                                         _171_ (net)
                      0.090379    0.000467    4.281936 v _449_/A (sky130_fd_sc_hd__xnor2_1)
     3    0.010273    0.201026    0.308734    4.590671 v _449_/Y (sky130_fd_sc_hd__xnor2_1)
                                                         _184_ (net)
                      0.201026    0.000695    4.591365 v _450_/B1 (sky130_fd_sc_hd__o22a_1)
     2    0.004749    0.104937    0.421535    5.012900 v _450_/X (sky130_fd_sc_hd__o22a_1)
                                                         _185_ (net)
                      0.104938    0.000179    5.013079 v _486_/A2 (sky130_fd_sc_hd__a32o_1)
     1    0.008154    0.115213    0.498723    5.511802 v _486_/X (sky130_fd_sc_hd__a32o_1)
                                                         _221_ (net)
                      0.115214    0.000637    5.512440 v _487_/B (sky130_fd_sc_hd__or4_4)
     1    0.003049    0.145696    1.007348    6.519788 v _487_/X (sky130_fd_sc_hd__or4_4)
                                                         _222_ (net)
                      0.145697    0.000199    6.519986 v _489_/D (sky130_fd_sc_hd__and4bb_1)
     1    0.009093    0.128059    0.499413    7.019399 v _489_/X (sky130_fd_sc_hd__and4bb_1)
                                                         _224_ (net)
                      0.128060    0.000695    7.020094 v _502_/B (sky130_fd_sc_hd__nor3b_4)
     7    0.032723    0.625376    0.625604    7.645699 ^ _502_/Y (sky130_fd_sc_hd__nor3b_4)
                                                         net100 (net)
                      0.625432    0.004820    7.650519 ^ rebuffer6/A (sky130_fd_sc_hd__clkbuf_2)
     2    0.007793    0.092444    0.421021    8.071539 ^ rebuffer6/X (sky130_fd_sc_hd__clkbuf_2)
                                                         net112 (net)
                      0.092445    0.000500    8.072040 ^ _503_/B (sky130_fd_sc_hd__and2_4)
     1    0.014669    0.107944    0.328670    8.400710 ^ _503_/X (sky130_fd_sc_hd__and2_4)
                                                         net71 (net)
                      0.107963    0.001437    8.402146 ^ output71/A (sky130_fd_sc_hd__buf_12)
     1    0.102428    0.194832    0.292895    8.695043 ^ output71/X (sky130_fd_sc_hd__buf_12)
                                                         blank (net)
                      0.195128    0.006189    8.701231 ^ blank (out)
                                              8.701231   data arrival time

                                 10.000000   10.000000   clock clk (rise edge)
                                  0.000000   10.000000   clock network delay (propagated)
                                 -0.250000    9.750000   clock uncertainty
                                  0.000000    9.750000   clock reconvergence pessimism
                                 -2.000000    7.750000   output external delay
                                              7.750000   data required time
---------------------------------------------------------------------------------------------
                                              7.750000   data required time
                                             -8.701231   data arrival time
---------------------------------------------------------------------------------------------
                                             -0.951231   slack (VIOLATED)




===========================================================================
report_checks --slack_max -0.01
============================================================================
======================= max_ss_100C_1v60 Corner ===================================

Startpoint: vsync_deact[1] (input port clocked by clk)
Endpoint: blank (output port clocked by clk)
Path Group: clk
Path Type: max

Fanout         Cap        Slew       Delay        Time   Description
---------------------------------------------------------------------------------------------
                                  0.000000    0.000000   clock clk (rise edge)
                                  0.000000    0.000000   clock network delay (propagated)
                                  2.000000    2.000000 v input external delay
     2    0.008667    0.200000    0.000000    2.000000 v vsync_deact[1] (in)
                                                         vsync_deact[1] (net)
                      0.200479    0.000239    2.000239 v input62/A (sky130_fd_sc_hd__buf_8)
     5    0.028602    0.061011    0.293992    2.294232 v input62/X (sky130_fd_sc_hd__buf_8)
                                                         net62 (net)
                      0.061107    0.001697    2.295929 v _424_/A (sky130_fd_sc_hd__nor2_4)
     1    0.010492    0.153312    0.197911    2.493840 ^ _424_/Y (sky130_fd_sc_hd__nor2_4)
                                                         _159_ (net)
                      0.153315    0.000823    2.494663 ^ _427_/A1 (sky130_fd_sc_hd__o21ai_4)
     3    0.019969    0.122794    0.188548    2.683210 v _427_/Y (sky130_fd_sc_hd__o21ai_4)
                                                         _162_ (net)
                      0.122909    0.002132    2.685342 v _429_/B2 (sky130_fd_sc_hd__a221o_1)
     3    0.009832    0.159890    0.689337    3.374679 v _429_/X (sky130_fd_sc_hd__a221o_1)
                                                         _164_ (net)
                      0.159894    0.001036    3.375715 v _434_/A1 (sky130_fd_sc_hd__a31o_1)
     2    0.007080    0.101188    0.395808    3.771523 v _434_/X (sky130_fd_sc_hd__a31o_1)
                                                         _169_ (net)
                      0.101189    0.000466    3.771990 v _436_/A3 (sky130_fd_sc_hd__a32o_2)
     2    0.008098    0.090379    0.509480    4.281469 v _436_/X (sky130_fd_sc_hd__a32o_2)
                                                         _171_ (net)
                      0.090379    0.000467    4.281936 v _449_/A (sky130_fd_sc_hd__xnor2_1)
     3    0.010273    0.201026    0.308734    4.590671 v _449_/Y (sky130_fd_sc_hd__xnor2_1)
                                                         _184_ (net)
                      0.201026    0.000695    4.591365 v _450_/B1 (sky130_fd_sc_hd__o22a_1)
     2    0.004749    0.104937    0.421535    5.012900 v _450_/X (sky130_fd_sc_hd__o22a_1)
                                                         _185_ (net)
                      0.104938    0.000179    5.013079 v _486_/A2 (sky130_fd_sc_hd__a32o_1)
     1    0.008154    0.115213    0.498723    5.511802 v _486_/X (sky130_fd_sc_hd__a32o_1)
                                                         _221_ (net)
                      0.115214    0.000637    5.512440 v _487_/B (sky130_fd_sc_hd__or4_4)
     1    0.003049    0.145696    1.007348    6.519788 v _487_/X (sky130_fd_sc_hd__or4_4)
                                                         _222_ (net)
                      0.145697    0.000199    6.519986 v _489_/D (sky130_fd_sc_hd__and4bb_1)
     1    0.009093    0.128059    0.499413    7.019399 v _489_/X (sky130_fd_sc_hd__and4bb_1)
                                                         _224_ (net)
                      0.128060    0.000695    7.020094 v _502_/B (sky130_fd_sc_hd__nor3b_4)
     7    0.032723    0.625376    0.625604    7.645699 ^ _502_/Y (sky130_fd_sc_hd__nor3b_4)
                                                         net100 (net)
                      0.625432    0.004820    7.650519 ^ rebuffer6/A (sky130_fd_sc_hd__clkbuf_2)
     2    0.007793    0.092444    0.421021    8.071539 ^ rebuffer6/X (sky130_fd_sc_hd__clkbuf_2)
                                                         net112 (net)
                      0.092445    0.000500    8.072040 ^ _503_/B (sky130_fd_sc_hd__and2_4)
     1    0.014669    0.107944    0.328670    8.400710 ^ _503_/X (sky130_fd_sc_hd__and2_4)
                                                         net71 (net)
                      0.107963    0.001437    8.402146 ^ output71/A (sky130_fd_sc_hd__buf_12)
     1    0.102428    0.194832    0.292895    8.695043 ^ output71/X (sky130_fd_sc_hd__buf_12)
                                                         blank (net)
                      0.195128    0.006189    8.701231 ^ blank (out)
                                              8.701231   data arrival time

                                 10.000000   10.000000   clock clk (rise edge)
                                  0.000000   10.000000   clock network delay (propagated)
                                 -0.250000    9.750000   clock uncertainty
                                  0.000000    9.750000   clock reconvergence pessimism
                                 -2.000000    7.750000   output external delay
                                              7.750000   data required time
---------------------------------------------------------------------------------------------
                                              7.750000   data required time
                                             -8.701231   data arrival time
---------------------------------------------------------------------------------------------
                                             -0.951231   slack (VIOLATED)




===========================================================================
 report_check_types -max_slew -max_cap -max_fanout -violators
============================================================================
======================= max_ss_100C_1v60 Corner ===================================

max fanout

Pin                                   Limit Fanout  Slack
---------------------------------------------------------
fanout101/X                              16     33    -17 (VIOLATED)
fanout104/X                              16     33    -17 (VIOLATED)
fanout103/X                              16     31    -15 (VIOLATED)
clkbuf_1_0__f_clk/X                      16     29    -13 (VIOLATED)
_532_/X                                  16     25     -9 (VIOLATED)
_533_/X                                  16     25     -9 (VIOLATED)
_534_/X                                  16     25     -9 (VIOLATED)
clkbuf_1_1__f_clk/X                      16     23     -7 (VIOLATED)
fanout105/X                              16     17        (VIOLATED)



===========================================================================
report_parasitic_annotation -report_unannotated
============================================================================
Found 2 unannotated drivers.
 clkload0/Y
 vga_controller_106/HI
Found 0 partially unannotated drivers.

===========================================================================
max slew violation count 0
max fanout violation count 9
max cap violation count 0
============================================================================

===========================================================================
check_setup -verbose -unconstrained_endpoints -multiple_clock -no_clock -no_input_delay -loops -generated_clocks
===========================================================================
Warning: There is 1 input port missing set_input_delay.
  arst_n
Warning: There is 1 unconstrained endpoint.
  sync
