Clock: clk
Sources: clk 
Generated: no
Virtual: yes
Propagated: no
Period: 10.000000

===========================================================================
report_clock_properties
============================================================================
Clock                   Period          Waveform
----------------------------------------------------
clk                  10.000000    0.000000  5.000000

===========================================================================
report_clock_latency
============================================================================
Clock clk
rise -> rise
    min     max
0.000000 0.000000 source latency
0.480132         network latency _612_/CLK
        0.499726 network latency _603_/CLK
---------------
0.480132 0.499726 latency
        0.019594 skew

fall -> fall
    min     max
0.000000 0.000000 source latency
0.526708         network latency _612_/CLK
        0.541684 network latency _603_/CLK
---------------
0.526708 0.541684 latency
        0.014976 skew



===========================================================================
report_clock_min_period
============================================================================
clk period_min = 8.33 fmax = 120.06
