Clock: wb_clk
Sources: wb_clk_i 
Generated: no
Virtual: yes
Propagated: no
Period: 10.000000

===========================================================================
report_clock_properties
============================================================================
Clock                   Period          Waveform
----------------------------------------------------
wb_clk               10.000000    0.000000  5.000000

===========================================================================
report_clock_latency
============================================================================
Clock wb_clk
rise -> rise
    min     max
0.000000 0.000000 source latency
0.812917         network latency _652_/CLK
        0.884028 network latency _665_/CLK
---------------
0.812917 0.884028 latency
        0.071111 skew

fall -> fall
    min     max
0.000000 0.000000 source latency
0.749538         network latency _652_/CLK
        0.804536 network latency _665_/CLK
---------------
0.749538 0.804536 latency
        0.054998 skew



===========================================================================
report_clock_min_period
============================================================================
wb_clk period_min = 6.68 fmax = 149.64
