
===========================================================================
report_checks -unconstrained
===========================================================================
======================= max_ss_100C_1v60 Corner ===================================

Startpoint: up_en (input port clocked by wb_clk)
Endpoint: _306_ (rising edge-triggered flip-flop clocked by wb_clk)
Path Group: wb_clk
Path Type: max

Fanout         Cap        Slew       Delay        Time   Description
---------------------------------------------------------------------------------------------
                                  0.000000    0.000000   clock wb_clk (rise edge)
                                  0.000000    0.000000   clock network delay (propagated)
                                  2.000000    2.000000 ^ input external delay
     2    0.004060    0.200000    0.000000    2.000000 ^ up_en (in)
                                                         up_en (net)
                      0.200200    0.000100    2.000100 ^ hold109/A (sky130_fd_sc_hd__dlygate4sd3_1)
     1    0.002411    0.087289    1.086568    3.086668 ^ hold109/X (sky130_fd_sc_hd__dlygate4sd3_1)
                                                         net249 (net)
                      0.087289    0.000175    3.086843 ^ input11/A (sky130_fd_sc_hd__clkbuf_1)
     2    0.014175    0.277663    0.306007    3.392850 ^ input11/X (sky130_fd_sc_hd__clkbuf_1)
                                                         net11 (net)
                      0.277745    0.001046    3.393897 ^ _156_/B (sky130_fd_sc_hd__nand4b_4)
    15    0.095133    0.872635    0.804410    4.198307 v _156_/Y (sky130_fd_sc_hd__nand4b_4)
                                                         _076_ (net)
                      0.872644    0.002489    4.200796 v fanout108/A (sky130_fd_sc_hd__buf_4)
    33    0.117351    0.272939    0.765576    4.966372 v fanout108/X (sky130_fd_sc_hd__buf_4)
                                                         net108 (net)
                      0.283398    0.041847    5.008219 v _171_/C (sky130_fd_sc_hd__or4_1)
     1    0.002144    0.168437    1.150702    6.158922 v _171_/X (sky130_fd_sc_hd__or4_1)
                                                         _087_ (net)
                      0.168437    0.000155    6.159076 v hold179/A (sky130_fd_sc_hd__dlygate4sd3_1)
     1    0.002731    0.105379    1.169575    7.328651 v hold179/X (sky130_fd_sc_hd__dlygate4sd3_1)
                                                         net319 (net)
                      0.105379    0.000131    7.328782 v _172_/B1 (sky130_fd_sc_hd__o211a_1)
     1    0.002366    0.067321    0.235184    7.563966 v _172_/X (sky130_fd_sc_hd__o211a_1)
                                                         _004_ (net)
                      0.067321    0.000157    7.564123 v hold180/A (sky130_fd_sc_hd__dlygate4sd3_1)
     1    0.002109    0.100014    1.110530    8.674653 v hold180/X (sky130_fd_sc_hd__dlygate4sd3_1)
                                                         net320 (net)
                      0.100014    0.000150    8.674804 v _306_/D (sky130_fd_sc_hd__dfxtp_1)
                                              8.674804   data arrival time

                                 10.000000   10.000000   clock wb_clk (rise edge)
                                  0.000000   10.000000   clock source latency
     2    0.036118    0.000000    0.000000   10.000000 ^ wb_clk_i (in)
                                                         wb_clk_i (net)
                      0.010137    0.005068   10.005068 ^ clkbuf_0_wb_clk_i/A (sky130_fd_sc_hd__clkbuf_16)
    17    0.163631    0.267567    0.352603   10.357672 ^ clkbuf_0_wb_clk_i/X (sky130_fd_sc_hd__clkbuf_16)
                                                         clknet_0_wb_clk_i (net)
                      0.268281    0.011322   10.368993 ^ clkbuf_3_0__f_wb_clk_i/A (sky130_fd_sc_hd__clkbuf_16)
    19    0.069170    0.134030    0.369073   10.738066 ^ clkbuf_3_0__f_wb_clk_i/X (sky130_fd_sc_hd__clkbuf_16)
                                                         clknet_3_0__leaf_wb_clk_i (net)
                      0.134175    0.004007   10.742072 ^ _306_/CLK (sky130_fd_sc_hd__dfxtp_1)
                                 -0.250000   10.492072   clock uncertainty
                                  0.000000   10.492072   clock reconvergence pessimism
                                 -0.264156   10.227917   library setup time
                                             10.227917   data required time
---------------------------------------------------------------------------------------------
                                             10.227917   data required time
                                             -8.674804   data arrival time
---------------------------------------------------------------------------------------------
                                              1.553113   slack (MET)




===========================================================================
report_checks --slack_max -0.01
============================================================================
======================= max_ss_100C_1v60 Corner ===================================

No paths found.


===========================================================================
 report_check_types -max_slew -max_cap -max_fanout -violators
============================================================================
======================= max_ss_100C_1v60 Corner ===================================

max fanout

Pin                                   Limit Fanout  Slack
---------------------------------------------------------
fanout103/X                              16     33    -17 (VIOLATED)
fanout104/X                              16     33    -17 (VIOLATED)
fanout105/X                              16     33    -17 (VIOLATED)
fanout106/X                              16     33    -17 (VIOLATED)
fanout107/X                              16     33    -17 (VIOLATED)
fanout108/X                              16     33    -17 (VIOLATED)
fanout110/X                              16     33    -17 (VIOLATED)
fanout111/X                              16     33    -17 (VIOLATED)
fanout112/X                              16     33    -17 (VIOLATED)
fanout114/X                              16     33    -17 (VIOLATED)
fanout115/X                              16     33    -17 (VIOLATED)
fanout117/X                              16     33    -17 (VIOLATED)
fanout119/X                              16     33    -17 (VIOLATED)
fanout121/X                              16     33    -17 (VIOLATED)
fanout109/X                              16     31    -15 (VIOLATED)
fanout113/X                              16     27    -11 (VIOLATED)
_161_/Y                                  16     25     -9 (VIOLATED)
clkbuf_3_2__f_wb_clk_i/X                 16     25     -9 (VIOLATED)
clkbuf_3_1__f_wb_clk_i/X                 16     23     -7 (VIOLATED)
clkbuf_3_0__f_wb_clk_i/X                 16     19     -3 (VIOLATED)
clkbuf_3_4__f_wb_clk_i/X                 16     19     -3 (VIOLATED)
fanout122/X                              16     18     -2 (VIOLATED)
clkbuf_0_wb_clk_i/X                      16     17        (VIOLATED)
fanout116/X                              16     17        (VIOLATED)
fanout118/X                              16     17        (VIOLATED)
fanout120/X                              16     17        (VIOLATED)



===========================================================================
report_parasitic_annotation -report_unannotated
============================================================================
Found 76 unannotated drivers.
 wb_adr_i[10]
 wb_adr_i[11]
 wb_adr_i[12]
 wb_adr_i[13]
 wb_adr_i[14]
 wb_adr_i[15]
 wb_adr_i[16]
 wb_adr_i[17]
 wb_adr_i[18]
 wb_adr_i[19]
 wb_adr_i[20]
 wb_adr_i[21]
 wb_adr_i[22]
 wb_adr_i[23]
 wb_adr_i[24]
 wb_adr_i[25]
 wb_adr_i[26]
 wb_adr_i[27]
 wb_adr_i[28]
 wb_adr_i[29]
 wb_adr_i[30]
 wb_adr_i[31]
 wb_dat_i[10]
 wb_dat_i[11]
 wb_dat_i[12]
 wb_dat_i[13]
 wb_dat_i[14]
 wb_dat_i[15]
 wb_dat_i[16]
 wb_dat_i[17]
 wb_dat_i[18]
 wb_dat_i[19]
 wb_dat_i[20]
 wb_dat_i[21]
 wb_dat_i[22]
 wb_dat_i[23]
 wb_dat_i[24]
 wb_dat_i[25]
 wb_dat_i[26]
 wb_dat_i[27]
 wb_dat_i[28]
 wb_dat_i[29]
 wb_dat_i[30]
 wb_dat_i[31]
 wb_dat_i[8]
 wb_dat_i[9]
 wb_sel_i[0]
 wb_sel_i[1]
 wb_sel_i[2]
 wb_sel_i[3]
 wr_buff_full
 clkload0/Y
 clkload1/X
 clkload2/X
 clkload3/Y
 clkload4/Y
 clkload5/Y
 clkload6/Y
 wb_slave_to_mem_sys_ports_123/HI
 wb_slave_to_mem_sys_ports_124/HI
 wb_slave_to_mem_sys_ports_125/HI
 wb_slave_to_mem_sys_ports_126/HI
 wb_slave_to_mem_sys_ports_127/HI
 wb_slave_to_mem_sys_ports_128/HI
 wb_slave_to_mem_sys_ports_129/HI
 wb_slave_to_mem_sys_ports_130/HI
 wb_slave_to_mem_sys_ports_131/HI
 wb_slave_to_mem_sys_ports_132/HI
 wb_slave_to_mem_sys_ports_133/HI
 wb_slave_to_mem_sys_ports_134/HI
 wb_slave_to_mem_sys_ports_135/HI
 wb_slave_to_mem_sys_ports_136/HI
 wb_slave_to_mem_sys_ports_137/HI
 wb_slave_to_mem_sys_ports_138/HI
 wb_slave_to_mem_sys_ports_139/HI
 wb_slave_to_mem_sys_ports_140/HI
Found 0 partially unannotated drivers.

===========================================================================
max slew violation count 0
max fanout violation count 26
max cap violation count 0
============================================================================

===========================================================================
check_setup -verbose -unconstrained_endpoints -multiple_clock -no_clock -no_input_delay -loops -generated_clocks
===========================================================================
Warning: There are 14 input ports missing set_input_delay.
  rd_buff_empty
  rd_buff_rdata[0]
  rd_buff_rdata[1]
  rd_buff_rdata[2]
  rd_buff_rdata[3]
  rd_buff_rdata[4]
  rd_buff_rdata[5]
  rd_buff_rdata[6]
  rd_buff_rdata[7]
  rpg_ack
  up_soft_reset
  wb_rst_i
  wpg_ack
  wr_buff_full
Warning: There are 48 unconstrained endpoints.
  rpg_burst_length[0]
  rpg_burst_length[1]
  rpg_burst_length[2]
  rpg_burst_length[3]
  rpg_burst_length[4]
  rpg_burst_length[5]
  rpg_burst_length[6]
  rpg_burst_length[7]
  rpg_burst_length[8]
  rpg_burst_length[9]
  rpg_st_addr[0]
  rpg_st_addr[1]
  rpg_st_addr[2]
  rpg_st_addr[3]
  rpg_st_addr[4]
  rpg_st_addr[5]
  rpg_st_addr[6]
  rpg_st_addr[7]
  rpg_st_addr[8]
  rpg_st_addr[9]
  wpg_burst_length[0]
  wpg_burst_length[1]
  wpg_burst_length[2]
  wpg_burst_length[3]
  wpg_burst_length[4]
  wpg_burst_length[5]
  wpg_burst_length[6]
  wpg_burst_length[7]
  wpg_burst_length[8]
  wpg_burst_length[9]
  wpg_st_addr[0]
  wpg_st_addr[1]
  wpg_st_addr[2]
  wpg_st_addr[3]
  wpg_st_addr[4]
  wpg_st_addr[5]
  wpg_st_addr[6]
  wpg_st_addr[7]
  wpg_st_addr[8]
  wpg_st_addr[9]
  wr_buff_wdata[0]
  wr_buff_wdata[1]
  wr_buff_wdata[2]
  wr_buff_wdata[3]
  wr_buff_wdata[4]
  wr_buff_wdata[5]
  wr_buff_wdata[6]
  wr_buff_wdata[7]
