Clock: wb_clk
Sources: wb_clk_i 
Generated: no
Virtual: yes
Propagated: no
Period: 10.000000

===========================================================================
report_clock_properties
============================================================================
Clock                   Period          Waveform
----------------------------------------------------
wb_clk               10.000000    0.000000  5.000000

===========================================================================
report_clock_latency
============================================================================
Clock wb_clk
rise -> rise
    min     max
0.000000 0.000000 source latency
0.696389         network latency _355_/CLK
        0.765972 network latency _323_/CLK
---------------
0.696389 0.765972 latency
        0.069583 skew

fall -> fall
    min     max
0.000000 0.000000 source latency
0.682126         network latency _355_/CLK
        0.736938 network latency _323_/CLK
---------------
0.682126 0.736938 latency
        0.054812 skew



===========================================================================
report_clock_min_period
============================================================================
wb_clk period_min = 6.57 fmax = 152.30
