Clock: wb_clk
Sources: wb_clk_i 
Generated: no
Virtual: yes
Propagated: no
Period: 10.000000

===========================================================================
report_clock_properties
============================================================================
Clock                   Period          Waveform
----------------------------------------------------
wb_clk               10.000000    0.000000  5.000000

===========================================================================
report_clock_latency
============================================================================
Clock wb_clk
rise -> rise
    min     max
0.000000 0.000000 source latency
0.352024         network latency _652_/CLK
        0.395203 network latency _665_/CLK
---------------
0.352024 0.395203 latency
        0.043179 skew

fall -> fall
    min     max
0.000000 0.000000 source latency
0.327766         network latency _652_/CLK
        0.359714 network latency _665_/CLK
---------------
0.327766 0.359714 latency
        0.031947 skew



===========================================================================
report_clock_min_period
============================================================================
wb_clk period_min = 2.32 fmax = 431.48
