Clock: clk
Sources: clk 
Generated: no
Virtual: yes
Propagated: no
Period: 10.000000

===========================================================================
report_clock_properties
============================================================================
Clock                   Period          Waveform
----------------------------------------------------
clk                  10.000000    0.000000  5.000000

===========================================================================
report_clock_latency
============================================================================
Clock clk
rise -> rise
    min     max
0.000000 0.000000 source latency
0.479421         network latency _0981_/CLK
        0.536011 network latency _0979_/CLK
---------------
0.479421 0.536011 latency
        0.056590 skew

fall -> fall
    min     max
0.000000 0.000000 source latency
0.435843         network latency _0981_/CLK
        0.476143 network latency _0979_/CLK
---------------
0.435843 0.476143 latency
        0.040300 skew



===========================================================================
report_clock_min_period
============================================================================
clk period_min = 1.65 fmax = 605.91
