
Magic 8.3 revision 489 - Compiled on Thu Aug 22 13:45:15 UTC 2024.
Starting magic under Tcl interpreter
Using the terminal as the console.
Using NULL graphics device.
Processing system .magicrc file
Sourcing design .magicrc for technology sky130A ...
2 Magic internal units = 1 Lambda
Input style sky130(): scaleFactor=2, multiplier=2
The following types are not handled by extraction and will be treated as non-electrical types:
    ubm 
Scaled tech values by 2 / 1 to match internal grid scaling
Loading sky130A Device Generator Menu ...
Loading "/nix/store/iah2c26wzpgdvqc1jv2xxg55xq5km74d-python3-3.11.9-env/lib/python3.11/site-packages/librelane/scripts/magic/wrapper.tcl" from command line.
Warning: Calma reading is not undoable!  I hope that's OK.
Library written using GDS-II Release 3.0
Library name: uart_ip_memory_mapped
Reading "sky130_ef_sc_hd__decap_40_12".
Reading "sky130_fd_sc_hd__decap_3".
Reading "sky130_fd_sc_hd__fill_1".
Reading "sky130_fd_sc_hd__tapvpwrvgnd_1".
Reading "sky130_fd_sc_hd__fill_4".
Reading "sky130_fd_sc_hd__fill_2".
Reading "sky130_fd_sc_hd__buf_1".
Reading "sky130_fd_sc_hd__fill_8".
Reading "sky130_fd_sc_hd__diode_2".
Reading "sky130_fd_sc_hd__clkbuf_1".
Reading "sky130_fd_sc_hd__dlygate4sd3_1".
Reading "sky130_fd_sc_hd__mux2_1".
Reading "sky130_fd_sc_hd__dfrtp_1".
Reading "sky130_fd_sc_hd__inv_2".
Reading "sky130_fd_sc_hd__a22o_1".
Reading "sky130_fd_sc_hd__and2_1".
Reading "sky130_fd_sc_hd__inv_8".
Reading "sky130_fd_sc_hd__clkbuf_8".
Reading "sky130_fd_sc_hd__dfstp_1".
Reading "sky130_fd_sc_hd__inv_6".
Reading "sky130_fd_sc_hd__clkbuf_4".
Reading "sky130_fd_sc_hd__dfstp_2".
Reading "sky130_fd_sc_hd__o21ai_1".
Reading "sky130_fd_sc_hd__dfstp_4".
Reading "sky130_fd_sc_hd__buf_4".
Reading "sky130_fd_sc_hd__nand2_1".
Reading "sky130_fd_sc_hd__a21oi_1".
Reading "sky130_fd_sc_hd__nor2_1".
Reading "sky130_fd_sc_hd__and4bb_1".
Reading "sky130_fd_sc_hd__buf_6".
Reading "sky130_fd_sc_hd__or4_1".
Reading "sky130_fd_sc_hd__and3_1".
Reading "sky130_fd_sc_hd__dfrtp_2".
Reading "sky130_fd_sc_hd__o21a_1".
Reading "sky130_fd_sc_hd__dfrtp_4".
Reading "sky130_fd_sc_hd__and2b_1".
Reading "sky130_fd_sc_hd__clkinv_1".
Reading "sky130_fd_sc_hd__nor2_2".
Reading "sky130_fd_sc_hd__a211o_2".
Reading "sky130_fd_sc_hd__and4b_1".
Reading "sky130_fd_sc_hd__xor2_1".
Reading "sky130_fd_sc_hd__a21boi_4".
Reading "sky130_fd_sc_hd__mux4_1".
Reading "sky130_fd_sc_hd__mux4_2".
Reading "sky130_fd_sc_hd__or2_1".
Reading "sky130_fd_sc_hd__nand2b_1".
Reading "sky130_fd_sc_hd__or3_1".
Reading "sky130_fd_sc_hd__o2111a_1".
Reading "sky130_fd_sc_hd__o221a_1".
Reading "sky130_fd_sc_hd__or3b_1".
Reading "sky130_fd_sc_hd__and3_2".
Reading "sky130_fd_sc_hd__and3b_1".
Reading "sky130_fd_sc_hd__nand2_2".
Reading "sky130_fd_sc_hd__or3_2".
Reading "sky130_fd_sc_hd__a21o_1".
Reading "sky130_fd_sc_hd__clkbuf_16".
Reading "sky130_fd_sc_hd__xnor2_1".
Reading "sky130_fd_sc_hd__and4_1".
Reading "sky130_fd_sc_hd__o211a_1".
Reading "sky130_fd_sc_hd__o21bai_1".
Reading "sky130_fd_sc_hd__a221o_1".
Reading "sky130_fd_sc_hd__nand3_1".
Reading "sky130_fd_sc_hd__a31o_1".
Reading "sky130_fd_sc_hd__nand4_1".
Reading "sky130_fd_sc_hd__clkinv_4".
Reading "sky130_fd_sc_hd__a41o_1".
Reading "sky130_fd_sc_hd__o21ba_1".
Reading "sky130_fd_sc_hd__bufinv_16".
Reading "sky130_fd_sc_hd__a21boi_2".
Reading "sky130_fd_sc_hd__o311a_1".
Reading "sky130_fd_sc_hd__a21bo_1".
Reading "sky130_fd_sc_hd__o2bb2a_1".
Reading "sky130_fd_sc_hd__clkinv_2".
Reading "sky130_fd_sc_hd__nand2_4".
Reading "sky130_fd_sc_hd__and2b_2".
Reading "sky130_fd_sc_hd__nor4_1".
Reading "sky130_fd_sc_hd__nor3_1".
Reading "sky130_fd_sc_hd__clkinv_8".
Reading "sky130_fd_sc_hd__and4_2".
Reading "sky130_fd_sc_hd__or4b_2".
Reading "sky130_fd_sc_hd__nor2_4".
Reading "sky130_fd_sc_hd__and2_2".
Reading "sky130_fd_sc_hd__o2111a_4".
Reading "sky130_fd_sc_hd__nand4_2".
Reading "sky130_fd_sc_hd__or2_4".
Reading "sky130_fd_sc_hd__a211o_1".
Reading "sky130_fd_sc_hd__nor3b_1".
Reading "sky130_fd_sc_hd__a21boi_1".
Reading "sky130_fd_sc_hd__nand2b_2".
Reading "sky130_fd_sc_hd__buf_8".
Reading "sky130_fd_sc_hd__and2_4".
Reading "sky130_fd_sc_hd__buf_2".
Reading "sky130_fd_sc_hd__o22a_1".
Reading "sky130_fd_sc_hd__clkinvlp_4".
Reading "sky130_fd_sc_hd__or4b_1".
Reading "sky130_fd_sc_hd__o31ai_4".
Reading "sky130_fd_sc_hd__or3_4".
Reading "sky130_fd_sc_hd__o21ai_4".
Reading "sky130_fd_sc_hd__o31a_1".
Reading "sky130_fd_sc_hd__a32o_1".
Reading "uart_ip_memory_mapped".
    5000 uses
    10000 uses
[INFO] Loading uart_ip_memory_mapped

DRC style is now "drc(full)"
Loading DRC CIF style.
No errors found.
[INFO] COUNT: 0
[INFO] Should be divided by 3 or 4
[INFO] DRC Checking DONE (/home/baungarten/Desktop/lacerta_march/openlane/UART/runs/26_03_25_18_33/65-magic-drc/reports/drc_violations.magic.rpt)
[INFO] Saving mag view with DRC errors (/home/baungarten/Desktop/lacerta_march/openlane/UART/runs/26_03_25_18_33/65-magic-drc/views/uart_ip_memory_mapped.drc.mag)
[INFO] Saved
