Clock: clk
Sources: clk 
Generated: no
Virtual: yes
Propagated: no
Period: 10.000000

===========================================================================
report_clock_properties
============================================================================
Clock                   Period          Waveform
----------------------------------------------------
clk                  10.000000    0.000000  5.000000

===========================================================================
report_clock_latency
============================================================================
Clock clk
rise -> rise
    min     max
0.000000 0.000000 source latency
1.038123         network latency _3276_/CLK
        1.095479 network latency _3241_/CLK
---------------
1.038123 1.095479 latency
        0.057357 skew

fall -> fall
    min     max
0.000000 0.000000 source latency
1.000958         network latency _3276_/CLK
        1.045301 network latency _3241_/CLK
---------------
1.000958 1.045301 latency
        0.044344 skew



===========================================================================
report_clock_min_period
============================================================================
clk period_min = 10.10 fmax = 99.04
