Clock: clk
Sources: clk 
Generated: no
Virtual: yes
Propagated: no
Period: 10.000000

===========================================================================
report_clock_properties
============================================================================
Clock                   Period          Waveform
----------------------------------------------------
clk                  10.000000    0.000000  5.000000

===========================================================================
report_clock_latency
============================================================================
Clock clk
rise -> rise
    min     max
0.000000 0.000000 source latency
0.191507         network latency _612_/CLK
        0.200771 network latency _603_/CLK
---------------
0.191507 0.200771 latency
        0.009264 skew

fall -> fall
    min     max
0.000000 0.000000 source latency
0.205521         network latency _612_/CLK
        0.212504 network latency _603_/CLK
---------------
0.205521 0.212504 latency
        0.006983 skew



===========================================================================
report_clock_min_period
============================================================================
clk period_min = 2.62 fmax = 381.81
