Clock: clk
Sources: clk 
Generated: no
Virtual: yes
Propagated: no
Period: 10.000000

===========================================================================
report_clock_properties
============================================================================
Clock                   Period          Waveform
----------------------------------------------------
clk                  10.000000    0.000000  5.000000

===========================================================================
report_clock_latency
============================================================================
Clock clk
rise -> rise
    min     max
0.000000 0.000000 source latency
0.496767         network latency _0981_/CLK
        0.559455 network latency _0979_/CLK
---------------
0.496767 0.559455 latency
        0.062688 skew

fall -> fall
    min     max
0.000000 0.000000 source latency
0.449202         network latency _0981_/CLK
        0.494129 network latency _0979_/CLK
---------------
0.449202 0.494129 latency
        0.044927 skew



===========================================================================
report_clock_min_period
============================================================================
clk period_min = 1.66 fmax = 602.79
